/Volumes/LaCieDavis/CFHTLenSmasks/W4m0m1_izrgu_finalmask_mosaic.fits
/Volumes/LaCieDavis/CFHTLenSmasks/W4m0m2_izrgu_finalmask_mosaic.fits
/Volumes/LaCieDavis/CFHTLenSmasks/W4m0p1_izrgu_finalmask_mosaic.fits
/Volumes/LaCieDavis/CFHTLenSmasks/W4m1m0_izrgu_finalmask_mosaic.fits
/Volumes/LaCieDavis/CFHTLenSmasks/W4m1m1_izrgu_finalmask_mosaic.fits
/Volumes/LaCieDavis/CFHTLenSmasks/W4m1m2_izrgu_finalmask_mosaic.fits
/Volumes/LaCieDavis/CFHTLenSmasks/W4m1p1_yzrgu_finalmask_mosaic.fits
/Volumes/LaCieDavis/CFHTLenSmasks/W4m1p2_yzrgu_finalmask_mosaic.fits
/Volumes/LaCieDavis/CFHTLenSmasks/W4m1p3_yzrgu_finalmask_mosaic.fits
/Volumes/LaCieDavis/CFHTLenSmasks/W4m2m0_izrgu_finalmask_mosaic.fits
/Volumes/LaCieDavis/CFHTLenSmasks/W4m2p1_izrgu_finalmask_mosaic.fits
/Volumes/LaCieDavis/CFHTLenSmasks/W4m2p2_yzrgu_finalmask_mosaic.fits
/Volumes/LaCieDavis/CFHTLenSmasks/W4m2p3_yzrgu_finalmask_mosaic.fits
/Volumes/LaCieDavis/CFHTLenSmasks/W4m3m0_izrgu_finalmask_mosaic.fits
/Volumes/LaCieDavis/CFHTLenSmasks/W4m3p1_izrgu_finalmask_mosaic.fits
/Volumes/LaCieDavis/CFHTLenSmasks/W4m3p2_izrgu_finalmask_mosaic.fits
/Volumes/LaCieDavis/CFHTLenSmasks/W4m3p3_yzrgu_finalmask_mosaic.fits
/Volumes/LaCieDavis/CFHTLenSmasks/W4p1m0_izrgu_finalmask_mosaic.fits
/Volumes/LaCieDavis/CFHTLenSmasks/W4p1m1_izrgu_finalmask_mosaic.fits
/Volumes/LaCieDavis/CFHTLenSmasks/W4p1m2_izrgu_finalmask_mosaic.fits
/Volumes/LaCieDavis/CFHTLenSmasks/W4p1p1_izrgu_finalmask_mosaic.fits
/Volumes/LaCieDavis/CFHTLenSmasks/W4p2m0_izrgu_finalmask_mosaic.fits
/Volumes/LaCieDavis/CFHTLenSmasks/W4p2m1_izrgu_finalmask_mosaic.fits
/Volumes/LaCieDavis/CFHTLenSmasks/W4p2m2_izrgu_finalmask_mosaic.fits
