python /Users/perseus/Dropbox/Davis_work/code/GOODCODE/weightinguniversal_overlap_sampling_nobeta_WFI2033rethought.py WFI2033 /Volumes/perseus_1/CFHTLens_galphotmstar/W2p1p1_24galphotmstar.cat  /Users/perseus/Desktop/CFHTLenSmasks/W2p1p1_izrgu_finalmask_mosaic.fits 120 IRAC deti meds
python /Users/perseus/Dropbox/Davis_work/code/GOODCODE/weightinguniversal_overlap_sampling_nobeta_WFI2033rethought.py WFI2033 /Volumes/perseus_1/CFHTLens_galphotmstar/W2p1p2_24galphotmstar.cat  /Users/perseus/Desktop/CFHTLenSmasks/W2p1p2_izrgu_finalmask_mosaic.fits 120 IRAC deti meds
python /Users/perseus/Dropbox/Davis_work/code/GOODCODE/weightinguniversal_overlap_sampling_nobeta_WFI2033rethought.py WFI2033 /Volumes/perseus_1/CFHTLens_galphotmstar/W2p1p3_24galphotmstar.cat  /Users/perseus/Desktop/CFHTLenSmasks/W2p1p3_izrgu_finalmask_mosaic.fits 120 IRAC deti meds
python /Users/perseus/Dropbox/Davis_work/code/GOODCODE/weightinguniversal_overlap_sampling_nobeta_WFI2033rethought.py WFI2033 /Volumes/perseus_1/CFHTLens_galphotmstar/W2p2m0_24galphotmstar.cat  /Users/perseus/Desktop/CFHTLenSmasks/W2p2m0_izrgu_finalmask_mosaic.fits 120 IRAC deti meds
python /Users/perseus/Dropbox/Davis_work/code/GOODCODE/weightinguniversal_overlap_sampling_nobeta_WFI2033rethought.py WFI2033 /Volumes/perseus_1/CFHTLens_galphotmstar/W2p2m1_24galphotmstar.cat  /Users/perseus/Desktop/CFHTLenSmasks/W2p2m1_izrgu_finalmask_mosaic.fits 120 IRAC deti meds
python /Users/perseus/Dropbox/Davis_work/code/GOODCODE/weightinguniversal_overlap_sampling_nobeta_WFI2033rethought.py WFI2033 /Volumes/perseus_1/CFHTLens_galphotmstar/W2p2p1_24galphotmstar.cat  /Users/perseus/Desktop/CFHTLenSmasks/W2p2p1_izrgu_finalmask_mosaic.fits 120 IRAC deti meds
python /Users/perseus/Dropbox/Davis_work/code/GOODCODE/weightinguniversal_overlap_sampling_nobeta_WFI2033rethought.py WFI2033 /Volumes/perseus_1/CFHTLens_galphotmstar/W2p2p2_24galphotmstar.cat  /Users/perseus/Desktop/CFHTLenSmasks/W2p2p2_izrgu_finalmask_mosaic.fits 120 IRAC deti meds
python /Users/perseus/Dropbox/Davis_work/code/GOODCODE/weightinguniversal_overlap_sampling_nobeta_WFI2033rethought.py WFI2033 /Volumes/perseus_1/CFHTLens_galphotmstar/W2p2p3_24galphotmstar.cat  /Users/perseus/Desktop/CFHTLenSmasks/W2p2p3_izrgu_finalmask_mosaic.fits 120 IRAC deti meds
python /Users/perseus/Dropbox/Davis_work/code/GOODCODE/weightinguniversal_overlap_sampling_nobeta_WFI2033rethought.py WFI2033 /Volumes/perseus_1/CFHTLens_galphotmstar/W2p3m0_24galphotmstar.cat  /Users/perseus/Desktop/CFHTLenSmasks/W2p3m0_izrgu_finalmask_mosaic.fits 120 IRAC deti meds
python /Users/perseus/Dropbox/Davis_work/code/GOODCODE/weightinguniversal_overlap_sampling_nobeta_WFI2033rethought.py WFI2033 /Volumes/perseus_1/CFHTLens_galphotmstar/W2p3m1_24galphotmstar.cat  /Users/perseus/Desktop/CFHTLenSmasks/W2p3m1_izrgu_finalmask_mosaic.fits 120 IRAC deti meds
python /Users/perseus/Dropbox/Davis_work/code/GOODCODE/weightinguniversal_overlap_sampling_nobeta_WFI2033rethought.py WFI2033 /Volumes/perseus_1/CFHTLens_galphotmstar/W2p3p1_24galphotmstar.cat  /Users/perseus/Desktop/CFHTLenSmasks/W2p3p1_izrgu_finalmask_mosaic.fits 120 IRAC deti meds
python /Users/perseus/Dropbox/Davis_work/code/GOODCODE/weightinguniversal_overlap_sampling_nobeta_WFI2033rethought.py WFI2033 /Volumes/perseus_1/CFHTLens_galphotmstar/W2p3p2_24galphotmstar.cat  /Users/perseus/Desktop/CFHTLenSmasks/W2p3p2_izrgu_finalmask_mosaic.fits 120 IRAC deti meds
python /Users/perseus/Dropbox/Davis_work/code/GOODCODE/weightinguniversal_overlap_sampling_nobeta_WFI2033rethought.py WFI2033 /Volumes/perseus_1/CFHTLens_galphotmstar/W2p3p3_24galphotmstar.cat  /Users/perseus/Desktop/CFHTLenSmasks/W2p3p3_izrgu_finalmask_mosaic.fits 120 IRAC deti meds
python /Users/perseus/Dropbox/Davis_work/code/GOODCODE/weightinguniversal_overlap_sampling_nobeta_WFI2033rethought.py WFI2033 /Volumes/perseus_1/CFHTLens_galphotmstar/W3m0m0_24galphotmstar.cat  /Users/perseus/Desktop/CFHTLenSmasks/W3m0m0_izrgu_finalmask_mosaic.fits 120 IRAC deti meds
python /Users/perseus/Dropbox/Davis_work/code/GOODCODE/weightinguniversal_overlap_sampling_nobeta_WFI2033rethought.py WFI2033 /Volumes/perseus_1/CFHTLens_galphotmstar/W3m0m1_24galphotmstar.cat  /Users/perseus/Desktop/CFHTLenSmasks/W3m0m1_yzrgu_finalmask_mosaic.fits 120 IRAC deti meds
python /Users/perseus/Dropbox/Davis_work/code/GOODCODE/weightinguniversal_overlap_sampling_nobeta_WFI2033rethought.py WFI2033 /Volumes/perseus_1/CFHTLens_galphotmstar/W3m0m2_24galphotmstar.cat  /Users/perseus/Desktop/CFHTLenSmasks/W3m0m2_izrgu_finalmask_mosaic.fits 120 IRAC deti meds
python /Users/perseus/Dropbox/Davis_work/code/GOODCODE/weightinguniversal_overlap_sampling_nobeta_WFI2033rethought.py WFI2033 /Volumes/perseus_1/CFHTLens_galphotmstar/W3m0m3_24galphotmstar.cat  /Users/perseus/Desktop/CFHTLenSmasks/W3m0m3_izrgu_finalmask_mosaic.fits 120 IRAC deti meds
python /Users/perseus/Dropbox/Davis_work/code/GOODCODE/weightinguniversal_overlap_sampling_nobeta_WFI2033rethought.py WFI2033 /Volumes/perseus_1/CFHTLens_galphotmstar/W3m0p1_24galphotmstar.cat  /Users/perseus/Desktop/CFHTLenSmasks/W3m0p1_izrgu_finalmask_mosaic.fits 120 IRAC deti meds
python /Users/perseus/Dropbox/Davis_work/code/GOODCODE/weightinguniversal_overlap_sampling_nobeta_WFI2033rethought.py WFI2033 /Volumes/perseus_1/CFHTLens_galphotmstar/W3m0p2_24galphotmstar.cat  /Users/perseus/Desktop/CFHTLenSmasks/W3m0p2_izrgu_finalmask_mosaic.fits 120 IRAC deti meds
python /Users/perseus/Dropbox/Davis_work/code/GOODCODE/weightinguniversal_overlap_sampling_nobeta_WFI2033rethought.py WFI2033 /Volumes/perseus_1/CFHTLens_galphotmstar/W3m0p3_24galphotmstar.cat  /Users/perseus/Desktop/CFHTLenSmasks/W3m0p3_izrgu_finalmask_mosaic.fits 120 IRAC deti meds
python /Users/perseus/Dropbox/Davis_work/code/GOODCODE/weightinguniversal_overlap_sampling_nobeta_WFI2033rethought.py WFI2033 /Volumes/perseus_1/CFHTLens_galphotmstar/W3m1m0_24galphotmstar.cat  /Users/perseus/Desktop/CFHTLenSmasks/W3m1m0_izrgu_finalmask_mosaic.fits 120 IRAC deti meds
python /Users/perseus/Dropbox/Davis_work/code/GOODCODE/weightinguniversal_overlap_sampling_nobeta_WFI2033rethought.py WFI2033 /Volumes/perseus_1/CFHTLens_galphotmstar/W3m1m1_24galphotmstar.cat  /Users/perseus/Desktop/CFHTLenSmasks/W3m1m1_izrgu_finalmask_mosaic.fits 120 IRAC deti meds
python /Users/perseus/Dropbox/Davis_work/code/GOODCODE/weightinguniversal_overlap_sampling_nobeta_WFI2033rethought.py WFI2033 /Volumes/perseus_1/CFHTLens_galphotmstar/W3m1m2_24galphotmstar.cat  /Users/perseus/Desktop/CFHTLenSmasks/W3m1m2_izrgu_finalmask_mosaic.fits 120 IRAC deti meds
python /Users/perseus/Dropbox/Davis_work/code/GOODCODE/weightinguniversal_overlap_sampling_nobeta_WFI2033rethought.py WFI2033 /Volumes/perseus_1/CFHTLens_galphotmstar/W3m1m3_24galphotmstar.cat  /Users/perseus/Desktop/CFHTLenSmasks/W3m1m3_izrgu_finalmask_mosaic.fits 120 IRAC deti meds
python /Users/perseus/Dropbox/Davis_work/code/GOODCODE/weightinguniversal_overlap_sampling_nobeta_WFI2033rethought.py WFI2033 /Volumes/perseus_1/CFHTLens_galphotmstar/W3m1p1_24galphotmstar.cat  /Users/perseus/Desktop/CFHTLenSmasks/W3m1p1_izrgu_finalmask_mosaic.fits 120 IRAC deti meds
python /Users/perseus/Dropbox/Davis_work/code/GOODCODE/weightinguniversal_overlap_sampling_nobeta_WFI2033rethought.py WFI2033 /Volumes/perseus_1/CFHTLens_galphotmstar/W3m1p2_24galphotmstar.cat  /Users/perseus/Desktop/CFHTLenSmasks/W3m1p2_izrgu_finalmask_mosaic.fits 120 IRAC deti meds
python /Users/perseus/Dropbox/Davis_work/code/GOODCODE/weightinguniversal_overlap_sampling_nobeta_WFI2033rethought.py WFI2033 /Volumes/perseus_1/CFHTLens_galphotmstar/W3m1p3_24galphotmstar.cat  /Users/perseus/Desktop/CFHTLenSmasks/W3m1p3_izrgu_finalmask_mosaic.fits 120 IRAC deti meds
python /Users/perseus/Dropbox/Davis_work/code/GOODCODE/weightinguniversal_overlap_sampling_nobeta_WFI2033rethought.py WFI2033 /Volumes/perseus_1/CFHTLens_galphotmstar/W3m2m0_24galphotmstar.cat  /Users/perseus/Desktop/CFHTLenSmasks/W3m2m0_izrgu_finalmask_mosaic.fits 120 IRAC deti meds

python /Users/perseus/Dropbox/Davis_work/code/GOODCODE/weightinguniversal_overlap_sampling_nobeta_WFI2033rethought.py WFI2033 /Volumes/perseus_1/CFHTLens_galphotmstar/W2p1p1_24galphotmstar.cat  /Users/perseus/Desktop/CFHTLenSmasks/W2p1p1_izrgu_finalmask_mosaic.fits 120 noIRAC deti meds
python /Users/perseus/Dropbox/Davis_work/code/GOODCODE/weightinguniversal_overlap_sampling_nobeta_WFI2033rethought.py WFI2033 /Volumes/perseus_1/CFHTLens_galphotmstar/W2p1p2_24galphotmstar.cat  /Users/perseus/Desktop/CFHTLenSmasks/W2p1p2_izrgu_finalmask_mosaic.fits 120 noIRAC deti meds
python /Users/perseus/Dropbox/Davis_work/code/GOODCODE/weightinguniversal_overlap_sampling_nobeta_WFI2033rethought.py WFI2033 /Volumes/perseus_1/CFHTLens_galphotmstar/W2p1p3_24galphotmstar.cat  /Users/perseus/Desktop/CFHTLenSmasks/W2p1p3_izrgu_finalmask_mosaic.fits 120 noIRAC deti meds
python /Users/perseus/Dropbox/Davis_work/code/GOODCODE/weightinguniversal_overlap_sampling_nobeta_WFI2033rethought.py WFI2033 /Volumes/perseus_1/CFHTLens_galphotmstar/W2p2m0_24galphotmstar.cat  /Users/perseus/Desktop/CFHTLenSmasks/W2p2m0_izrgu_finalmask_mosaic.fits 120 noIRAC deti meds
python /Users/perseus/Dropbox/Davis_work/code/GOODCODE/weightinguniversal_overlap_sampling_nobeta_WFI2033rethought.py WFI2033 /Volumes/perseus_1/CFHTLens_galphotmstar/W2p2m1_24galphotmstar.cat  /Users/perseus/Desktop/CFHTLenSmasks/W2p2m1_izrgu_finalmask_mosaic.fits 120 noIRAC deti meds
python /Users/perseus/Dropbox/Davis_work/code/GOODCODE/weightinguniversal_overlap_sampling_nobeta_WFI2033rethought.py WFI2033 /Volumes/perseus_1/CFHTLens_galphotmstar/W2p2p1_24galphotmstar.cat  /Users/perseus/Desktop/CFHTLenSmasks/W2p2p1_izrgu_finalmask_mosaic.fits 120 noIRAC deti meds
python /Users/perseus/Dropbox/Davis_work/code/GOODCODE/weightinguniversal_overlap_sampling_nobeta_WFI2033rethought.py WFI2033 /Volumes/perseus_1/CFHTLens_galphotmstar/W2p2p2_24galphotmstar.cat  /Users/perseus/Desktop/CFHTLenSmasks/W2p2p2_izrgu_finalmask_mosaic.fits 120 noIRAC deti meds
python /Users/perseus/Dropbox/Davis_work/code/GOODCODE/weightinguniversal_overlap_sampling_nobeta_WFI2033rethought.py WFI2033 /Volumes/perseus_1/CFHTLens_galphotmstar/W2p2p3_24galphotmstar.cat  /Users/perseus/Desktop/CFHTLenSmasks/W2p2p3_izrgu_finalmask_mosaic.fits 120 noIRAC deti meds
python /Users/perseus/Dropbox/Davis_work/code/GOODCODE/weightinguniversal_overlap_sampling_nobeta_WFI2033rethought.py WFI2033 /Volumes/perseus_1/CFHTLens_galphotmstar/W2p3m0_24galphotmstar.cat  /Users/perseus/Desktop/CFHTLenSmasks/W2p3m0_izrgu_finalmask_mosaic.fits 120 noIRAC deti meds
python /Users/perseus/Dropbox/Davis_work/code/GOODCODE/weightinguniversal_overlap_sampling_nobeta_WFI2033rethought.py WFI2033 /Volumes/perseus_1/CFHTLens_galphotmstar/W2p3m1_24galphotmstar.cat  /Users/perseus/Desktop/CFHTLenSmasks/W2p3m1_izrgu_finalmask_mosaic.fits 120 noIRAC deti meds
python /Users/perseus/Dropbox/Davis_work/code/GOODCODE/weightinguniversal_overlap_sampling_nobeta_WFI2033rethought.py WFI2033 /Volumes/perseus_1/CFHTLens_galphotmstar/W2p3p1_24galphotmstar.cat  /Users/perseus/Desktop/CFHTLenSmasks/W2p3p1_izrgu_finalmask_mosaic.fits 120 noIRAC deti meds
python /Users/perseus/Dropbox/Davis_work/code/GOODCODE/weightinguniversal_overlap_sampling_nobeta_WFI2033rethought.py WFI2033 /Volumes/perseus_1/CFHTLens_galphotmstar/W2p3p2_24galphotmstar.cat  /Users/perseus/Desktop/CFHTLenSmasks/W2p3p2_izrgu_finalmask_mosaic.fits 120 noIRAC deti meds
python /Users/perseus/Dropbox/Davis_work/code/GOODCODE/weightinguniversal_overlap_sampling_nobeta_WFI2033rethought.py WFI2033 /Volumes/perseus_1/CFHTLens_galphotmstar/W2p3p3_24galphotmstar.cat  /Users/perseus/Desktop/CFHTLenSmasks/W2p3p3_izrgu_finalmask_mosaic.fits 120 noIRAC deti meds
python /Users/perseus/Dropbox/Davis_work/code/GOODCODE/weightinguniversal_overlap_sampling_nobeta_WFI2033rethought.py WFI2033 /Volumes/perseus_1/CFHTLens_galphotmstar/W3m0m0_24galphotmstar.cat  /Users/perseus/Desktop/CFHTLenSmasks/W3m0m0_izrgu_finalmask_mosaic.fits 120 noIRAC deti meds
python /Users/perseus/Dropbox/Davis_work/code/GOODCODE/weightinguniversal_overlap_sampling_nobeta_WFI2033rethought.py WFI2033 /Volumes/perseus_1/CFHTLens_galphotmstar/W3m0m1_24galphotmstar.cat  /Users/perseus/Desktop/CFHTLenSmasks/W3m0m1_yzrgu_finalmask_mosaic.fits 120 noIRAC deti meds
python /Users/perseus/Dropbox/Davis_work/code/GOODCODE/weightinguniversal_overlap_sampling_nobeta_WFI2033rethought.py WFI2033 /Volumes/perseus_1/CFHTLens_galphotmstar/W3m0m2_24galphotmstar.cat  /Users/perseus/Desktop/CFHTLenSmasks/W3m0m2_izrgu_finalmask_mosaic.fits 120 noIRAC deti meds
python /Users/perseus/Dropbox/Davis_work/code/GOODCODE/weightinguniversal_overlap_sampling_nobeta_WFI2033rethought.py WFI2033 /Volumes/perseus_1/CFHTLens_galphotmstar/W3m0m3_24galphotmstar.cat  /Users/perseus/Desktop/CFHTLenSmasks/W3m0m3_izrgu_finalmask_mosaic.fits 120 noIRAC deti meds
python /Users/perseus/Dropbox/Davis_work/code/GOODCODE/weightinguniversal_overlap_sampling_nobeta_WFI2033rethought.py WFI2033 /Volumes/perseus_1/CFHTLens_galphotmstar/W3m0p1_24galphotmstar.cat  /Users/perseus/Desktop/CFHTLenSmasks/W3m0p1_izrgu_finalmask_mosaic.fits 120 noIRAC deti meds
python /Users/perseus/Dropbox/Davis_work/code/GOODCODE/weightinguniversal_overlap_sampling_nobeta_WFI2033rethought.py WFI2033 /Volumes/perseus_1/CFHTLens_galphotmstar/W3m0p2_24galphotmstar.cat  /Users/perseus/Desktop/CFHTLenSmasks/W3m0p2_izrgu_finalmask_mosaic.fits 120 noIRAC deti meds
python /Users/perseus/Dropbox/Davis_work/code/GOODCODE/weightinguniversal_overlap_sampling_nobeta_WFI2033rethought.py WFI2033 /Volumes/perseus_1/CFHTLens_galphotmstar/W3m0p3_24galphotmstar.cat  /Users/perseus/Desktop/CFHTLenSmasks/W3m0p3_izrgu_finalmask_mosaic.fits 120 noIRAC deti meds
python /Users/perseus/Dropbox/Davis_work/code/GOODCODE/weightinguniversal_overlap_sampling_nobeta_WFI2033rethought.py WFI2033 /Volumes/perseus_1/CFHTLens_galphotmstar/W3m1m0_24galphotmstar.cat  /Users/perseus/Desktop/CFHTLenSmasks/W3m1m0_izrgu_finalmask_mosaic.fits 120 noIRAC deti meds
python /Users/perseus/Dropbox/Davis_work/code/GOODCODE/weightinguniversal_overlap_sampling_nobeta_WFI2033rethought.py WFI2033 /Volumes/perseus_1/CFHTLens_galphotmstar/W3m1m1_24galphotmstar.cat  /Users/perseus/Desktop/CFHTLenSmasks/W3m1m1_izrgu_finalmask_mosaic.fits 120 noIRAC deti meds
python /Users/perseus/Dropbox/Davis_work/code/GOODCODE/weightinguniversal_overlap_sampling_nobeta_WFI2033rethought.py WFI2033 /Volumes/perseus_1/CFHTLens_galphotmstar/W3m1m2_24galphotmstar.cat  /Users/perseus/Desktop/CFHTLenSmasks/W3m1m2_izrgu_finalmask_mosaic.fits 120 noIRAC deti meds
python /Users/perseus/Dropbox/Davis_work/code/GOODCODE/weightinguniversal_overlap_sampling_nobeta_WFI2033rethought.py WFI2033 /Volumes/perseus_1/CFHTLens_galphotmstar/W3m1m3_24galphotmstar.cat  /Users/perseus/Desktop/CFHTLenSmasks/W3m1m3_izrgu_finalmask_mosaic.fits 120 noIRAC deti meds
python /Users/perseus/Dropbox/Davis_work/code/GOODCODE/weightinguniversal_overlap_sampling_nobeta_WFI2033rethought.py WFI2033 /Volumes/perseus_1/CFHTLens_galphotmstar/W3m1p1_24galphotmstar.cat  /Users/perseus/Desktop/CFHTLenSmasks/W3m1p1_izrgu_finalmask_mosaic.fits 120 noIRAC deti meds
python /Users/perseus/Dropbox/Davis_work/code/GOODCODE/weightinguniversal_overlap_sampling_nobeta_WFI2033rethought.py WFI2033 /Volumes/perseus_1/CFHTLens_galphotmstar/W3m1p2_24galphotmstar.cat  /Users/perseus/Desktop/CFHTLenSmasks/W3m1p2_izrgu_finalmask_mosaic.fits 120 noIRAC deti meds
python /Users/perseus/Dropbox/Davis_work/code/GOODCODE/weightinguniversal_overlap_sampling_nobeta_WFI2033rethought.py WFI2033 /Volumes/perseus_1/CFHTLens_galphotmstar/W3m1p3_24galphotmstar.cat  /Users/perseus/Desktop/CFHTLenSmasks/W3m1p3_izrgu_finalmask_mosaic.fits 120 noIRAC deti meds
python /Users/perseus/Dropbox/Davis_work/code/GOODCODE/weightinguniversal_overlap_sampling_nobeta_WFI2033rethought.py WFI2033 /Volumes/perseus_1/CFHTLens_galphotmstar/W3m2m0_24galphotmstar.cat  /Users/perseus/Desktop/CFHTLenSmasks/W3m2m0_izrgu_finalmask_mosaic.fits 120 noIRAC deti meds

python /Users/perseus/Dropbox/Davis_work/code/GOODCODE/weightinguniversal_overlap_sampling_nobeta_WFI2033rethought.py WFI2033 /Volumes/perseus_1/CFHTLens_galphotmstar/W2p1p1_24galphotmstar.cat  /Users/perseus/Desktop/CFHTLenSmasks/W2p1p1_izrgu_finalmask_mosaic.fits 120 IRAC detir meds
python /Users/perseus/Dropbox/Davis_work/code/GOODCODE/weightinguniversal_overlap_sampling_nobeta_WFI2033rethought.py WFI2033 /Volumes/perseus_1/CFHTLens_galphotmstar/W2p1p2_24galphotmstar.cat  /Users/perseus/Desktop/CFHTLenSmasks/W2p1p2_izrgu_finalmask_mosaic.fits 120 IRAC detir meds
python /Users/perseus/Dropbox/Davis_work/code/GOODCODE/weightinguniversal_overlap_sampling_nobeta_WFI2033rethought.py WFI2033 /Volumes/perseus_1/CFHTLens_galphotmstar/W2p1p3_24galphotmstar.cat  /Users/perseus/Desktop/CFHTLenSmasks/W2p1p3_izrgu_finalmask_mosaic.fits 120 IRAC detir meds
python /Users/perseus/Dropbox/Davis_work/code/GOODCODE/weightinguniversal_overlap_sampling_nobeta_WFI2033rethought.py WFI2033 /Volumes/perseus_1/CFHTLens_galphotmstar/W2p2m0_24galphotmstar.cat  /Users/perseus/Desktop/CFHTLenSmasks/W2p2m0_izrgu_finalmask_mosaic.fits 120 IRAC detir meds
python /Users/perseus/Dropbox/Davis_work/code/GOODCODE/weightinguniversal_overlap_sampling_nobeta_WFI2033rethought.py WFI2033 /Volumes/perseus_1/CFHTLens_galphotmstar/W2p2m1_24galphotmstar.cat  /Users/perseus/Desktop/CFHTLenSmasks/W2p2m1_izrgu_finalmask_mosaic.fits 120 IRAC detir meds
python /Users/perseus/Dropbox/Davis_work/code/GOODCODE/weightinguniversal_overlap_sampling_nobeta_WFI2033rethought.py WFI2033 /Volumes/perseus_1/CFHTLens_galphotmstar/W2p2p1_24galphotmstar.cat  /Users/perseus/Desktop/CFHTLenSmasks/W2p2p1_izrgu_finalmask_mosaic.fits 120 IRAC detir meds
python /Users/perseus/Dropbox/Davis_work/code/GOODCODE/weightinguniversal_overlap_sampling_nobeta_WFI2033rethought.py WFI2033 /Volumes/perseus_1/CFHTLens_galphotmstar/W2p2p2_24galphotmstar.cat  /Users/perseus/Desktop/CFHTLenSmasks/W2p2p2_izrgu_finalmask_mosaic.fits 120 IRAC detir meds
python /Users/perseus/Dropbox/Davis_work/code/GOODCODE/weightinguniversal_overlap_sampling_nobeta_WFI2033rethought.py WFI2033 /Volumes/perseus_1/CFHTLens_galphotmstar/W2p2p3_24galphotmstar.cat  /Users/perseus/Desktop/CFHTLenSmasks/W2p2p3_izrgu_finalmask_mosaic.fits 120 IRAC detir meds
python /Users/perseus/Dropbox/Davis_work/code/GOODCODE/weightinguniversal_overlap_sampling_nobeta_WFI2033rethought.py WFI2033 /Volumes/perseus_1/CFHTLens_galphotmstar/W2p3m0_24galphotmstar.cat  /Users/perseus/Desktop/CFHTLenSmasks/W2p3m0_izrgu_finalmask_mosaic.fits 120 IRAC detir meds
python /Users/perseus/Dropbox/Davis_work/code/GOODCODE/weightinguniversal_overlap_sampling_nobeta_WFI2033rethought.py WFI2033 /Volumes/perseus_1/CFHTLens_galphotmstar/W2p3m1_24galphotmstar.cat  /Users/perseus/Desktop/CFHTLenSmasks/W2p3m1_izrgu_finalmask_mosaic.fits 120 IRAC detir meds
python /Users/perseus/Dropbox/Davis_work/code/GOODCODE/weightinguniversal_overlap_sampling_nobeta_WFI2033rethought.py WFI2033 /Volumes/perseus_1/CFHTLens_galphotmstar/W2p3p1_24galphotmstar.cat  /Users/perseus/Desktop/CFHTLenSmasks/W2p3p1_izrgu_finalmask_mosaic.fits 120 IRAC detir meds
python /Users/perseus/Dropbox/Davis_work/code/GOODCODE/weightinguniversal_overlap_sampling_nobeta_WFI2033rethought.py WFI2033 /Volumes/perseus_1/CFHTLens_galphotmstar/W2p3p2_24galphotmstar.cat  /Users/perseus/Desktop/CFHTLenSmasks/W2p3p2_izrgu_finalmask_mosaic.fits 120 IRAC detir meds
python /Users/perseus/Dropbox/Davis_work/code/GOODCODE/weightinguniversal_overlap_sampling_nobeta_WFI2033rethought.py WFI2033 /Volumes/perseus_1/CFHTLens_galphotmstar/W2p3p3_24galphotmstar.cat  /Users/perseus/Desktop/CFHTLenSmasks/W2p3p3_izrgu_finalmask_mosaic.fits 120 IRAC detir meds
python /Users/perseus/Dropbox/Davis_work/code/GOODCODE/weightinguniversal_overlap_sampling_nobeta_WFI2033rethought.py WFI2033 /Volumes/perseus_1/CFHTLens_galphotmstar/W3m0m0_24galphotmstar.cat  /Users/perseus/Desktop/CFHTLenSmasks/W3m0m0_izrgu_finalmask_mosaic.fits 120 IRAC detir meds
python /Users/perseus/Dropbox/Davis_work/code/GOODCODE/weightinguniversal_overlap_sampling_nobeta_WFI2033rethought.py WFI2033 /Volumes/perseus_1/CFHTLens_galphotmstar/W3m0m1_24galphotmstar.cat  /Users/perseus/Desktop/CFHTLenSmasks/W3m0m1_yzrgu_finalmask_mosaic.fits 120 IRAC detir meds
python /Users/perseus/Dropbox/Davis_work/code/GOODCODE/weightinguniversal_overlap_sampling_nobeta_WFI2033rethought.py WFI2033 /Volumes/perseus_1/CFHTLens_galphotmstar/W3m0m2_24galphotmstar.cat  /Users/perseus/Desktop/CFHTLenSmasks/W3m0m2_izrgu_finalmask_mosaic.fits 120 IRAC detir meds
python /Users/perseus/Dropbox/Davis_work/code/GOODCODE/weightinguniversal_overlap_sampling_nobeta_WFI2033rethought.py WFI2033 /Volumes/perseus_1/CFHTLens_galphotmstar/W3m0m3_24galphotmstar.cat  /Users/perseus/Desktop/CFHTLenSmasks/W3m0m3_izrgu_finalmask_mosaic.fits 120 IRAC detir meds
python /Users/perseus/Dropbox/Davis_work/code/GOODCODE/weightinguniversal_overlap_sampling_nobeta_WFI2033rethought.py WFI2033 /Volumes/perseus_1/CFHTLens_galphotmstar/W3m0p1_24galphotmstar.cat  /Users/perseus/Desktop/CFHTLenSmasks/W3m0p1_izrgu_finalmask_mosaic.fits 120 IRAC detir meds
python /Users/perseus/Dropbox/Davis_work/code/GOODCODE/weightinguniversal_overlap_sampling_nobeta_WFI2033rethought.py WFI2033 /Volumes/perseus_1/CFHTLens_galphotmstar/W3m0p2_24galphotmstar.cat  /Users/perseus/Desktop/CFHTLenSmasks/W3m0p2_izrgu_finalmask_mosaic.fits 120 IRAC detir meds
python /Users/perseus/Dropbox/Davis_work/code/GOODCODE/weightinguniversal_overlap_sampling_nobeta_WFI2033rethought.py WFI2033 /Volumes/perseus_1/CFHTLens_galphotmstar/W3m0p3_24galphotmstar.cat  /Users/perseus/Desktop/CFHTLenSmasks/W3m0p3_izrgu_finalmask_mosaic.fits 120 IRAC detir meds
python /Users/perseus/Dropbox/Davis_work/code/GOODCODE/weightinguniversal_overlap_sampling_nobeta_WFI2033rethought.py WFI2033 /Volumes/perseus_1/CFHTLens_galphotmstar/W3m1m0_24galphotmstar.cat  /Users/perseus/Desktop/CFHTLenSmasks/W3m1m0_izrgu_finalmask_mosaic.fits 120 IRAC detir meds
python /Users/perseus/Dropbox/Davis_work/code/GOODCODE/weightinguniversal_overlap_sampling_nobeta_WFI2033rethought.py WFI2033 /Volumes/perseus_1/CFHTLens_galphotmstar/W3m1m1_24galphotmstar.cat  /Users/perseus/Desktop/CFHTLenSmasks/W3m1m1_izrgu_finalmask_mosaic.fits 120 IRAC detir meds
python /Users/perseus/Dropbox/Davis_work/code/GOODCODE/weightinguniversal_overlap_sampling_nobeta_WFI2033rethought.py WFI2033 /Volumes/perseus_1/CFHTLens_galphotmstar/W3m1m2_24galphotmstar.cat  /Users/perseus/Desktop/CFHTLenSmasks/W3m1m2_izrgu_finalmask_mosaic.fits 120 IRAC detir meds
python /Users/perseus/Dropbox/Davis_work/code/GOODCODE/weightinguniversal_overlap_sampling_nobeta_WFI2033rethought.py WFI2033 /Volumes/perseus_1/CFHTLens_galphotmstar/W3m1m3_24galphotmstar.cat  /Users/perseus/Desktop/CFHTLenSmasks/W3m1m3_izrgu_finalmask_mosaic.fits 120 IRAC detir meds
python /Users/perseus/Dropbox/Davis_work/code/GOODCODE/weightinguniversal_overlap_sampling_nobeta_WFI2033rethought.py WFI2033 /Volumes/perseus_1/CFHTLens_galphotmstar/W3m1p1_24galphotmstar.cat  /Users/perseus/Desktop/CFHTLenSmasks/W3m1p1_izrgu_finalmask_mosaic.fits 120 IRAC detir meds
python /Users/perseus/Dropbox/Davis_work/code/GOODCODE/weightinguniversal_overlap_sampling_nobeta_WFI2033rethought.py WFI2033 /Volumes/perseus_1/CFHTLens_galphotmstar/W3m1p2_24galphotmstar.cat  /Users/perseus/Desktop/CFHTLenSmasks/W3m1p2_izrgu_finalmask_mosaic.fits 120 IRAC detir meds
python /Users/perseus/Dropbox/Davis_work/code/GOODCODE/weightinguniversal_overlap_sampling_nobeta_WFI2033rethought.py WFI2033 /Volumes/perseus_1/CFHTLens_galphotmstar/W3m1p3_24galphotmstar.cat  /Users/perseus/Desktop/CFHTLenSmasks/W3m1p3_izrgu_finalmask_mosaic.fits 120 IRAC detir meds
python /Users/perseus/Dropbox/Davis_work/code/GOODCODE/weightinguniversal_overlap_sampling_nobeta_WFI2033rethought.py WFI2033 /Volumes/perseus_1/CFHTLens_galphotmstar/W3m2m0_24galphotmstar.cat  /Users/perseus/Desktop/CFHTLenSmasks/W3m2m0_izrgu_finalmask_mosaic.fits 120 IRAC detir meds

python /Users/perseus/Dropbox/Davis_work/code/GOODCODE/weightinguniversal_overlap_sampling_nobeta_WFI2033rethought.py WFI2033 /Volumes/perseus_1/CFHTLens_galphotmstar/W2p1p1_24galphotmstar.cat  /Users/perseus/Desktop/CFHTLenSmasks/W2p1p1_izrgu_finalmask_mosaic.fits 120 noIRAC detir meds
python /Users/perseus/Dropbox/Davis_work/code/GOODCODE/weightinguniversal_overlap_sampling_nobeta_WFI2033rethought.py WFI2033 /Volumes/perseus_1/CFHTLens_galphotmstar/W2p1p2_24galphotmstar.cat  /Users/perseus/Desktop/CFHTLenSmasks/W2p1p2_izrgu_finalmask_mosaic.fits 120 noIRAC detir meds
python /Users/perseus/Dropbox/Davis_work/code/GOODCODE/weightinguniversal_overlap_sampling_nobeta_WFI2033rethought.py WFI2033 /Volumes/perseus_1/CFHTLens_galphotmstar/W2p1p3_24galphotmstar.cat  /Users/perseus/Desktop/CFHTLenSmasks/W2p1p3_izrgu_finalmask_mosaic.fits 120 noIRAC detir meds
python /Users/perseus/Dropbox/Davis_work/code/GOODCODE/weightinguniversal_overlap_sampling_nobeta_WFI2033rethought.py WFI2033 /Volumes/perseus_1/CFHTLens_galphotmstar/W2p2m0_24galphotmstar.cat  /Users/perseus/Desktop/CFHTLenSmasks/W2p2m0_izrgu_finalmask_mosaic.fits 120 noIRAC detir meds
python /Users/perseus/Dropbox/Davis_work/code/GOODCODE/weightinguniversal_overlap_sampling_nobeta_WFI2033rethought.py WFI2033 /Volumes/perseus_1/CFHTLens_galphotmstar/W2p2m1_24galphotmstar.cat  /Users/perseus/Desktop/CFHTLenSmasks/W2p2m1_izrgu_finalmask_mosaic.fits 120 noIRAC detir meds
python /Users/perseus/Dropbox/Davis_work/code/GOODCODE/weightinguniversal_overlap_sampling_nobeta_WFI2033rethought.py WFI2033 /Volumes/perseus_1/CFHTLens_galphotmstar/W2p2p1_24galphotmstar.cat  /Users/perseus/Desktop/CFHTLenSmasks/W2p2p1_izrgu_finalmask_mosaic.fits 120 noIRAC detir meds
python /Users/perseus/Dropbox/Davis_work/code/GOODCODE/weightinguniversal_overlap_sampling_nobeta_WFI2033rethought.py WFI2033 /Volumes/perseus_1/CFHTLens_galphotmstar/W2p2p2_24galphotmstar.cat  /Users/perseus/Desktop/CFHTLenSmasks/W2p2p2_izrgu_finalmask_mosaic.fits 120 noIRAC detir meds
python /Users/perseus/Dropbox/Davis_work/code/GOODCODE/weightinguniversal_overlap_sampling_nobeta_WFI2033rethought.py WFI2033 /Volumes/perseus_1/CFHTLens_galphotmstar/W2p2p3_24galphotmstar.cat  /Users/perseus/Desktop/CFHTLenSmasks/W2p2p3_izrgu_finalmask_mosaic.fits 120 noIRAC detir meds
python /Users/perseus/Dropbox/Davis_work/code/GOODCODE/weightinguniversal_overlap_sampling_nobeta_WFI2033rethought.py WFI2033 /Volumes/perseus_1/CFHTLens_galphotmstar/W2p3m0_24galphotmstar.cat  /Users/perseus/Desktop/CFHTLenSmasks/W2p3m0_izrgu_finalmask_mosaic.fits 120 noIRAC detir meds
python /Users/perseus/Dropbox/Davis_work/code/GOODCODE/weightinguniversal_overlap_sampling_nobeta_WFI2033rethought.py WFI2033 /Volumes/perseus_1/CFHTLens_galphotmstar/W2p3m1_24galphotmstar.cat  /Users/perseus/Desktop/CFHTLenSmasks/W2p3m1_izrgu_finalmask_mosaic.fits 120 noIRAC detir meds
python /Users/perseus/Dropbox/Davis_work/code/GOODCODE/weightinguniversal_overlap_sampling_nobeta_WFI2033rethought.py WFI2033 /Volumes/perseus_1/CFHTLens_galphotmstar/W2p3p1_24galphotmstar.cat  /Users/perseus/Desktop/CFHTLenSmasks/W2p3p1_izrgu_finalmask_mosaic.fits 120 noIRAC detir meds
python /Users/perseus/Dropbox/Davis_work/code/GOODCODE/weightinguniversal_overlap_sampling_nobeta_WFI2033rethought.py WFI2033 /Volumes/perseus_1/CFHTLens_galphotmstar/W2p3p2_24galphotmstar.cat  /Users/perseus/Desktop/CFHTLenSmasks/W2p3p2_izrgu_finalmask_mosaic.fits 120 noIRAC detir meds
python /Users/perseus/Dropbox/Davis_work/code/GOODCODE/weightinguniversal_overlap_sampling_nobeta_WFI2033rethought.py WFI2033 /Volumes/perseus_1/CFHTLens_galphotmstar/W2p3p3_24galphotmstar.cat  /Users/perseus/Desktop/CFHTLenSmasks/W2p3p3_izrgu_finalmask_mosaic.fits 120 noIRAC detir meds
python /Users/perseus/Dropbox/Davis_work/code/GOODCODE/weightinguniversal_overlap_sampling_nobeta_WFI2033rethought.py WFI2033 /Volumes/perseus_1/CFHTLens_galphotmstar/W3m0m0_24galphotmstar.cat  /Users/perseus/Desktop/CFHTLenSmasks/W3m0m0_izrgu_finalmask_mosaic.fits 120 noIRAC detir meds
python /Users/perseus/Dropbox/Davis_work/code/GOODCODE/weightinguniversal_overlap_sampling_nobeta_WFI2033rethought.py WFI2033 /Volumes/perseus_1/CFHTLens_galphotmstar/W3m0m1_24galphotmstar.cat  /Users/perseus/Desktop/CFHTLenSmasks/W3m0m1_yzrgu_finalmask_mosaic.fits 120 noIRAC detir meds
python /Users/perseus/Dropbox/Davis_work/code/GOODCODE/weightinguniversal_overlap_sampling_nobeta_WFI2033rethought.py WFI2033 /Volumes/perseus_1/CFHTLens_galphotmstar/W3m0m2_24galphotmstar.cat  /Users/perseus/Desktop/CFHTLenSmasks/W3m0m2_izrgu_finalmask_mosaic.fits 120 noIRAC detir meds
python /Users/perseus/Dropbox/Davis_work/code/GOODCODE/weightinguniversal_overlap_sampling_nobeta_WFI2033rethought.py WFI2033 /Volumes/perseus_1/CFHTLens_galphotmstar/W3m0m3_24galphotmstar.cat  /Users/perseus/Desktop/CFHTLenSmasks/W3m0m3_izrgu_finalmask_mosaic.fits 120 noIRAC detir meds
python /Users/perseus/Dropbox/Davis_work/code/GOODCODE/weightinguniversal_overlap_sampling_nobeta_WFI2033rethought.py WFI2033 /Volumes/perseus_1/CFHTLens_galphotmstar/W3m0p1_24galphotmstar.cat  /Users/perseus/Desktop/CFHTLenSmasks/W3m0p1_izrgu_finalmask_mosaic.fits 120 noIRAC detir meds
python /Users/perseus/Dropbox/Davis_work/code/GOODCODE/weightinguniversal_overlap_sampling_nobeta_WFI2033rethought.py WFI2033 /Volumes/perseus_1/CFHTLens_galphotmstar/W3m0p2_24galphotmstar.cat  /Users/perseus/Desktop/CFHTLenSmasks/W3m0p2_izrgu_finalmask_mosaic.fits 120 noIRAC detir meds
python /Users/perseus/Dropbox/Davis_work/code/GOODCODE/weightinguniversal_overlap_sampling_nobeta_WFI2033rethought.py WFI2033 /Volumes/perseus_1/CFHTLens_galphotmstar/W3m0p3_24galphotmstar.cat  /Users/perseus/Desktop/CFHTLenSmasks/W3m0p3_izrgu_finalmask_mosaic.fits 120 noIRAC detir meds
python /Users/perseus/Dropbox/Davis_work/code/GOODCODE/weightinguniversal_overlap_sampling_nobeta_WFI2033rethought.py WFI2033 /Volumes/perseus_1/CFHTLens_galphotmstar/W3m1m0_24galphotmstar.cat  /Users/perseus/Desktop/CFHTLenSmasks/W3m1m0_izrgu_finalmask_mosaic.fits 120 noIRAC detir meds
python /Users/perseus/Dropbox/Davis_work/code/GOODCODE/weightinguniversal_overlap_sampling_nobeta_WFI2033rethought.py WFI2033 /Volumes/perseus_1/CFHTLens_galphotmstar/W3m1m1_24galphotmstar.cat  /Users/perseus/Desktop/CFHTLenSmasks/W3m1m1_izrgu_finalmask_mosaic.fits 120 noIRAC detir meds
python /Users/perseus/Dropbox/Davis_work/code/GOODCODE/weightinguniversal_overlap_sampling_nobeta_WFI2033rethought.py WFI2033 /Volumes/perseus_1/CFHTLens_galphotmstar/W3m1m2_24galphotmstar.cat  /Users/perseus/Desktop/CFHTLenSmasks/W3m1m2_izrgu_finalmask_mosaic.fits 120 noIRAC detir meds
python /Users/perseus/Dropbox/Davis_work/code/GOODCODE/weightinguniversal_overlap_sampling_nobeta_WFI2033rethought.py WFI2033 /Volumes/perseus_1/CFHTLens_galphotmstar/W3m1m3_24galphotmstar.cat  /Users/perseus/Desktop/CFHTLenSmasks/W3m1m3_izrgu_finalmask_mosaic.fits 120 noIRAC detir meds
python /Users/perseus/Dropbox/Davis_work/code/GOODCODE/weightinguniversal_overlap_sampling_nobeta_WFI2033rethought.py WFI2033 /Volumes/perseus_1/CFHTLens_galphotmstar/W3m1p1_24galphotmstar.cat  /Users/perseus/Desktop/CFHTLenSmasks/W3m1p1_izrgu_finalmask_mosaic.fits 120 noIRAC detir meds
python /Users/perseus/Dropbox/Davis_work/code/GOODCODE/weightinguniversal_overlap_sampling_nobeta_WFI2033rethought.py WFI2033 /Volumes/perseus_1/CFHTLens_galphotmstar/W3m1p2_24galphotmstar.cat  /Users/perseus/Desktop/CFHTLenSmasks/W3m1p2_izrgu_finalmask_mosaic.fits 120 noIRAC detir meds
python /Users/perseus/Dropbox/Davis_work/code/GOODCODE/weightinguniversal_overlap_sampling_nobeta_WFI2033rethought.py WFI2033 /Volumes/perseus_1/CFHTLens_galphotmstar/W3m1p3_24galphotmstar.cat  /Users/perseus/Desktop/CFHTLenSmasks/W3m1p3_izrgu_finalmask_mosaic.fits 120 noIRAC detir meds
python /Users/perseus/Dropbox/Davis_work/code/GOODCODE/weightinguniversal_overlap_sampling_nobeta_WFI2033rethought.py WFI2033 /Volumes/perseus_1/CFHTLens_galphotmstar/W3m2m0_24galphotmstar.cat  /Users/perseus/Desktop/CFHTLenSmasks/W3m2m0_izrgu_finalmask_mosaic.fits 120 noIRAC detir meds
