       python /Users/perseus/Dropbox/Davis_work/code/GOODCODE/weightinguniversal_overlap_sampling_nobeta_WFI2033nochanges.py WFI2033 /Volumes/perseus_1/CFHTLens_galphotmstar/W1m0m0_24galphotmstar.cat  /Users/perseus/Desktop/CFHTLenSmasks/W1m0m0_izrgu_finalmask_mosaic.fits 45 IRAC deti meds
       python /Users/perseus/Dropbox/Davis_work/code/GOODCODE/weightinguniversal_overlap_sampling_nobeta_WFI2033nochanges.py WFI2033 /Volumes/perseus_1/CFHTLens_galphotmstar/W1m0m1_24galphotmstar.cat  /Users/perseus/Desktop/CFHTLenSmasks/W1m0m1_izrgu_finalmask_mosaic.fits 45 IRAC deti meds
       python /Users/perseus/Dropbox/Davis_work/code/GOODCODE/weightinguniversal_overlap_sampling_nobeta_WFI2033nochanges.py WFI2033 /Volumes/perseus_1/CFHTLens_galphotmstar/W1m0m2_24galphotmstar.cat  /Users/perseus/Desktop/CFHTLenSmasks/W1m0m2_izrgu_finalmask_mosaic.fits 45 IRAC deti meds
       python /Users/perseus/Dropbox/Davis_work/code/GOODCODE/weightinguniversal_overlap_sampling_nobeta_WFI2033nochanges.py WFI2033 /Volumes/perseus_1/CFHTLens_galphotmstar/W1m0m3_24galphotmstar.cat  /Users/perseus/Desktop/CFHTLenSmasks/W1m0m3_izrgu_finalmask_mosaic.fits 45 IRAC deti meds
       python /Users/perseus/Dropbox/Davis_work/code/GOODCODE/weightinguniversal_overlap_sampling_nobeta_WFI2033nochanges.py WFI2033 /Volumes/perseus_1/CFHTLens_galphotmstar/W1m0m4_24galphotmstar.cat  /Users/perseus/Desktop/CFHTLenSmasks/W1m0m4_yzrgu_finalmask_mosaic.fits 45 IRAC deti meds
       python /Users/perseus/Dropbox/Davis_work/code/GOODCODE/weightinguniversal_overlap_sampling_nobeta_WFI2033nochanges.py WFI2033 /Volumes/perseus_1/CFHTLens_galphotmstar/W1m0p1_24galphotmstar.cat  /Users/perseus/Desktop/CFHTLenSmasks/W1m0p1_izrgu_finalmask_mosaic.fits 45 IRAC deti meds
       python /Users/perseus/Dropbox/Davis_work/code/GOODCODE/weightinguniversal_overlap_sampling_nobeta_WFI2033nochanges.py WFI2033 /Volumes/perseus_1/CFHTLens_galphotmstar/W1m0p2_24galphotmstar.cat  /Users/perseus/Desktop/CFHTLenSmasks/W1m0p2_izrgu_finalmask_mosaic.fits 45 IRAC deti meds
       python /Users/perseus/Dropbox/Davis_work/code/GOODCODE/weightinguniversal_overlap_sampling_nobeta_WFI2033nochanges.py WFI2033 /Volumes/perseus_1/CFHTLens_galphotmstar/W1m0p3_24galphotmstar.cat  /Users/perseus/Desktop/CFHTLenSmasks/W1m0p3_izrgu_finalmask_mosaic.fits 45 IRAC deti meds
       python /Users/perseus/Dropbox/Davis_work/code/GOODCODE/weightinguniversal_overlap_sampling_nobeta_WFI2033nochanges.py WFI2033 /Volumes/perseus_1/CFHTLens_galphotmstar/W1m1m0_24galphotmstar.cat  /Users/perseus/Desktop/CFHTLenSmasks/W1m1m0_izrgu_finalmask_mosaic.fits 45 IRAC deti meds
       python /Users/perseus/Dropbox/Davis_work/code/GOODCODE/weightinguniversal_overlap_sampling_nobeta_WFI2033nochanges.py WFI2033 /Volumes/perseus_1/CFHTLens_galphotmstar/W1m1m1_24galphotmstar.cat  /Users/perseus/Desktop/CFHTLenSmasks/W1m1m1_izrgu_finalmask_mosaic.fits 45 IRAC deti meds
       python /Users/perseus/Dropbox/Davis_work/code/GOODCODE/weightinguniversal_overlap_sampling_nobeta_WFI2033nochanges.py WFI2033 /Volumes/perseus_1/CFHTLens_galphotmstar/W1m1m2_24galphotmstar.cat  /Users/perseus/Desktop/CFHTLenSmasks/W1m1m2_izrgu_finalmask_mosaic.fits 45 IRAC deti meds
       python /Users/perseus/Dropbox/Davis_work/code/GOODCODE/weightinguniversal_overlap_sampling_nobeta_WFI2033nochanges.py WFI2033 /Volumes/perseus_1/CFHTLens_galphotmstar/W1m1m3_24galphotmstar.cat  /Users/perseus/Desktop/CFHTLenSmasks/W1m1m3_izrgu_finalmask_mosaic.fits 45 IRAC deti meds
       python /Users/perseus/Dropbox/Davis_work/code/GOODCODE/weightinguniversal_overlap_sampling_nobeta_WFI2033nochanges.py WFI2033 /Volumes/perseus_1/CFHTLens_galphotmstar/W1m1m4_24galphotmstar.cat  /Users/perseus/Desktop/CFHTLenSmasks/W1m1m4_yzrgu_finalmask_mosaic.fits 45 IRAC deti meds
       python /Users/perseus/Dropbox/Davis_work/code/GOODCODE/weightinguniversal_overlap_sampling_nobeta_WFI2033nochanges.py WFI2033 /Volumes/perseus_1/CFHTLens_galphotmstar/W1m1p1_24galphotmstar.cat  /Users/perseus/Desktop/CFHTLenSmasks/W1m1p1_izrgu_finalmask_mosaic.fits 45 IRAC deti meds
       python /Users/perseus/Dropbox/Davis_work/code/GOODCODE/weightinguniversal_overlap_sampling_nobeta_WFI2033nochanges.py WFI2033 /Volumes/perseus_1/CFHTLens_galphotmstar/W1m1p2_24galphotmstar.cat  /Users/perseus/Desktop/CFHTLenSmasks/W1m1p2_izrgu_finalmask_mosaic.fits 45 IRAC deti meds
       python /Users/perseus/Dropbox/Davis_work/code/GOODCODE/weightinguniversal_overlap_sampling_nobeta_WFI2033nochanges.py WFI2033 /Volumes/perseus_1/CFHTLens_galphotmstar/W1m1p3_24galphotmstar.cat  /Users/perseus/Desktop/CFHTLenSmasks/W1m1p3_izrgu_finalmask_mosaic.fits 45 IRAC deti meds
       python /Users/perseus/Dropbox/Davis_work/code/GOODCODE/weightinguniversal_overlap_sampling_nobeta_WFI2033nochanges.py WFI2033 /Volumes/perseus_1/CFHTLens_galphotmstar/W1m2m0_24galphotmstar.cat  /Users/perseus/Desktop/CFHTLenSmasks/W1m2m0_izrgu_finalmask_mosaic.fits 45 IRAC deti meds
       python /Users/perseus/Dropbox/Davis_work/code/GOODCODE/weightinguniversal_overlap_sampling_nobeta_WFI2033nochanges.py WFI2033 /Volumes/perseus_1/CFHTLens_galphotmstar/W1m2m1_24galphotmstar.cat  /Users/perseus/Desktop/CFHTLenSmasks/W1m2m1_izrgu_finalmask_mosaic.fits 45 IRAC deti meds
       python /Users/perseus/Dropbox/Davis_work/code/GOODCODE/weightinguniversal_overlap_sampling_nobeta_WFI2033nochanges.py WFI2033 /Volumes/perseus_1/CFHTLens_galphotmstar/W1m2m2_24galphotmstar.cat  /Users/perseus/Desktop/CFHTLenSmasks/W1m2m2_izrgu_finalmask_mosaic.fits 45 IRAC deti meds
       python /Users/perseus/Dropbox/Davis_work/code/GOODCODE/weightinguniversal_overlap_sampling_nobeta_WFI2033nochanges.py WFI2033 /Volumes/perseus_1/CFHTLens_galphotmstar/W1m2m3_24galphotmstar.cat  /Users/perseus/Desktop/CFHTLenSmasks/W1m2m3_izrgu_finalmask_mosaic.fits 45 IRAC deti meds
       python /Users/perseus/Dropbox/Davis_work/code/GOODCODE/weightinguniversal_overlap_sampling_nobeta_WFI2033nochanges.py WFI2033 /Volumes/perseus_1/CFHTLens_galphotmstar/W1m2m4_24galphotmstar.cat  /Users/perseus/Desktop/CFHTLenSmasks/W1m2m4_yzrgu_finalmask_mosaic.fits 45 IRAC deti meds
       python /Users/perseus/Dropbox/Davis_work/code/GOODCODE/weightinguniversal_overlap_sampling_nobeta_WFI2033nochanges.py WFI2033 /Volumes/perseus_1/CFHTLens_galphotmstar/W1m2p1_24galphotmstar.cat  /Users/perseus/Desktop/CFHTLenSmasks/W1m2p1_izrgu_finalmask_mosaic.fits 45 IRAC deti meds
       python /Users/perseus/Dropbox/Davis_work/code/GOODCODE/weightinguniversal_overlap_sampling_nobeta_WFI2033nochanges.py WFI2033 /Volumes/perseus_1/CFHTLens_galphotmstar/W1m2p2_24galphotmstar.cat  /Users/perseus/Desktop/CFHTLenSmasks/W1m2p2_izrgu_finalmask_mosaic.fits 45 IRAC deti meds
       python /Users/perseus/Dropbox/Davis_work/code/GOODCODE/weightinguniversal_overlap_sampling_nobeta_WFI2033nochanges.py WFI2033 /Volumes/perseus_1/CFHTLens_galphotmstar/W1m2p3_24galphotmstar.cat  /Users/perseus/Desktop/CFHTLenSmasks/W1m2p3_izrgu_finalmask_mosaic.fits 45 IRAC deti meds
       python /Users/perseus/Dropbox/Davis_work/code/GOODCODE/weightinguniversal_overlap_sampling_nobeta_WFI2033nochanges.py WFI2033 /Volumes/perseus_1/CFHTLens_galphotmstar/W1m3m0_24galphotmstar.cat  /Users/perseus/Desktop/CFHTLenSmasks/W1m3m0_izrgu_finalmask_mosaic.fits 45 IRAC deti meds
       python /Users/perseus/Dropbox/Davis_work/code/GOODCODE/weightinguniversal_overlap_sampling_nobeta_WFI2033nochanges.py WFI2033 /Volumes/perseus_1/CFHTLens_galphotmstar/W1m3m1_24galphotmstar.cat  /Users/perseus/Desktop/CFHTLenSmasks/W1m3m1_izrgu_finalmask_mosaic.fits 45 IRAC deti meds
       python /Users/perseus/Dropbox/Davis_work/code/GOODCODE/weightinguniversal_overlap_sampling_nobeta_WFI2033nochanges.py WFI2033 /Volumes/perseus_1/CFHTLens_galphotmstar/W1m3m2_24galphotmstar.cat  /Users/perseus/Desktop/CFHTLenSmasks/W1m3m2_izrgu_finalmask_mosaic.fits 45 IRAC deti meds
       python /Users/perseus/Dropbox/Davis_work/code/GOODCODE/weightinguniversal_overlap_sampling_nobeta_WFI2033nochanges.py WFI2033 /Volumes/perseus_1/CFHTLens_galphotmstar/W1m3m3_24galphotmstar.cat  /Users/perseus/Desktop/CFHTLenSmasks/W1m3m3_izrgu_finalmask_mosaic.fits 45 IRAC deti meds

python /Users/perseus/Dropbox/Davis_work/code/GOODCODE/weightinguniversal_overlap_sampling_nobeta_WFI2033rethought.py WFI2033 /Volumes/perseus_1/CFHTLens_galphotmstar/W1m0m0_24galphotmstar.cat  /Users/perseus/Desktop/CFHTLenSmasks/W1m0m0_izrgu_finalmask_mosaic.fits 45 IRAC deti meds
python /Users/perseus/Dropbox/Davis_work/code/GOODCODE/weightinguniversal_overlap_sampling_nobeta_WFI2033rethought.py WFI2033 /Volumes/perseus_1/CFHTLens_galphotmstar/W1m0m1_24galphotmstar.cat  /Users/perseus/Desktop/CFHTLenSmasks/W1m0m1_izrgu_finalmask_mosaic.fits 45 IRAC deti meds
python /Users/perseus/Dropbox/Davis_work/code/GOODCODE/weightinguniversal_overlap_sampling_nobeta_WFI2033rethought.py WFI2033 /Volumes/perseus_1/CFHTLens_galphotmstar/W1m0m2_24galphotmstar.cat  /Users/perseus/Desktop/CFHTLenSmasks/W1m0m2_izrgu_finalmask_mosaic.fits 45 IRAC deti meds
python /Users/perseus/Dropbox/Davis_work/code/GOODCODE/weightinguniversal_overlap_sampling_nobeta_WFI2033rethought.py WFI2033 /Volumes/perseus_1/CFHTLens_galphotmstar/W1m0m3_24galphotmstar.cat  /Users/perseus/Desktop/CFHTLenSmasks/W1m0m3_izrgu_finalmask_mosaic.fits 45 IRAC deti meds
python /Users/perseus/Dropbox/Davis_work/code/GOODCODE/weightinguniversal_overlap_sampling_nobeta_WFI2033rethought.py WFI2033 /Volumes/perseus_1/CFHTLens_galphotmstar/W1m0m4_24galphotmstar.cat  /Users/perseus/Desktop/CFHTLenSmasks/W1m0m4_yzrgu_finalmask_mosaic.fits 45 IRAC deti meds
python /Users/perseus/Dropbox/Davis_work/code/GOODCODE/weightinguniversal_overlap_sampling_nobeta_WFI2033rethought.py WFI2033 /Volumes/perseus_1/CFHTLens_galphotmstar/W1m0p1_24galphotmstar.cat  /Users/perseus/Desktop/CFHTLenSmasks/W1m0p1_izrgu_finalmask_mosaic.fits 45 IRAC deti meds
python /Users/perseus/Dropbox/Davis_work/code/GOODCODE/weightinguniversal_overlap_sampling_nobeta_WFI2033rethought.py WFI2033 /Volumes/perseus_1/CFHTLens_galphotmstar/W1m0p2_24galphotmstar.cat  /Users/perseus/Desktop/CFHTLenSmasks/W1m0p2_izrgu_finalmask_mosaic.fits 45 IRAC deti meds
python /Users/perseus/Dropbox/Davis_work/code/GOODCODE/weightinguniversal_overlap_sampling_nobeta_WFI2033rethought.py WFI2033 /Volumes/perseus_1/CFHTLens_galphotmstar/W1m0p3_24galphotmstar.cat  /Users/perseus/Desktop/CFHTLenSmasks/W1m0p3_izrgu_finalmask_mosaic.fits 45 IRAC deti meds
python /Users/perseus/Dropbox/Davis_work/code/GOODCODE/weightinguniversal_overlap_sampling_nobeta_WFI2033rethought.py WFI2033 /Volumes/perseus_1/CFHTLens_galphotmstar/W1m1m0_24galphotmstar.cat  /Users/perseus/Desktop/CFHTLenSmasks/W1m1m0_izrgu_finalmask_mosaic.fits 45 IRAC deti meds
python /Users/perseus/Dropbox/Davis_work/code/GOODCODE/weightinguniversal_overlap_sampling_nobeta_WFI2033rethought.py WFI2033 /Volumes/perseus_1/CFHTLens_galphotmstar/W1m1m1_24galphotmstar.cat  /Users/perseus/Desktop/CFHTLenSmasks/W1m1m1_izrgu_finalmask_mosaic.fits 45 IRAC deti meds
python /Users/perseus/Dropbox/Davis_work/code/GOODCODE/weightinguniversal_overlap_sampling_nobeta_WFI2033rethought.py WFI2033 /Volumes/perseus_1/CFHTLens_galphotmstar/W1m1m2_24galphotmstar.cat  /Users/perseus/Desktop/CFHTLenSmasks/W1m1m2_izrgu_finalmask_mosaic.fits 45 IRAC deti meds
python /Users/perseus/Dropbox/Davis_work/code/GOODCODE/weightinguniversal_overlap_sampling_nobeta_WFI2033rethought.py WFI2033 /Volumes/perseus_1/CFHTLens_galphotmstar/W1m1m3_24galphotmstar.cat  /Users/perseus/Desktop/CFHTLenSmasks/W1m1m3_izrgu_finalmask_mosaic.fits 45 IRAC deti meds
python /Users/perseus/Dropbox/Davis_work/code/GOODCODE/weightinguniversal_overlap_sampling_nobeta_WFI2033rethought.py WFI2033 /Volumes/perseus_1/CFHTLens_galphotmstar/W1m1m4_24galphotmstar.cat  /Users/perseus/Desktop/CFHTLenSmasks/W1m1m4_yzrgu_finalmask_mosaic.fits 45 IRAC deti meds
python /Users/perseus/Dropbox/Davis_work/code/GOODCODE/weightinguniversal_overlap_sampling_nobeta_WFI2033rethought.py WFI2033 /Volumes/perseus_1/CFHTLens_galphotmstar/W1m1p1_24galphotmstar.cat  /Users/perseus/Desktop/CFHTLenSmasks/W1m1p1_izrgu_finalmask_mosaic.fits 45 IRAC deti meds
python /Users/perseus/Dropbox/Davis_work/code/GOODCODE/weightinguniversal_overlap_sampling_nobeta_WFI2033rethought.py WFI2033 /Volumes/perseus_1/CFHTLens_galphotmstar/W1m1p2_24galphotmstar.cat  /Users/perseus/Desktop/CFHTLenSmasks/W1m1p2_izrgu_finalmask_mosaic.fits 45 IRAC deti meds
python /Users/perseus/Dropbox/Davis_work/code/GOODCODE/weightinguniversal_overlap_sampling_nobeta_WFI2033rethought.py WFI2033 /Volumes/perseus_1/CFHTLens_galphotmstar/W1m1p3_24galphotmstar.cat  /Users/perseus/Desktop/CFHTLenSmasks/W1m1p3_izrgu_finalmask_mosaic.fits 45 IRAC deti meds
python /Users/perseus/Dropbox/Davis_work/code/GOODCODE/weightinguniversal_overlap_sampling_nobeta_WFI2033rethought.py WFI2033 /Volumes/perseus_1/CFHTLens_galphotmstar/W1m2m0_24galphotmstar.cat  /Users/perseus/Desktop/CFHTLenSmasks/W1m2m0_izrgu_finalmask_mosaic.fits 45 IRAC deti meds
python /Users/perseus/Dropbox/Davis_work/code/GOODCODE/weightinguniversal_overlap_sampling_nobeta_WFI2033rethought.py WFI2033 /Volumes/perseus_1/CFHTLens_galphotmstar/W1m2m1_24galphotmstar.cat  /Users/perseus/Desktop/CFHTLenSmasks/W1m2m1_izrgu_finalmask_mosaic.fits 45 IRAC deti meds
python /Users/perseus/Dropbox/Davis_work/code/GOODCODE/weightinguniversal_overlap_sampling_nobeta_WFI2033rethought.py WFI2033 /Volumes/perseus_1/CFHTLens_galphotmstar/W1m2m2_24galphotmstar.cat  /Users/perseus/Desktop/CFHTLenSmasks/W1m2m2_izrgu_finalmask_mosaic.fits 45 IRAC deti meds
python /Users/perseus/Dropbox/Davis_work/code/GOODCODE/weightinguniversal_overlap_sampling_nobeta_WFI2033rethought.py WFI2033 /Volumes/perseus_1/CFHTLens_galphotmstar/W1m2m3_24galphotmstar.cat  /Users/perseus/Desktop/CFHTLenSmasks/W1m2m3_izrgu_finalmask_mosaic.fits 45 IRAC deti meds
python /Users/perseus/Dropbox/Davis_work/code/GOODCODE/weightinguniversal_overlap_sampling_nobeta_WFI2033rethought.py WFI2033 /Volumes/perseus_1/CFHTLens_galphotmstar/W1m2m4_24galphotmstar.cat  /Users/perseus/Desktop/CFHTLenSmasks/W1m2m4_yzrgu_finalmask_mosaic.fits 45 IRAC deti meds
python /Users/perseus/Dropbox/Davis_work/code/GOODCODE/weightinguniversal_overlap_sampling_nobeta_WFI2033rethought.py WFI2033 /Volumes/perseus_1/CFHTLens_galphotmstar/W1m2p1_24galphotmstar.cat  /Users/perseus/Desktop/CFHTLenSmasks/W1m2p1_izrgu_finalmask_mosaic.fits 45 IRAC deti meds
python /Users/perseus/Dropbox/Davis_work/code/GOODCODE/weightinguniversal_overlap_sampling_nobeta_WFI2033rethought.py WFI2033 /Volumes/perseus_1/CFHTLens_galphotmstar/W1m2p2_24galphotmstar.cat  /Users/perseus/Desktop/CFHTLenSmasks/W1m2p2_izrgu_finalmask_mosaic.fits 45 IRAC deti meds
python /Users/perseus/Dropbox/Davis_work/code/GOODCODE/weightinguniversal_overlap_sampling_nobeta_WFI2033rethought.py WFI2033 /Volumes/perseus_1/CFHTLens_galphotmstar/W1m2p3_24galphotmstar.cat  /Users/perseus/Desktop/CFHTLenSmasks/W1m2p3_izrgu_finalmask_mosaic.fits 45 IRAC deti meds
python /Users/perseus/Dropbox/Davis_work/code/GOODCODE/weightinguniversal_overlap_sampling_nobeta_WFI2033rethought.py WFI2033 /Volumes/perseus_1/CFHTLens_galphotmstar/W1m3m0_24galphotmstar.cat  /Users/perseus/Desktop/CFHTLenSmasks/W1m3m0_izrgu_finalmask_mosaic.fits 45 IRAC deti meds
python /Users/perseus/Dropbox/Davis_work/code/GOODCODE/weightinguniversal_overlap_sampling_nobeta_WFI2033rethought.py WFI2033 /Volumes/perseus_1/CFHTLens_galphotmstar/W1m3m1_24galphotmstar.cat  /Users/perseus/Desktop/CFHTLenSmasks/W1m3m1_izrgu_finalmask_mosaic.fits 45 IRAC deti meds
python /Users/perseus/Dropbox/Davis_work/code/GOODCODE/weightinguniversal_overlap_sampling_nobeta_WFI2033rethought.py WFI2033 /Volumes/perseus_1/CFHTLens_galphotmstar/W1m3m2_24galphotmstar.cat  /Users/perseus/Desktop/CFHTLenSmasks/W1m3m2_izrgu_finalmask_mosaic.fits 45 IRAC deti meds
python /Users/perseus/Dropbox/Davis_work/code/GOODCODE/weightinguniversal_overlap_sampling_nobeta_WFI2033rethought.py WFI2033 /Volumes/perseus_1/CFHTLens_galphotmstar/W1m3m3_24galphotmstar.cat  /Users/perseus/Desktop/CFHTLenSmasks/W1m3m3_izrgu_finalmask_mosaic.fits 45 IRAC deti meds

python /Users/perseus/Dropbox/Davis_work/code/GOODCODE/weightinguniversal_overlap_sampling_nobeta_WFI2033rethought.py WFI2033 /Volumes/perseus_1/CFHTLens_galphotmstar/W1m0m0_24galphotmstar.cat  /Users/perseus/Desktop/CFHTLenSmasks/W1m0m0_izrgu_finalmask_mosaic.fits 45 noIRAC deti meds
python /Users/perseus/Dropbox/Davis_work/code/GOODCODE/weightinguniversal_overlap_sampling_nobeta_WFI2033rethought.py WFI2033 /Volumes/perseus_1/CFHTLens_galphotmstar/W1m0m1_24galphotmstar.cat  /Users/perseus/Desktop/CFHTLenSmasks/W1m0m1_izrgu_finalmask_mosaic.fits 45 noIRAC deti meds
python /Users/perseus/Dropbox/Davis_work/code/GOODCODE/weightinguniversal_overlap_sampling_nobeta_WFI2033rethought.py WFI2033 /Volumes/perseus_1/CFHTLens_galphotmstar/W1m0m2_24galphotmstar.cat  /Users/perseus/Desktop/CFHTLenSmasks/W1m0m2_izrgu_finalmask_mosaic.fits 45 noIRAC deti meds
python /Users/perseus/Dropbox/Davis_work/code/GOODCODE/weightinguniversal_overlap_sampling_nobeta_WFI2033rethought.py WFI2033 /Volumes/perseus_1/CFHTLens_galphotmstar/W1m0m3_24galphotmstar.cat  /Users/perseus/Desktop/CFHTLenSmasks/W1m0m3_izrgu_finalmask_mosaic.fits 45 noIRAC deti meds
python /Users/perseus/Dropbox/Davis_work/code/GOODCODE/weightinguniversal_overlap_sampling_nobeta_WFI2033rethought.py WFI2033 /Volumes/perseus_1/CFHTLens_galphotmstar/W1m0m4_24galphotmstar.cat  /Users/perseus/Desktop/CFHTLenSmasks/W1m0m4_yzrgu_finalmask_mosaic.fits 45 noIRAC deti meds
python /Users/perseus/Dropbox/Davis_work/code/GOODCODE/weightinguniversal_overlap_sampling_nobeta_WFI2033rethought.py WFI2033 /Volumes/perseus_1/CFHTLens_galphotmstar/W1m0p1_24galphotmstar.cat  /Users/perseus/Desktop/CFHTLenSmasks/W1m0p1_izrgu_finalmask_mosaic.fits 45 noIRAC deti meds
python /Users/perseus/Dropbox/Davis_work/code/GOODCODE/weightinguniversal_overlap_sampling_nobeta_WFI2033rethought.py WFI2033 /Volumes/perseus_1/CFHTLens_galphotmstar/W1m0p2_24galphotmstar.cat  /Users/perseus/Desktop/CFHTLenSmasks/W1m0p2_izrgu_finalmask_mosaic.fits 45 noIRAC deti meds
python /Users/perseus/Dropbox/Davis_work/code/GOODCODE/weightinguniversal_overlap_sampling_nobeta_WFI2033rethought.py WFI2033 /Volumes/perseus_1/CFHTLens_galphotmstar/W1m0p3_24galphotmstar.cat  /Users/perseus/Desktop/CFHTLenSmasks/W1m0p3_izrgu_finalmask_mosaic.fits 45 noIRAC deti meds
python /Users/perseus/Dropbox/Davis_work/code/GOODCODE/weightinguniversal_overlap_sampling_nobeta_WFI2033rethought.py WFI2033 /Volumes/perseus_1/CFHTLens_galphotmstar/W1m1m0_24galphotmstar.cat  /Users/perseus/Desktop/CFHTLenSmasks/W1m1m0_izrgu_finalmask_mosaic.fits 45 noIRAC deti meds
python /Users/perseus/Dropbox/Davis_work/code/GOODCODE/weightinguniversal_overlap_sampling_nobeta_WFI2033rethought.py WFI2033 /Volumes/perseus_1/CFHTLens_galphotmstar/W1m1m1_24galphotmstar.cat  /Users/perseus/Desktop/CFHTLenSmasks/W1m1m1_izrgu_finalmask_mosaic.fits 45 noIRAC deti meds
python /Users/perseus/Dropbox/Davis_work/code/GOODCODE/weightinguniversal_overlap_sampling_nobeta_WFI2033rethought.py WFI2033 /Volumes/perseus_1/CFHTLens_galphotmstar/W1m1m2_24galphotmstar.cat  /Users/perseus/Desktop/CFHTLenSmasks/W1m1m2_izrgu_finalmask_mosaic.fits 45 noIRAC deti meds
python /Users/perseus/Dropbox/Davis_work/code/GOODCODE/weightinguniversal_overlap_sampling_nobeta_WFI2033rethought.py WFI2033 /Volumes/perseus_1/CFHTLens_galphotmstar/W1m1m3_24galphotmstar.cat  /Users/perseus/Desktop/CFHTLenSmasks/W1m1m3_izrgu_finalmask_mosaic.fits 45 noIRAC deti meds
python /Users/perseus/Dropbox/Davis_work/code/GOODCODE/weightinguniversal_overlap_sampling_nobeta_WFI2033rethought.py WFI2033 /Volumes/perseus_1/CFHTLens_galphotmstar/W1m1m4_24galphotmstar.cat  /Users/perseus/Desktop/CFHTLenSmasks/W1m1m4_yzrgu_finalmask_mosaic.fits 45 noIRAC deti meds
python /Users/perseus/Dropbox/Davis_work/code/GOODCODE/weightinguniversal_overlap_sampling_nobeta_WFI2033rethought.py WFI2033 /Volumes/perseus_1/CFHTLens_galphotmstar/W1m1p1_24galphotmstar.cat  /Users/perseus/Desktop/CFHTLenSmasks/W1m1p1_izrgu_finalmask_mosaic.fits 45 noIRAC deti meds
python /Users/perseus/Dropbox/Davis_work/code/GOODCODE/weightinguniversal_overlap_sampling_nobeta_WFI2033rethought.py WFI2033 /Volumes/perseus_1/CFHTLens_galphotmstar/W1m1p2_24galphotmstar.cat  /Users/perseus/Desktop/CFHTLenSmasks/W1m1p2_izrgu_finalmask_mosaic.fits 45 noIRAC deti meds
python /Users/perseus/Dropbox/Davis_work/code/GOODCODE/weightinguniversal_overlap_sampling_nobeta_WFI2033rethought.py WFI2033 /Volumes/perseus_1/CFHTLens_galphotmstar/W1m1p3_24galphotmstar.cat  /Users/perseus/Desktop/CFHTLenSmasks/W1m1p3_izrgu_finalmask_mosaic.fits 45 noIRAC deti meds
python /Users/perseus/Dropbox/Davis_work/code/GOODCODE/weightinguniversal_overlap_sampling_nobeta_WFI2033rethought.py WFI2033 /Volumes/perseus_1/CFHTLens_galphotmstar/W1m2m0_24galphotmstar.cat  /Users/perseus/Desktop/CFHTLenSmasks/W1m2m0_izrgu_finalmask_mosaic.fits 45 noIRAC deti meds
python /Users/perseus/Dropbox/Davis_work/code/GOODCODE/weightinguniversal_overlap_sampling_nobeta_WFI2033rethought.py WFI2033 /Volumes/perseus_1/CFHTLens_galphotmstar/W1m2m1_24galphotmstar.cat  /Users/perseus/Desktop/CFHTLenSmasks/W1m2m1_izrgu_finalmask_mosaic.fits 45 noIRAC deti meds
python /Users/perseus/Dropbox/Davis_work/code/GOODCODE/weightinguniversal_overlap_sampling_nobeta_WFI2033rethought.py WFI2033 /Volumes/perseus_1/CFHTLens_galphotmstar/W1m2m2_24galphotmstar.cat  /Users/perseus/Desktop/CFHTLenSmasks/W1m2m2_izrgu_finalmask_mosaic.fits 45 noIRAC deti meds
python /Users/perseus/Dropbox/Davis_work/code/GOODCODE/weightinguniversal_overlap_sampling_nobeta_WFI2033rethought.py WFI2033 /Volumes/perseus_1/CFHTLens_galphotmstar/W1m2m3_24galphotmstar.cat  /Users/perseus/Desktop/CFHTLenSmasks/W1m2m3_izrgu_finalmask_mosaic.fits 45 noIRAC deti meds
python /Users/perseus/Dropbox/Davis_work/code/GOODCODE/weightinguniversal_overlap_sampling_nobeta_WFI2033rethought.py WFI2033 /Volumes/perseus_1/CFHTLens_galphotmstar/W1m2m4_24galphotmstar.cat  /Users/perseus/Desktop/CFHTLenSmasks/W1m2m4_yzrgu_finalmask_mosaic.fits 45 noIRAC deti meds
python /Users/perseus/Dropbox/Davis_work/code/GOODCODE/weightinguniversal_overlap_sampling_nobeta_WFI2033rethought.py WFI2033 /Volumes/perseus_1/CFHTLens_galphotmstar/W1m2p1_24galphotmstar.cat  /Users/perseus/Desktop/CFHTLenSmasks/W1m2p1_izrgu_finalmask_mosaic.fits 45 noIRAC deti meds
python /Users/perseus/Dropbox/Davis_work/code/GOODCODE/weightinguniversal_overlap_sampling_nobeta_WFI2033rethought.py WFI2033 /Volumes/perseus_1/CFHTLens_galphotmstar/W1m2p2_24galphotmstar.cat  /Users/perseus/Desktop/CFHTLenSmasks/W1m2p2_izrgu_finalmask_mosaic.fits 45 noIRAC deti meds
python /Users/perseus/Dropbox/Davis_work/code/GOODCODE/weightinguniversal_overlap_sampling_nobeta_WFI2033rethought.py WFI2033 /Volumes/perseus_1/CFHTLens_galphotmstar/W1m2p3_24galphotmstar.cat  /Users/perseus/Desktop/CFHTLenSmasks/W1m2p3_izrgu_finalmask_mosaic.fits 45 noIRAC deti meds
python /Users/perseus/Dropbox/Davis_work/code/GOODCODE/weightinguniversal_overlap_sampling_nobeta_WFI2033rethought.py WFI2033 /Volumes/perseus_1/CFHTLens_galphotmstar/W1m3m0_24galphotmstar.cat  /Users/perseus/Desktop/CFHTLenSmasks/W1m3m0_izrgu_finalmask_mosaic.fits 45 noIRAC deti meds
python /Users/perseus/Dropbox/Davis_work/code/GOODCODE/weightinguniversal_overlap_sampling_nobeta_WFI2033rethought.py WFI2033 /Volumes/perseus_1/CFHTLens_galphotmstar/W1m3m1_24galphotmstar.cat  /Users/perseus/Desktop/CFHTLenSmasks/W1m3m1_izrgu_finalmask_mosaic.fits 45 noIRAC deti meds
python /Users/perseus/Dropbox/Davis_work/code/GOODCODE/weightinguniversal_overlap_sampling_nobeta_WFI2033rethought.py WFI2033 /Volumes/perseus_1/CFHTLens_galphotmstar/W1m3m2_24galphotmstar.cat  /Users/perseus/Desktop/CFHTLenSmasks/W1m3m2_izrgu_finalmask_mosaic.fits 45 noIRAC deti meds
python /Users/perseus/Dropbox/Davis_work/code/GOODCODE/weightinguniversal_overlap_sampling_nobeta_WFI2033rethought.py WFI2033 /Volumes/perseus_1/CFHTLens_galphotmstar/W1m3m3_24galphotmstar.cat  /Users/perseus/Desktop/CFHTLenSmasks/W1m3m3_izrgu_finalmask_mosaic.fits 45 noIRAC deti meds

python /Users/perseus/Dropbox/Davis_work/code/GOODCODE/weightinguniversal_overlap_sampling_nobeta_WFI2033rethought.py WFI2033 /Volumes/perseus_1/CFHTLens_galphotmstar/W1m0m0_24galphotmstar.cat  /Users/perseus/Desktop/CFHTLenSmasks/W1m0m0_izrgu_finalmask_mosaic.fits 45 IRAC detir meds
python /Users/perseus/Dropbox/Davis_work/code/GOODCODE/weightinguniversal_overlap_sampling_nobeta_WFI2033rethought.py WFI2033 /Volumes/perseus_1/CFHTLens_galphotmstar/W1m0m1_24galphotmstar.cat  /Users/perseus/Desktop/CFHTLenSmasks/W1m0m1_izrgu_finalmask_mosaic.fits 45 IRAC detir meds
python /Users/perseus/Dropbox/Davis_work/code/GOODCODE/weightinguniversal_overlap_sampling_nobeta_WFI2033rethought.py WFI2033 /Volumes/perseus_1/CFHTLens_galphotmstar/W1m0m2_24galphotmstar.cat  /Users/perseus/Desktop/CFHTLenSmasks/W1m0m2_izrgu_finalmask_mosaic.fits 45 IRAC detir meds
python /Users/perseus/Dropbox/Davis_work/code/GOODCODE/weightinguniversal_overlap_sampling_nobeta_WFI2033rethought.py WFI2033 /Volumes/perseus_1/CFHTLens_galphotmstar/W1m0m3_24galphotmstar.cat  /Users/perseus/Desktop/CFHTLenSmasks/W1m0m3_izrgu_finalmask_mosaic.fits 45 IRAC detir meds
python /Users/perseus/Dropbox/Davis_work/code/GOODCODE/weightinguniversal_overlap_sampling_nobeta_WFI2033rethought.py WFI2033 /Volumes/perseus_1/CFHTLens_galphotmstar/W1m0m4_24galphotmstar.cat  /Users/perseus/Desktop/CFHTLenSmasks/W1m0m4_yzrgu_finalmask_mosaic.fits 45 IRAC detir meds
python /Users/perseus/Dropbox/Davis_work/code/GOODCODE/weightinguniversal_overlap_sampling_nobeta_WFI2033rethought.py WFI2033 /Volumes/perseus_1/CFHTLens_galphotmstar/W1m0p1_24galphotmstar.cat  /Users/perseus/Desktop/CFHTLenSmasks/W1m0p1_izrgu_finalmask_mosaic.fits 45 IRAC detir meds
python /Users/perseus/Dropbox/Davis_work/code/GOODCODE/weightinguniversal_overlap_sampling_nobeta_WFI2033rethought.py WFI2033 /Volumes/perseus_1/CFHTLens_galphotmstar/W1m0p2_24galphotmstar.cat  /Users/perseus/Desktop/CFHTLenSmasks/W1m0p2_izrgu_finalmask_mosaic.fits 45 IRAC detir meds
python /Users/perseus/Dropbox/Davis_work/code/GOODCODE/weightinguniversal_overlap_sampling_nobeta_WFI2033rethought.py WFI2033 /Volumes/perseus_1/CFHTLens_galphotmstar/W1m0p3_24galphotmstar.cat  /Users/perseus/Desktop/CFHTLenSmasks/W1m0p3_izrgu_finalmask_mosaic.fits 45 IRAC detir meds
python /Users/perseus/Dropbox/Davis_work/code/GOODCODE/weightinguniversal_overlap_sampling_nobeta_WFI2033rethought.py WFI2033 /Volumes/perseus_1/CFHTLens_galphotmstar/W1m1m0_24galphotmstar.cat  /Users/perseus/Desktop/CFHTLenSmasks/W1m1m0_izrgu_finalmask_mosaic.fits 45 IRAC detir meds
python /Users/perseus/Dropbox/Davis_work/code/GOODCODE/weightinguniversal_overlap_sampling_nobeta_WFI2033rethought.py WFI2033 /Volumes/perseus_1/CFHTLens_galphotmstar/W1m1m1_24galphotmstar.cat  /Users/perseus/Desktop/CFHTLenSmasks/W1m1m1_izrgu_finalmask_mosaic.fits 45 IRAC detir meds
python /Users/perseus/Dropbox/Davis_work/code/GOODCODE/weightinguniversal_overlap_sampling_nobeta_WFI2033rethought.py WFI2033 /Volumes/perseus_1/CFHTLens_galphotmstar/W1m1m2_24galphotmstar.cat  /Users/perseus/Desktop/CFHTLenSmasks/W1m1m2_izrgu_finalmask_mosaic.fits 45 IRAC detir meds
python /Users/perseus/Dropbox/Davis_work/code/GOODCODE/weightinguniversal_overlap_sampling_nobeta_WFI2033rethought.py WFI2033 /Volumes/perseus_1/CFHTLens_galphotmstar/W1m1m3_24galphotmstar.cat  /Users/perseus/Desktop/CFHTLenSmasks/W1m1m3_izrgu_finalmask_mosaic.fits 45 IRAC detir meds
python /Users/perseus/Dropbox/Davis_work/code/GOODCODE/weightinguniversal_overlap_sampling_nobeta_WFI2033rethought.py WFI2033 /Volumes/perseus_1/CFHTLens_galphotmstar/W1m1m4_24galphotmstar.cat  /Users/perseus/Desktop/CFHTLenSmasks/W1m1m4_yzrgu_finalmask_mosaic.fits 45 IRAC detir meds
python /Users/perseus/Dropbox/Davis_work/code/GOODCODE/weightinguniversal_overlap_sampling_nobeta_WFI2033rethought.py WFI2033 /Volumes/perseus_1/CFHTLens_galphotmstar/W1m1p1_24galphotmstar.cat  /Users/perseus/Desktop/CFHTLenSmasks/W1m1p1_izrgu_finalmask_mosaic.fits 45 IRAC detir meds
python /Users/perseus/Dropbox/Davis_work/code/GOODCODE/weightinguniversal_overlap_sampling_nobeta_WFI2033rethought.py WFI2033 /Volumes/perseus_1/CFHTLens_galphotmstar/W1m1p2_24galphotmstar.cat  /Users/perseus/Desktop/CFHTLenSmasks/W1m1p2_izrgu_finalmask_mosaic.fits 45 IRAC detir meds
python /Users/perseus/Dropbox/Davis_work/code/GOODCODE/weightinguniversal_overlap_sampling_nobeta_WFI2033rethought.py WFI2033 /Volumes/perseus_1/CFHTLens_galphotmstar/W1m1p3_24galphotmstar.cat  /Users/perseus/Desktop/CFHTLenSmasks/W1m1p3_izrgu_finalmask_mosaic.fits 45 IRAC detir meds
python /Users/perseus/Dropbox/Davis_work/code/GOODCODE/weightinguniversal_overlap_sampling_nobeta_WFI2033rethought.py WFI2033 /Volumes/perseus_1/CFHTLens_galphotmstar/W1m2m0_24galphotmstar.cat  /Users/perseus/Desktop/CFHTLenSmasks/W1m2m0_izrgu_finalmask_mosaic.fits 45 IRAC detir meds
python /Users/perseus/Dropbox/Davis_work/code/GOODCODE/weightinguniversal_overlap_sampling_nobeta_WFI2033rethought.py WFI2033 /Volumes/perseus_1/CFHTLens_galphotmstar/W1m2m1_24galphotmstar.cat  /Users/perseus/Desktop/CFHTLenSmasks/W1m2m1_izrgu_finalmask_mosaic.fits 45 IRAC detir meds
python /Users/perseus/Dropbox/Davis_work/code/GOODCODE/weightinguniversal_overlap_sampling_nobeta_WFI2033rethought.py WFI2033 /Volumes/perseus_1/CFHTLens_galphotmstar/W1m2m2_24galphotmstar.cat  /Users/perseus/Desktop/CFHTLenSmasks/W1m2m2_izrgu_finalmask_mosaic.fits 45 IRAC detir meds
python /Users/perseus/Dropbox/Davis_work/code/GOODCODE/weightinguniversal_overlap_sampling_nobeta_WFI2033rethought.py WFI2033 /Volumes/perseus_1/CFHTLens_galphotmstar/W1m2m3_24galphotmstar.cat  /Users/perseus/Desktop/CFHTLenSmasks/W1m2m3_izrgu_finalmask_mosaic.fits 45 IRAC detir meds
python /Users/perseus/Dropbox/Davis_work/code/GOODCODE/weightinguniversal_overlap_sampling_nobeta_WFI2033rethought.py WFI2033 /Volumes/perseus_1/CFHTLens_galphotmstar/W1m2m4_24galphotmstar.cat  /Users/perseus/Desktop/CFHTLenSmasks/W1m2m4_yzrgu_finalmask_mosaic.fits 45 IRAC detir meds
python /Users/perseus/Dropbox/Davis_work/code/GOODCODE/weightinguniversal_overlap_sampling_nobeta_WFI2033rethought.py WFI2033 /Volumes/perseus_1/CFHTLens_galphotmstar/W1m2p1_24galphotmstar.cat  /Users/perseus/Desktop/CFHTLenSmasks/W1m2p1_izrgu_finalmask_mosaic.fits 45 IRAC detir meds
python /Users/perseus/Dropbox/Davis_work/code/GOODCODE/weightinguniversal_overlap_sampling_nobeta_WFI2033rethought.py WFI2033 /Volumes/perseus_1/CFHTLens_galphotmstar/W1m2p2_24galphotmstar.cat  /Users/perseus/Desktop/CFHTLenSmasks/W1m2p2_izrgu_finalmask_mosaic.fits 45 IRAC detir meds
python /Users/perseus/Dropbox/Davis_work/code/GOODCODE/weightinguniversal_overlap_sampling_nobeta_WFI2033rethought.py WFI2033 /Volumes/perseus_1/CFHTLens_galphotmstar/W1m2p3_24galphotmstar.cat  /Users/perseus/Desktop/CFHTLenSmasks/W1m2p3_izrgu_finalmask_mosaic.fits 45 IRAC detir meds
python /Users/perseus/Dropbox/Davis_work/code/GOODCODE/weightinguniversal_overlap_sampling_nobeta_WFI2033rethought.py WFI2033 /Volumes/perseus_1/CFHTLens_galphotmstar/W1m3m0_24galphotmstar.cat  /Users/perseus/Desktop/CFHTLenSmasks/W1m3m0_izrgu_finalmask_mosaic.fits 45 IRAC detir meds
python /Users/perseus/Dropbox/Davis_work/code/GOODCODE/weightinguniversal_overlap_sampling_nobeta_WFI2033rethought.py WFI2033 /Volumes/perseus_1/CFHTLens_galphotmstar/W1m3m1_24galphotmstar.cat  /Users/perseus/Desktop/CFHTLenSmasks/W1m3m1_izrgu_finalmask_mosaic.fits 45 IRAC detir meds
python /Users/perseus/Dropbox/Davis_work/code/GOODCODE/weightinguniversal_overlap_sampling_nobeta_WFI2033rethought.py WFI2033 /Volumes/perseus_1/CFHTLens_galphotmstar/W1m3m2_24galphotmstar.cat  /Users/perseus/Desktop/CFHTLenSmasks/W1m3m2_izrgu_finalmask_mosaic.fits 45 IRAC detir meds
python /Users/perseus/Dropbox/Davis_work/code/GOODCODE/weightinguniversal_overlap_sampling_nobeta_WFI2033rethought.py WFI2033 /Volumes/perseus_1/CFHTLens_galphotmstar/W1m3m3_24galphotmstar.cat  /Users/perseus/Desktop/CFHTLenSmasks/W1m3m3_izrgu_finalmask_mosaic.fits 45 IRAC detir meds

python /Users/perseus/Dropbox/Davis_work/code/GOODCODE/weightinguniversal_overlap_sampling_nobeta_WFI2033rethought.py WFI2033 /Volumes/perseus_1/CFHTLens_galphotmstar/W1m0m0_24galphotmstar.cat  /Users/perseus/Desktop/CFHTLenSmasks/W1m0m0_izrgu_finalmask_mosaic.fits 45 noIRAC detir meds
python /Users/perseus/Dropbox/Davis_work/code/GOODCODE/weightinguniversal_overlap_sampling_nobeta_WFI2033rethought.py WFI2033 /Volumes/perseus_1/CFHTLens_galphotmstar/W1m0m1_24galphotmstar.cat  /Users/perseus/Desktop/CFHTLenSmasks/W1m0m1_izrgu_finalmask_mosaic.fits 45 noIRAC detir meds
python /Users/perseus/Dropbox/Davis_work/code/GOODCODE/weightinguniversal_overlap_sampling_nobeta_WFI2033rethought.py WFI2033 /Volumes/perseus_1/CFHTLens_galphotmstar/W1m0m2_24galphotmstar.cat  /Users/perseus/Desktop/CFHTLenSmasks/W1m0m2_izrgu_finalmask_mosaic.fits 45 noIRAC detir meds
python /Users/perseus/Dropbox/Davis_work/code/GOODCODE/weightinguniversal_overlap_sampling_nobeta_WFI2033rethought.py WFI2033 /Volumes/perseus_1/CFHTLens_galphotmstar/W1m0m3_24galphotmstar.cat  /Users/perseus/Desktop/CFHTLenSmasks/W1m0m3_izrgu_finalmask_mosaic.fits 45 noIRAC detir meds
python /Users/perseus/Dropbox/Davis_work/code/GOODCODE/weightinguniversal_overlap_sampling_nobeta_WFI2033rethought.py WFI2033 /Volumes/perseus_1/CFHTLens_galphotmstar/W1m0m4_24galphotmstar.cat  /Users/perseus/Desktop/CFHTLenSmasks/W1m0m4_yzrgu_finalmask_mosaic.fits 45 noIRAC detir meds
python /Users/perseus/Dropbox/Davis_work/code/GOODCODE/weightinguniversal_overlap_sampling_nobeta_WFI2033rethought.py WFI2033 /Volumes/perseus_1/CFHTLens_galphotmstar/W1m0p1_24galphotmstar.cat  /Users/perseus/Desktop/CFHTLenSmasks/W1m0p1_izrgu_finalmask_mosaic.fits 45 noIRAC detir meds
python /Users/perseus/Dropbox/Davis_work/code/GOODCODE/weightinguniversal_overlap_sampling_nobeta_WFI2033rethought.py WFI2033 /Volumes/perseus_1/CFHTLens_galphotmstar/W1m0p2_24galphotmstar.cat  /Users/perseus/Desktop/CFHTLenSmasks/W1m0p2_izrgu_finalmask_mosaic.fits 45 noIRAC detir meds
python /Users/perseus/Dropbox/Davis_work/code/GOODCODE/weightinguniversal_overlap_sampling_nobeta_WFI2033rethought.py WFI2033 /Volumes/perseus_1/CFHTLens_galphotmstar/W1m0p3_24galphotmstar.cat  /Users/perseus/Desktop/CFHTLenSmasks/W1m0p3_izrgu_finalmask_mosaic.fits 45 noIRAC detir meds
python /Users/perseus/Dropbox/Davis_work/code/GOODCODE/weightinguniversal_overlap_sampling_nobeta_WFI2033rethought.py WFI2033 /Volumes/perseus_1/CFHTLens_galphotmstar/W1m1m0_24galphotmstar.cat  /Users/perseus/Desktop/CFHTLenSmasks/W1m1m0_izrgu_finalmask_mosaic.fits 45 noIRAC detir meds
python /Users/perseus/Dropbox/Davis_work/code/GOODCODE/weightinguniversal_overlap_sampling_nobeta_WFI2033rethought.py WFI2033 /Volumes/perseus_1/CFHTLens_galphotmstar/W1m1m1_24galphotmstar.cat  /Users/perseus/Desktop/CFHTLenSmasks/W1m1m1_izrgu_finalmask_mosaic.fits 45 noIRAC detir meds
python /Users/perseus/Dropbox/Davis_work/code/GOODCODE/weightinguniversal_overlap_sampling_nobeta_WFI2033rethought.py WFI2033 /Volumes/perseus_1/CFHTLens_galphotmstar/W1m1m2_24galphotmstar.cat  /Users/perseus/Desktop/CFHTLenSmasks/W1m1m2_izrgu_finalmask_mosaic.fits 45 noIRAC detir meds
python /Users/perseus/Dropbox/Davis_work/code/GOODCODE/weightinguniversal_overlap_sampling_nobeta_WFI2033rethought.py WFI2033 /Volumes/perseus_1/CFHTLens_galphotmstar/W1m1m3_24galphotmstar.cat  /Users/perseus/Desktop/CFHTLenSmasks/W1m1m3_izrgu_finalmask_mosaic.fits 45 noIRAC detir meds
python /Users/perseus/Dropbox/Davis_work/code/GOODCODE/weightinguniversal_overlap_sampling_nobeta_WFI2033rethought.py WFI2033 /Volumes/perseus_1/CFHTLens_galphotmstar/W1m1m4_24galphotmstar.cat  /Users/perseus/Desktop/CFHTLenSmasks/W1m1m4_yzrgu_finalmask_mosaic.fits 45 noIRAC detir meds
python /Users/perseus/Dropbox/Davis_work/code/GOODCODE/weightinguniversal_overlap_sampling_nobeta_WFI2033rethought.py WFI2033 /Volumes/perseus_1/CFHTLens_galphotmstar/W1m1p1_24galphotmstar.cat  /Users/perseus/Desktop/CFHTLenSmasks/W1m1p1_izrgu_finalmask_mosaic.fits 45 noIRAC detir meds
python /Users/perseus/Dropbox/Davis_work/code/GOODCODE/weightinguniversal_overlap_sampling_nobeta_WFI2033rethought.py WFI2033 /Volumes/perseus_1/CFHTLens_galphotmstar/W1m1p2_24galphotmstar.cat  /Users/perseus/Desktop/CFHTLenSmasks/W1m1p2_izrgu_finalmask_mosaic.fits 45 noIRAC detir meds
python /Users/perseus/Dropbox/Davis_work/code/GOODCODE/weightinguniversal_overlap_sampling_nobeta_WFI2033rethought.py WFI2033 /Volumes/perseus_1/CFHTLens_galphotmstar/W1m1p3_24galphotmstar.cat  /Users/perseus/Desktop/CFHTLenSmasks/W1m1p3_izrgu_finalmask_mosaic.fits 45 noIRAC detir meds
python /Users/perseus/Dropbox/Davis_work/code/GOODCODE/weightinguniversal_overlap_sampling_nobeta_WFI2033rethought.py WFI2033 /Volumes/perseus_1/CFHTLens_galphotmstar/W1m2m0_24galphotmstar.cat  /Users/perseus/Desktop/CFHTLenSmasks/W1m2m0_izrgu_finalmask_mosaic.fits 45 noIRAC detir meds
python /Users/perseus/Dropbox/Davis_work/code/GOODCODE/weightinguniversal_overlap_sampling_nobeta_WFI2033rethought.py WFI2033 /Volumes/perseus_1/CFHTLens_galphotmstar/W1m2m1_24galphotmstar.cat  /Users/perseus/Desktop/CFHTLenSmasks/W1m2m1_izrgu_finalmask_mosaic.fits 45 noIRAC detir meds
python /Users/perseus/Dropbox/Davis_work/code/GOODCODE/weightinguniversal_overlap_sampling_nobeta_WFI2033rethought.py WFI2033 /Volumes/perseus_1/CFHTLens_galphotmstar/W1m2m2_24galphotmstar.cat  /Users/perseus/Desktop/CFHTLenSmasks/W1m2m2_izrgu_finalmask_mosaic.fits 45 noIRAC detir meds
python /Users/perseus/Dropbox/Davis_work/code/GOODCODE/weightinguniversal_overlap_sampling_nobeta_WFI2033rethought.py WFI2033 /Volumes/perseus_1/CFHTLens_galphotmstar/W1m2m3_24galphotmstar.cat  /Users/perseus/Desktop/CFHTLenSmasks/W1m2m3_izrgu_finalmask_mosaic.fits 45 noIRAC detir meds
python /Users/perseus/Dropbox/Davis_work/code/GOODCODE/weightinguniversal_overlap_sampling_nobeta_WFI2033rethought.py WFI2033 /Volumes/perseus_1/CFHTLens_galphotmstar/W1m2m4_24galphotmstar.cat  /Users/perseus/Desktop/CFHTLenSmasks/W1m2m4_yzrgu_finalmask_mosaic.fits 45 noIRAC detir meds
python /Users/perseus/Dropbox/Davis_work/code/GOODCODE/weightinguniversal_overlap_sampling_nobeta_WFI2033rethought.py WFI2033 /Volumes/perseus_1/CFHTLens_galphotmstar/W1m2p1_24galphotmstar.cat  /Users/perseus/Desktop/CFHTLenSmasks/W1m2p1_izrgu_finalmask_mosaic.fits 45 noIRAC detir meds
python /Users/perseus/Dropbox/Davis_work/code/GOODCODE/weightinguniversal_overlap_sampling_nobeta_WFI2033rethought.py WFI2033 /Volumes/perseus_1/CFHTLens_galphotmstar/W1m2p2_24galphotmstar.cat  /Users/perseus/Desktop/CFHTLenSmasks/W1m2p2_izrgu_finalmask_mosaic.fits 45 noIRAC detir meds
python /Users/perseus/Dropbox/Davis_work/code/GOODCODE/weightinguniversal_overlap_sampling_nobeta_WFI2033rethought.py WFI2033 /Volumes/perseus_1/CFHTLens_galphotmstar/W1m2p3_24galphotmstar.cat  /Users/perseus/Desktop/CFHTLenSmasks/W1m2p3_izrgu_finalmask_mosaic.fits 45 noIRAC detir meds
python /Users/perseus/Dropbox/Davis_work/code/GOODCODE/weightinguniversal_overlap_sampling_nobeta_WFI2033rethought.py WFI2033 /Volumes/perseus_1/CFHTLens_galphotmstar/W1m3m0_24galphotmstar.cat  /Users/perseus/Desktop/CFHTLenSmasks/W1m3m0_izrgu_finalmask_mosaic.fits 45 noIRAC detir meds
python /Users/perseus/Dropbox/Davis_work/code/GOODCODE/weightinguniversal_overlap_sampling_nobeta_WFI2033rethought.py WFI2033 /Volumes/perseus_1/CFHTLens_galphotmstar/W1m3m1_24galphotmstar.cat  /Users/perseus/Desktop/CFHTLenSmasks/W1m3m1_izrgu_finalmask_mosaic.fits 45 noIRAC detir meds
python /Users/perseus/Dropbox/Davis_work/code/GOODCODE/weightinguniversal_overlap_sampling_nobeta_WFI2033rethought.py WFI2033 /Volumes/perseus_1/CFHTLens_galphotmstar/W1m3m2_24galphotmstar.cat  /Users/perseus/Desktop/CFHTLenSmasks/W1m3m2_izrgu_finalmask_mosaic.fits 45 noIRAC detir meds
python /Users/perseus/Dropbox/Davis_work/code/GOODCODE/weightinguniversal_overlap_sampling_nobeta_WFI2033rethought.py WFI2033 /Volumes/perseus_1/CFHTLens_galphotmstar/W1m3m3_24galphotmstar.cat  /Users/perseus/Desktop/CFHTLenSmasks/W1m3m3_izrgu_finalmask_mosaic.fits 45 noIRAC detir meds

