       python /Users/perseus/Dropbox/Davis_work/code/GOODCODE/weightinguniversal_overlap_sampling_nobeta_WFI2033nochanges.py WFI2033 /Volumes/perseus_1/CFHTLens_galphotmstar/W3m2m1_24galphotmstar.cat  /Users/perseus/Desktop/CFHTLenSmasks/W3m2m1_yzrgu_finalmask_mosaic.fits 45 IRAC deti meds
       python /Users/perseus/Dropbox/Davis_work/code/GOODCODE/weightinguniversal_overlap_sampling_nobeta_WFI2033nochanges.py WFI2033 /Volumes/perseus_1/CFHTLens_galphotmstar/W3m2m2_24galphotmstar.cat  /Users/perseus/Desktop/CFHTLenSmasks/W3m2m2_izrgu_finalmask_mosaic.fits 45 IRAC deti meds
       python /Users/perseus/Dropbox/Davis_work/code/GOODCODE/weightinguniversal_overlap_sampling_nobeta_WFI2033nochanges.py WFI2033 /Volumes/perseus_1/CFHTLens_galphotmstar/W3m2m3_24galphotmstar.cat  /Users/perseus/Desktop/CFHTLenSmasks/W3m2m3_izrgu_finalmask_mosaic.fits 45 IRAC deti meds
       python /Users/perseus/Dropbox/Davis_work/code/GOODCODE/weightinguniversal_overlap_sampling_nobeta_WFI2033nochanges.py WFI2033 /Volumes/perseus_1/CFHTLens_galphotmstar/W3m2p1_24galphotmstar.cat  /Users/perseus/Desktop/CFHTLenSmasks/W3m2p1_yzrgu_finalmask_mosaic.fits 45 IRAC deti meds
       python /Users/perseus/Dropbox/Davis_work/code/GOODCODE/weightinguniversal_overlap_sampling_nobeta_WFI2033nochanges.py WFI2033 /Volumes/perseus_1/CFHTLens_galphotmstar/W3m2p2_24galphotmstar.cat  /Users/perseus/Desktop/CFHTLenSmasks/W3m2p2_izrgu_finalmask_mosaic.fits 45 IRAC deti meds
       python /Users/perseus/Dropbox/Davis_work/code/GOODCODE/weightinguniversal_overlap_sampling_nobeta_WFI2033nochanges.py WFI2033 /Volumes/perseus_1/CFHTLens_galphotmstar/W3m2p3_24galphotmstar.cat  /Users/perseus/Desktop/CFHTLenSmasks/W3m2p3_izrgu_finalmask_mosaic.fits 45 IRAC deti meds
       python /Users/perseus/Dropbox/Davis_work/code/GOODCODE/weightinguniversal_overlap_sampling_nobeta_WFI2033nochanges.py WFI2033 /Volumes/perseus_1/CFHTLens_galphotmstar/W3m3m0_24galphotmstar.cat  /Users/perseus/Desktop/CFHTLenSmasks/W3m3m0_izrgu_finalmask_mosaic.fits 45 IRAC deti meds
       python /Users/perseus/Dropbox/Davis_work/code/GOODCODE/weightinguniversal_overlap_sampling_nobeta_WFI2033nochanges.py WFI2033 /Volumes/perseus_1/CFHTLens_galphotmstar/W3m3m1_24galphotmstar.cat  /Users/perseus/Desktop/CFHTLenSmasks/W3m3m1_izrgu_finalmask_mosaic.fits 45 IRAC deti meds
       python /Users/perseus/Dropbox/Davis_work/code/GOODCODE/weightinguniversal_overlap_sampling_nobeta_WFI2033nochanges.py WFI2033 /Volumes/perseus_1/CFHTLens_galphotmstar/W3m3m2_24galphotmstar.cat  /Users/perseus/Desktop/CFHTLenSmasks/W3m3m2_izrgu_finalmask_mosaic.fits 45 IRAC deti meds
       python /Users/perseus/Dropbox/Davis_work/code/GOODCODE/weightinguniversal_overlap_sampling_nobeta_WFI2033nochanges.py WFI2033 /Volumes/perseus_1/CFHTLens_galphotmstar/W3m3m3_24galphotmstar.cat  /Users/perseus/Desktop/CFHTLenSmasks/W3m3m3_izrgu_finalmask_mosaic.fits 45 IRAC deti meds
       python /Users/perseus/Dropbox/Davis_work/code/GOODCODE/weightinguniversal_overlap_sampling_nobeta_WFI2033nochanges.py WFI2033 /Volumes/perseus_1/CFHTLens_galphotmstar/W3m3p1_24galphotmstar.cat  /Users/perseus/Desktop/CFHTLenSmasks/W3m3p1_izrgu_finalmask_mosaic.fits 45 IRAC deti meds
       python /Users/perseus/Dropbox/Davis_work/code/GOODCODE/weightinguniversal_overlap_sampling_nobeta_WFI2033nochanges.py WFI2033 /Volumes/perseus_1/CFHTLens_galphotmstar/W3m3p2_24galphotmstar.cat  /Users/perseus/Desktop/CFHTLenSmasks/W3m3p2_izrgu_finalmask_mosaic.fits 45 IRAC deti meds
       python /Users/perseus/Dropbox/Davis_work/code/GOODCODE/weightinguniversal_overlap_sampling_nobeta_WFI2033nochanges.py WFI2033 /Volumes/perseus_1/CFHTLens_galphotmstar/W3m3p3_24galphotmstar.cat  /Users/perseus/Desktop/CFHTLenSmasks/W3m3p3_izrgu_finalmask_mosaic.fits 45 IRAC deti meds
       python /Users/perseus/Dropbox/Davis_work/code/GOODCODE/weightinguniversal_overlap_sampling_nobeta_WFI2033nochanges.py WFI2033 /Volumes/perseus_1/CFHTLens_galphotmstar/W3p1m0_24galphotmstar.cat  /Users/perseus/Desktop/CFHTLenSmasks/W3p1m0_izrgu_finalmask_mosaic.fits 45 IRAC deti meds
       python /Users/perseus/Dropbox/Davis_work/code/GOODCODE/weightinguniversal_overlap_sampling_nobeta_WFI2033nochanges.py WFI2033 /Volumes/perseus_1/CFHTLens_galphotmstar/W3p1m1_24galphotmstar.cat  /Users/perseus/Desktop/CFHTLenSmasks/W3p1m1_izrgu_finalmask_mosaic.fits 45 IRAC deti meds
       python /Users/perseus/Dropbox/Davis_work/code/GOODCODE/weightinguniversal_overlap_sampling_nobeta_WFI2033nochanges.py WFI2033 /Volumes/perseus_1/CFHTLens_galphotmstar/W3p1m2_24galphotmstar.cat  /Users/perseus/Desktop/CFHTLenSmasks/W3p1m2_izrgu_finalmask_mosaic.fits 45 IRAC deti meds
       python /Users/perseus/Dropbox/Davis_work/code/GOODCODE/weightinguniversal_overlap_sampling_nobeta_WFI2033nochanges.py WFI2033 /Volumes/perseus_1/CFHTLens_galphotmstar/W3p1m3_24galphotmstar.cat  /Users/perseus/Desktop/CFHTLenSmasks/W3p1m3_izrgu_finalmask_mosaic.fits 45 IRAC deti meds
       python /Users/perseus/Dropbox/Davis_work/code/GOODCODE/weightinguniversal_overlap_sampling_nobeta_WFI2033nochanges.py WFI2033 /Volumes/perseus_1/CFHTLens_galphotmstar/W3p1p1_24galphotmstar.cat  /Users/perseus/Desktop/CFHTLenSmasks/W3p1p1_izrgu_finalmask_mosaic.fits 45 IRAC deti meds
       python /Users/perseus/Dropbox/Davis_work/code/GOODCODE/weightinguniversal_overlap_sampling_nobeta_WFI2033nochanges.py WFI2033 /Volumes/perseus_1/CFHTLens_galphotmstar/W3p1p2_24galphotmstar.cat  /Users/perseus/Desktop/CFHTLenSmasks/W3p1p2_izrgu_finalmask_mosaic.fits 45 IRAC deti meds
       python /Users/perseus/Dropbox/Davis_work/code/GOODCODE/weightinguniversal_overlap_sampling_nobeta_WFI2033nochanges.py WFI2033 /Volumes/perseus_1/CFHTLens_galphotmstar/W3p1p3_24galphotmstar.cat  /Users/perseus/Desktop/CFHTLenSmasks/W3p1p3_izrgu_finalmask_mosaic.fits 45 IRAC deti meds
       python /Users/perseus/Dropbox/Davis_work/code/GOODCODE/weightinguniversal_overlap_sampling_nobeta_WFI2033nochanges.py WFI2033 /Volumes/perseus_1/CFHTLens_galphotmstar/W3p2m0_24galphotmstar.cat  /Users/perseus/Desktop/CFHTLenSmasks/W3p2m0_izrgu_finalmask_mosaic.fits 45 IRAC deti meds
       python /Users/perseus/Dropbox/Davis_work/code/GOODCODE/weightinguniversal_overlap_sampling_nobeta_WFI2033nochanges.py WFI2033 /Volumes/perseus_1/CFHTLens_galphotmstar/W3p2m1_24galphotmstar.cat  /Users/perseus/Desktop/CFHTLenSmasks/W3p2m1_izrgu_finalmask_mosaic.fits 45 IRAC deti meds
       python /Users/perseus/Dropbox/Davis_work/code/GOODCODE/weightinguniversal_overlap_sampling_nobeta_WFI2033nochanges.py WFI2033 /Volumes/perseus_1/CFHTLens_galphotmstar/W3p2m2_24galphotmstar.cat  /Users/perseus/Desktop/CFHTLenSmasks/W3p2m2_izrgu_finalmask_mosaic.fits 45 IRAC deti meds
       python /Users/perseus/Dropbox/Davis_work/code/GOODCODE/weightinguniversal_overlap_sampling_nobeta_WFI2033nochanges.py WFI2033 /Volumes/perseus_1/CFHTLens_galphotmstar/W3p2m3_24galphotmstar.cat  /Users/perseus/Desktop/CFHTLenSmasks/W3p2m3_yzrgu_finalmask_mosaic.fits 45 IRAC deti meds
       python /Users/perseus/Dropbox/Davis_work/code/GOODCODE/weightinguniversal_overlap_sampling_nobeta_WFI2033nochanges.py WFI2033 /Volumes/perseus_1/CFHTLens_galphotmstar/W3p2p1_24galphotmstar.cat  /Users/perseus/Desktop/CFHTLenSmasks/W3p2p1_izrgu_finalmask_mosaic.fits 45 IRAC deti meds
       python /Users/perseus/Dropbox/Davis_work/code/GOODCODE/weightinguniversal_overlap_sampling_nobeta_WFI2033nochanges.py WFI2033 /Volumes/perseus_1/CFHTLens_galphotmstar/W3p2p2_24galphotmstar.cat  /Users/perseus/Desktop/CFHTLenSmasks/W3p2p2_izrgu_finalmask_mosaic.fits 45 IRAC deti meds
       python /Users/perseus/Dropbox/Davis_work/code/GOODCODE/weightinguniversal_overlap_sampling_nobeta_WFI2033nochanges.py WFI2033 /Volumes/perseus_1/CFHTLens_galphotmstar/W3p2p3_24galphotmstar.cat  /Users/perseus/Desktop/CFHTLenSmasks/W3p2p3_izrgu_finalmask_mosaic.fits 45 IRAC deti meds
       python /Users/perseus/Dropbox/Davis_work/code/GOODCODE/weightinguniversal_overlap_sampling_nobeta_WFI2033nochanges.py WFI2033 /Volumes/perseus_1/CFHTLens_galphotmstar/W3p3m0_24galphotmstar.cat  /Users/perseus/Desktop/CFHTLenSmasks/W3p3m0_izrgu_finalmask_mosaic.fits 45 IRAC deti meds

python /Users/perseus/Dropbox/Davis_work/code/GOODCODE/weightinguniversal_overlap_sampling_nobeta_WFI2033rethought.py WFI2033 /Volumes/perseus_1/CFHTLens_galphotmstar/W3m2m1_24galphotmstar.cat  /Users/perseus/Desktop/CFHTLenSmasks/W3m2m1_yzrgu_finalmask_mosaic.fits 45 IRAC deti meds
python /Users/perseus/Dropbox/Davis_work/code/GOODCODE/weightinguniversal_overlap_sampling_nobeta_WFI2033rethought.py WFI2033 /Volumes/perseus_1/CFHTLens_galphotmstar/W3m2m2_24galphotmstar.cat  /Users/perseus/Desktop/CFHTLenSmasks/W3m2m2_izrgu_finalmask_mosaic.fits 45 IRAC deti meds
python /Users/perseus/Dropbox/Davis_work/code/GOODCODE/weightinguniversal_overlap_sampling_nobeta_WFI2033rethought.py WFI2033 /Volumes/perseus_1/CFHTLens_galphotmstar/W3m2m3_24galphotmstar.cat  /Users/perseus/Desktop/CFHTLenSmasks/W3m2m3_izrgu_finalmask_mosaic.fits 45 IRAC deti meds
python /Users/perseus/Dropbox/Davis_work/code/GOODCODE/weightinguniversal_overlap_sampling_nobeta_WFI2033rethought.py WFI2033 /Volumes/perseus_1/CFHTLens_galphotmstar/W3m2p1_24galphotmstar.cat  /Users/perseus/Desktop/CFHTLenSmasks/W3m2p1_yzrgu_finalmask_mosaic.fits 45 IRAC deti meds
python /Users/perseus/Dropbox/Davis_work/code/GOODCODE/weightinguniversal_overlap_sampling_nobeta_WFI2033rethought.py WFI2033 /Volumes/perseus_1/CFHTLens_galphotmstar/W3m2p2_24galphotmstar.cat  /Users/perseus/Desktop/CFHTLenSmasks/W3m2p2_izrgu_finalmask_mosaic.fits 45 IRAC deti meds
python /Users/perseus/Dropbox/Davis_work/code/GOODCODE/weightinguniversal_overlap_sampling_nobeta_WFI2033rethought.py WFI2033 /Volumes/perseus_1/CFHTLens_galphotmstar/W3m2p3_24galphotmstar.cat  /Users/perseus/Desktop/CFHTLenSmasks/W3m2p3_izrgu_finalmask_mosaic.fits 45 IRAC deti meds
python /Users/perseus/Dropbox/Davis_work/code/GOODCODE/weightinguniversal_overlap_sampling_nobeta_WFI2033rethought.py WFI2033 /Volumes/perseus_1/CFHTLens_galphotmstar/W3m3m0_24galphotmstar.cat  /Users/perseus/Desktop/CFHTLenSmasks/W3m3m0_izrgu_finalmask_mosaic.fits 45 IRAC deti meds
python /Users/perseus/Dropbox/Davis_work/code/GOODCODE/weightinguniversal_overlap_sampling_nobeta_WFI2033rethought.py WFI2033 /Volumes/perseus_1/CFHTLens_galphotmstar/W3m3m1_24galphotmstar.cat  /Users/perseus/Desktop/CFHTLenSmasks/W3m3m1_izrgu_finalmask_mosaic.fits 45 IRAC deti meds
python /Users/perseus/Dropbox/Davis_work/code/GOODCODE/weightinguniversal_overlap_sampling_nobeta_WFI2033rethought.py WFI2033 /Volumes/perseus_1/CFHTLens_galphotmstar/W3m3m2_24galphotmstar.cat  /Users/perseus/Desktop/CFHTLenSmasks/W3m3m2_izrgu_finalmask_mosaic.fits 45 IRAC deti meds
python /Users/perseus/Dropbox/Davis_work/code/GOODCODE/weightinguniversal_overlap_sampling_nobeta_WFI2033rethought.py WFI2033 /Volumes/perseus_1/CFHTLens_galphotmstar/W3m3m3_24galphotmstar.cat  /Users/perseus/Desktop/CFHTLenSmasks/W3m3m3_izrgu_finalmask_mosaic.fits 45 IRAC deti meds
python /Users/perseus/Dropbox/Davis_work/code/GOODCODE/weightinguniversal_overlap_sampling_nobeta_WFI2033rethought.py WFI2033 /Volumes/perseus_1/CFHTLens_galphotmstar/W3m3p1_24galphotmstar.cat  /Users/perseus/Desktop/CFHTLenSmasks/W3m3p1_izrgu_finalmask_mosaic.fits 45 IRAC deti meds
python /Users/perseus/Dropbox/Davis_work/code/GOODCODE/weightinguniversal_overlap_sampling_nobeta_WFI2033rethought.py WFI2033 /Volumes/perseus_1/CFHTLens_galphotmstar/W3m3p2_24galphotmstar.cat  /Users/perseus/Desktop/CFHTLenSmasks/W3m3p2_izrgu_finalmask_mosaic.fits 45 IRAC deti meds
python /Users/perseus/Dropbox/Davis_work/code/GOODCODE/weightinguniversal_overlap_sampling_nobeta_WFI2033rethought.py WFI2033 /Volumes/perseus_1/CFHTLens_galphotmstar/W3m3p3_24galphotmstar.cat  /Users/perseus/Desktop/CFHTLenSmasks/W3m3p3_izrgu_finalmask_mosaic.fits 45 IRAC deti meds
python /Users/perseus/Dropbox/Davis_work/code/GOODCODE/weightinguniversal_overlap_sampling_nobeta_WFI2033rethought.py WFI2033 /Volumes/perseus_1/CFHTLens_galphotmstar/W3p1m0_24galphotmstar.cat  /Users/perseus/Desktop/CFHTLenSmasks/W3p1m0_izrgu_finalmask_mosaic.fits 45 IRAC deti meds
python /Users/perseus/Dropbox/Davis_work/code/GOODCODE/weightinguniversal_overlap_sampling_nobeta_WFI2033rethought.py WFI2033 /Volumes/perseus_1/CFHTLens_galphotmstar/W3p1m1_24galphotmstar.cat  /Users/perseus/Desktop/CFHTLenSmasks/W3p1m1_izrgu_finalmask_mosaic.fits 45 IRAC deti meds
python /Users/perseus/Dropbox/Davis_work/code/GOODCODE/weightinguniversal_overlap_sampling_nobeta_WFI2033rethought.py WFI2033 /Volumes/perseus_1/CFHTLens_galphotmstar/W3p1m2_24galphotmstar.cat  /Users/perseus/Desktop/CFHTLenSmasks/W3p1m2_izrgu_finalmask_mosaic.fits 45 IRAC deti meds
python /Users/perseus/Dropbox/Davis_work/code/GOODCODE/weightinguniversal_overlap_sampling_nobeta_WFI2033rethought.py WFI2033 /Volumes/perseus_1/CFHTLens_galphotmstar/W3p1m3_24galphotmstar.cat  /Users/perseus/Desktop/CFHTLenSmasks/W3p1m3_izrgu_finalmask_mosaic.fits 45 IRAC deti meds
python /Users/perseus/Dropbox/Davis_work/code/GOODCODE/weightinguniversal_overlap_sampling_nobeta_WFI2033rethought.py WFI2033 /Volumes/perseus_1/CFHTLens_galphotmstar/W3p1p1_24galphotmstar.cat  /Users/perseus/Desktop/CFHTLenSmasks/W3p1p1_izrgu_finalmask_mosaic.fits 45 IRAC deti meds
python /Users/perseus/Dropbox/Davis_work/code/GOODCODE/weightinguniversal_overlap_sampling_nobeta_WFI2033rethought.py WFI2033 /Volumes/perseus_1/CFHTLens_galphotmstar/W3p1p2_24galphotmstar.cat  /Users/perseus/Desktop/CFHTLenSmasks/W3p1p2_izrgu_finalmask_mosaic.fits 45 IRAC deti meds
python /Users/perseus/Dropbox/Davis_work/code/GOODCODE/weightinguniversal_overlap_sampling_nobeta_WFI2033rethought.py WFI2033 /Volumes/perseus_1/CFHTLens_galphotmstar/W3p1p3_24galphotmstar.cat  /Users/perseus/Desktop/CFHTLenSmasks/W3p1p3_izrgu_finalmask_mosaic.fits 45 IRAC deti meds
python /Users/perseus/Dropbox/Davis_work/code/GOODCODE/weightinguniversal_overlap_sampling_nobeta_WFI2033rethought.py WFI2033 /Volumes/perseus_1/CFHTLens_galphotmstar/W3p2m0_24galphotmstar.cat  /Users/perseus/Desktop/CFHTLenSmasks/W3p2m0_izrgu_finalmask_mosaic.fits 45 IRAC deti meds
python /Users/perseus/Dropbox/Davis_work/code/GOODCODE/weightinguniversal_overlap_sampling_nobeta_WFI2033rethought.py WFI2033 /Volumes/perseus_1/CFHTLens_galphotmstar/W3p2m1_24galphotmstar.cat  /Users/perseus/Desktop/CFHTLenSmasks/W3p2m1_izrgu_finalmask_mosaic.fits 45 IRAC deti meds
python /Users/perseus/Dropbox/Davis_work/code/GOODCODE/weightinguniversal_overlap_sampling_nobeta_WFI2033rethought.py WFI2033 /Volumes/perseus_1/CFHTLens_galphotmstar/W3p2m2_24galphotmstar.cat  /Users/perseus/Desktop/CFHTLenSmasks/W3p2m2_izrgu_finalmask_mosaic.fits 45 IRAC deti meds
python /Users/perseus/Dropbox/Davis_work/code/GOODCODE/weightinguniversal_overlap_sampling_nobeta_WFI2033rethought.py WFI2033 /Volumes/perseus_1/CFHTLens_galphotmstar/W3p2m3_24galphotmstar.cat  /Users/perseus/Desktop/CFHTLenSmasks/W3p2m3_yzrgu_finalmask_mosaic.fits 45 IRAC deti meds
python /Users/perseus/Dropbox/Davis_work/code/GOODCODE/weightinguniversal_overlap_sampling_nobeta_WFI2033rethought.py WFI2033 /Volumes/perseus_1/CFHTLens_galphotmstar/W3p2p1_24galphotmstar.cat  /Users/perseus/Desktop/CFHTLenSmasks/W3p2p1_izrgu_finalmask_mosaic.fits 45 IRAC deti meds
python /Users/perseus/Dropbox/Davis_work/code/GOODCODE/weightinguniversal_overlap_sampling_nobeta_WFI2033rethought.py WFI2033 /Volumes/perseus_1/CFHTLens_galphotmstar/W3p2p2_24galphotmstar.cat  /Users/perseus/Desktop/CFHTLenSmasks/W3p2p2_izrgu_finalmask_mosaic.fits 45 IRAC deti meds
python /Users/perseus/Dropbox/Davis_work/code/GOODCODE/weightinguniversal_overlap_sampling_nobeta_WFI2033rethought.py WFI2033 /Volumes/perseus_1/CFHTLens_galphotmstar/W3p2p3_24galphotmstar.cat  /Users/perseus/Desktop/CFHTLenSmasks/W3p2p3_izrgu_finalmask_mosaic.fits 45 IRAC deti meds
python /Users/perseus/Dropbox/Davis_work/code/GOODCODE/weightinguniversal_overlap_sampling_nobeta_WFI2033rethought.py WFI2033 /Volumes/perseus_1/CFHTLens_galphotmstar/W3p3m0_24galphotmstar.cat  /Users/perseus/Desktop/CFHTLenSmasks/W3p3m0_izrgu_finalmask_mosaic.fits 45 IRAC deti meds

python /Users/perseus/Dropbox/Davis_work/code/GOODCODE/weightinguniversal_overlap_sampling_nobeta_WFI2033rethought.py WFI2033 /Volumes/perseus_1/CFHTLens_galphotmstar/W3m2m1_24galphotmstar.cat  /Users/perseus/Desktop/CFHTLenSmasks/W3m2m1_yzrgu_finalmask_mosaic.fits 45 noIRAC deti meds
python /Users/perseus/Dropbox/Davis_work/code/GOODCODE/weightinguniversal_overlap_sampling_nobeta_WFI2033rethought.py WFI2033 /Volumes/perseus_1/CFHTLens_galphotmstar/W3m2m2_24galphotmstar.cat  /Users/perseus/Desktop/CFHTLenSmasks/W3m2m2_izrgu_finalmask_mosaic.fits 45 noIRAC deti meds
python /Users/perseus/Dropbox/Davis_work/code/GOODCODE/weightinguniversal_overlap_sampling_nobeta_WFI2033rethought.py WFI2033 /Volumes/perseus_1/CFHTLens_galphotmstar/W3m2m3_24galphotmstar.cat  /Users/perseus/Desktop/CFHTLenSmasks/W3m2m3_izrgu_finalmask_mosaic.fits 45 noIRAC deti meds
python /Users/perseus/Dropbox/Davis_work/code/GOODCODE/weightinguniversal_overlap_sampling_nobeta_WFI2033rethought.py WFI2033 /Volumes/perseus_1/CFHTLens_galphotmstar/W3m2p1_24galphotmstar.cat  /Users/perseus/Desktop/CFHTLenSmasks/W3m2p1_yzrgu_finalmask_mosaic.fits 45 noIRAC deti meds
python /Users/perseus/Dropbox/Davis_work/code/GOODCODE/weightinguniversal_overlap_sampling_nobeta_WFI2033rethought.py WFI2033 /Volumes/perseus_1/CFHTLens_galphotmstar/W3m2p2_24galphotmstar.cat  /Users/perseus/Desktop/CFHTLenSmasks/W3m2p2_izrgu_finalmask_mosaic.fits 45 noIRAC deti meds
python /Users/perseus/Dropbox/Davis_work/code/GOODCODE/weightinguniversal_overlap_sampling_nobeta_WFI2033rethought.py WFI2033 /Volumes/perseus_1/CFHTLens_galphotmstar/W3m2p3_24galphotmstar.cat  /Users/perseus/Desktop/CFHTLenSmasks/W3m2p3_izrgu_finalmask_mosaic.fits 45 noIRAC deti meds
python /Users/perseus/Dropbox/Davis_work/code/GOODCODE/weightinguniversal_overlap_sampling_nobeta_WFI2033rethought.py WFI2033 /Volumes/perseus_1/CFHTLens_galphotmstar/W3m3m0_24galphotmstar.cat  /Users/perseus/Desktop/CFHTLenSmasks/W3m3m0_izrgu_finalmask_mosaic.fits 45 noIRAC deti meds
python /Users/perseus/Dropbox/Davis_work/code/GOODCODE/weightinguniversal_overlap_sampling_nobeta_WFI2033rethought.py WFI2033 /Volumes/perseus_1/CFHTLens_galphotmstar/W3m3m1_24galphotmstar.cat  /Users/perseus/Desktop/CFHTLenSmasks/W3m3m1_izrgu_finalmask_mosaic.fits 45 noIRAC deti meds
python /Users/perseus/Dropbox/Davis_work/code/GOODCODE/weightinguniversal_overlap_sampling_nobeta_WFI2033rethought.py WFI2033 /Volumes/perseus_1/CFHTLens_galphotmstar/W3m3m2_24galphotmstar.cat  /Users/perseus/Desktop/CFHTLenSmasks/W3m3m2_izrgu_finalmask_mosaic.fits 45 noIRAC deti meds
python /Users/perseus/Dropbox/Davis_work/code/GOODCODE/weightinguniversal_overlap_sampling_nobeta_WFI2033rethought.py WFI2033 /Volumes/perseus_1/CFHTLens_galphotmstar/W3m3m3_24galphotmstar.cat  /Users/perseus/Desktop/CFHTLenSmasks/W3m3m3_izrgu_finalmask_mosaic.fits 45 noIRAC deti meds
python /Users/perseus/Dropbox/Davis_work/code/GOODCODE/weightinguniversal_overlap_sampling_nobeta_WFI2033rethought.py WFI2033 /Volumes/perseus_1/CFHTLens_galphotmstar/W3m3p1_24galphotmstar.cat  /Users/perseus/Desktop/CFHTLenSmasks/W3m3p1_izrgu_finalmask_mosaic.fits 45 noIRAC deti meds
python /Users/perseus/Dropbox/Davis_work/code/GOODCODE/weightinguniversal_overlap_sampling_nobeta_WFI2033rethought.py WFI2033 /Volumes/perseus_1/CFHTLens_galphotmstar/W3m3p2_24galphotmstar.cat  /Users/perseus/Desktop/CFHTLenSmasks/W3m3p2_izrgu_finalmask_mosaic.fits 45 noIRAC deti meds
python /Users/perseus/Dropbox/Davis_work/code/GOODCODE/weightinguniversal_overlap_sampling_nobeta_WFI2033rethought.py WFI2033 /Volumes/perseus_1/CFHTLens_galphotmstar/W3m3p3_24galphotmstar.cat  /Users/perseus/Desktop/CFHTLenSmasks/W3m3p3_izrgu_finalmask_mosaic.fits 45 noIRAC deti meds
python /Users/perseus/Dropbox/Davis_work/code/GOODCODE/weightinguniversal_overlap_sampling_nobeta_WFI2033rethought.py WFI2033 /Volumes/perseus_1/CFHTLens_galphotmstar/W3p1m0_24galphotmstar.cat  /Users/perseus/Desktop/CFHTLenSmasks/W3p1m0_izrgu_finalmask_mosaic.fits 45 noIRAC deti meds
python /Users/perseus/Dropbox/Davis_work/code/GOODCODE/weightinguniversal_overlap_sampling_nobeta_WFI2033rethought.py WFI2033 /Volumes/perseus_1/CFHTLens_galphotmstar/W3p1m1_24galphotmstar.cat  /Users/perseus/Desktop/CFHTLenSmasks/W3p1m1_izrgu_finalmask_mosaic.fits 45 noIRAC deti meds
python /Users/perseus/Dropbox/Davis_work/code/GOODCODE/weightinguniversal_overlap_sampling_nobeta_WFI2033rethought.py WFI2033 /Volumes/perseus_1/CFHTLens_galphotmstar/W3p1m2_24galphotmstar.cat  /Users/perseus/Desktop/CFHTLenSmasks/W3p1m2_izrgu_finalmask_mosaic.fits 45 noIRAC deti meds
python /Users/perseus/Dropbox/Davis_work/code/GOODCODE/weightinguniversal_overlap_sampling_nobeta_WFI2033rethought.py WFI2033 /Volumes/perseus_1/CFHTLens_galphotmstar/W3p1m3_24galphotmstar.cat  /Users/perseus/Desktop/CFHTLenSmasks/W3p1m3_izrgu_finalmask_mosaic.fits 45 noIRAC deti meds
python /Users/perseus/Dropbox/Davis_work/code/GOODCODE/weightinguniversal_overlap_sampling_nobeta_WFI2033rethought.py WFI2033 /Volumes/perseus_1/CFHTLens_galphotmstar/W3p1p1_24galphotmstar.cat  /Users/perseus/Desktop/CFHTLenSmasks/W3p1p1_izrgu_finalmask_mosaic.fits 45 noIRAC deti meds
python /Users/perseus/Dropbox/Davis_work/code/GOODCODE/weightinguniversal_overlap_sampling_nobeta_WFI2033rethought.py WFI2033 /Volumes/perseus_1/CFHTLens_galphotmstar/W3p1p2_24galphotmstar.cat  /Users/perseus/Desktop/CFHTLenSmasks/W3p1p2_izrgu_finalmask_mosaic.fits 45 noIRAC deti meds
python /Users/perseus/Dropbox/Davis_work/code/GOODCODE/weightinguniversal_overlap_sampling_nobeta_WFI2033rethought.py WFI2033 /Volumes/perseus_1/CFHTLens_galphotmstar/W3p1p3_24galphotmstar.cat  /Users/perseus/Desktop/CFHTLenSmasks/W3p1p3_izrgu_finalmask_mosaic.fits 45 noIRAC deti meds
python /Users/perseus/Dropbox/Davis_work/code/GOODCODE/weightinguniversal_overlap_sampling_nobeta_WFI2033rethought.py WFI2033 /Volumes/perseus_1/CFHTLens_galphotmstar/W3p2m0_24galphotmstar.cat  /Users/perseus/Desktop/CFHTLenSmasks/W3p2m0_izrgu_finalmask_mosaic.fits 45 noIRAC deti meds
python /Users/perseus/Dropbox/Davis_work/code/GOODCODE/weightinguniversal_overlap_sampling_nobeta_WFI2033rethought.py WFI2033 /Volumes/perseus_1/CFHTLens_galphotmstar/W3p2m1_24galphotmstar.cat  /Users/perseus/Desktop/CFHTLenSmasks/W3p2m1_izrgu_finalmask_mosaic.fits 45 noIRAC deti meds
python /Users/perseus/Dropbox/Davis_work/code/GOODCODE/weightinguniversal_overlap_sampling_nobeta_WFI2033rethought.py WFI2033 /Volumes/perseus_1/CFHTLens_galphotmstar/W3p2m2_24galphotmstar.cat  /Users/perseus/Desktop/CFHTLenSmasks/W3p2m2_izrgu_finalmask_mosaic.fits 45 noIRAC deti meds
python /Users/perseus/Dropbox/Davis_work/code/GOODCODE/weightinguniversal_overlap_sampling_nobeta_WFI2033rethought.py WFI2033 /Volumes/perseus_1/CFHTLens_galphotmstar/W3p2m3_24galphotmstar.cat  /Users/perseus/Desktop/CFHTLenSmasks/W3p2m3_yzrgu_finalmask_mosaic.fits 45 noIRAC deti meds
python /Users/perseus/Dropbox/Davis_work/code/GOODCODE/weightinguniversal_overlap_sampling_nobeta_WFI2033rethought.py WFI2033 /Volumes/perseus_1/CFHTLens_galphotmstar/W3p2p1_24galphotmstar.cat  /Users/perseus/Desktop/CFHTLenSmasks/W3p2p1_izrgu_finalmask_mosaic.fits 45 noIRAC deti meds
python /Users/perseus/Dropbox/Davis_work/code/GOODCODE/weightinguniversal_overlap_sampling_nobeta_WFI2033rethought.py WFI2033 /Volumes/perseus_1/CFHTLens_galphotmstar/W3p2p2_24galphotmstar.cat  /Users/perseus/Desktop/CFHTLenSmasks/W3p2p2_izrgu_finalmask_mosaic.fits 45 noIRAC deti meds
python /Users/perseus/Dropbox/Davis_work/code/GOODCODE/weightinguniversal_overlap_sampling_nobeta_WFI2033rethought.py WFI2033 /Volumes/perseus_1/CFHTLens_galphotmstar/W3p2p3_24galphotmstar.cat  /Users/perseus/Desktop/CFHTLenSmasks/W3p2p3_izrgu_finalmask_mosaic.fits 45 noIRAC deti meds
python /Users/perseus/Dropbox/Davis_work/code/GOODCODE/weightinguniversal_overlap_sampling_nobeta_WFI2033rethought.py WFI2033 /Volumes/perseus_1/CFHTLens_galphotmstar/W3p3m0_24galphotmstar.cat  /Users/perseus/Desktop/CFHTLenSmasks/W3p3m0_izrgu_finalmask_mosaic.fits 45 noIRAC deti meds

python /Users/perseus/Dropbox/Davis_work/code/GOODCODE/weightinguniversal_overlap_sampling_nobeta_WFI2033rethought.py WFI2033 /Volumes/perseus_1/CFHTLens_galphotmstar/W3m2m1_24galphotmstar.cat  /Users/perseus/Desktop/CFHTLenSmasks/W3m2m1_yzrgu_finalmask_mosaic.fits 45 IRAC detir meds
python /Users/perseus/Dropbox/Davis_work/code/GOODCODE/weightinguniversal_overlap_sampling_nobeta_WFI2033rethought.py WFI2033 /Volumes/perseus_1/CFHTLens_galphotmstar/W3m2m2_24galphotmstar.cat  /Users/perseus/Desktop/CFHTLenSmasks/W3m2m2_izrgu_finalmask_mosaic.fits 45 IRAC detir meds
python /Users/perseus/Dropbox/Davis_work/code/GOODCODE/weightinguniversal_overlap_sampling_nobeta_WFI2033rethought.py WFI2033 /Volumes/perseus_1/CFHTLens_galphotmstar/W3m2m3_24galphotmstar.cat  /Users/perseus/Desktop/CFHTLenSmasks/W3m2m3_izrgu_finalmask_mosaic.fits 45 IRAC detir meds
python /Users/perseus/Dropbox/Davis_work/code/GOODCODE/weightinguniversal_overlap_sampling_nobeta_WFI2033rethought.py WFI2033 /Volumes/perseus_1/CFHTLens_galphotmstar/W3m2p1_24galphotmstar.cat  /Users/perseus/Desktop/CFHTLenSmasks/W3m2p1_yzrgu_finalmask_mosaic.fits 45 IRAC detir meds
python /Users/perseus/Dropbox/Davis_work/code/GOODCODE/weightinguniversal_overlap_sampling_nobeta_WFI2033rethought.py WFI2033 /Volumes/perseus_1/CFHTLens_galphotmstar/W3m2p2_24galphotmstar.cat  /Users/perseus/Desktop/CFHTLenSmasks/W3m2p2_izrgu_finalmask_mosaic.fits 45 IRAC detir meds
python /Users/perseus/Dropbox/Davis_work/code/GOODCODE/weightinguniversal_overlap_sampling_nobeta_WFI2033rethought.py WFI2033 /Volumes/perseus_1/CFHTLens_galphotmstar/W3m2p3_24galphotmstar.cat  /Users/perseus/Desktop/CFHTLenSmasks/W3m2p3_izrgu_finalmask_mosaic.fits 45 IRAC detir meds
python /Users/perseus/Dropbox/Davis_work/code/GOODCODE/weightinguniversal_overlap_sampling_nobeta_WFI2033rethought.py WFI2033 /Volumes/perseus_1/CFHTLens_galphotmstar/W3m3m0_24galphotmstar.cat  /Users/perseus/Desktop/CFHTLenSmasks/W3m3m0_izrgu_finalmask_mosaic.fits 45 IRAC detir meds
python /Users/perseus/Dropbox/Davis_work/code/GOODCODE/weightinguniversal_overlap_sampling_nobeta_WFI2033rethought.py WFI2033 /Volumes/perseus_1/CFHTLens_galphotmstar/W3m3m1_24galphotmstar.cat  /Users/perseus/Desktop/CFHTLenSmasks/W3m3m1_izrgu_finalmask_mosaic.fits 45 IRAC detir meds
python /Users/perseus/Dropbox/Davis_work/code/GOODCODE/weightinguniversal_overlap_sampling_nobeta_WFI2033rethought.py WFI2033 /Volumes/perseus_1/CFHTLens_galphotmstar/W3m3m2_24galphotmstar.cat  /Users/perseus/Desktop/CFHTLenSmasks/W3m3m2_izrgu_finalmask_mosaic.fits 45 IRAC detir meds
python /Users/perseus/Dropbox/Davis_work/code/GOODCODE/weightinguniversal_overlap_sampling_nobeta_WFI2033rethought.py WFI2033 /Volumes/perseus_1/CFHTLens_galphotmstar/W3m3m3_24galphotmstar.cat  /Users/perseus/Desktop/CFHTLenSmasks/W3m3m3_izrgu_finalmask_mosaic.fits 45 IRAC detir meds
python /Users/perseus/Dropbox/Davis_work/code/GOODCODE/weightinguniversal_overlap_sampling_nobeta_WFI2033rethought.py WFI2033 /Volumes/perseus_1/CFHTLens_galphotmstar/W3m3p1_24galphotmstar.cat  /Users/perseus/Desktop/CFHTLenSmasks/W3m3p1_izrgu_finalmask_mosaic.fits 45 IRAC detir meds
python /Users/perseus/Dropbox/Davis_work/code/GOODCODE/weightinguniversal_overlap_sampling_nobeta_WFI2033rethought.py WFI2033 /Volumes/perseus_1/CFHTLens_galphotmstar/W3m3p2_24galphotmstar.cat  /Users/perseus/Desktop/CFHTLenSmasks/W3m3p2_izrgu_finalmask_mosaic.fits 45 IRAC detir meds
python /Users/perseus/Dropbox/Davis_work/code/GOODCODE/weightinguniversal_overlap_sampling_nobeta_WFI2033rethought.py WFI2033 /Volumes/perseus_1/CFHTLens_galphotmstar/W3m3p3_24galphotmstar.cat  /Users/perseus/Desktop/CFHTLenSmasks/W3m3p3_izrgu_finalmask_mosaic.fits 45 IRAC detir meds
python /Users/perseus/Dropbox/Davis_work/code/GOODCODE/weightinguniversal_overlap_sampling_nobeta_WFI2033rethought.py WFI2033 /Volumes/perseus_1/CFHTLens_galphotmstar/W3p1m0_24galphotmstar.cat  /Users/perseus/Desktop/CFHTLenSmasks/W3p1m0_izrgu_finalmask_mosaic.fits 45 IRAC detir meds
python /Users/perseus/Dropbox/Davis_work/code/GOODCODE/weightinguniversal_overlap_sampling_nobeta_WFI2033rethought.py WFI2033 /Volumes/perseus_1/CFHTLens_galphotmstar/W3p1m1_24galphotmstar.cat  /Users/perseus/Desktop/CFHTLenSmasks/W3p1m1_izrgu_finalmask_mosaic.fits 45 IRAC detir meds
python /Users/perseus/Dropbox/Davis_work/code/GOODCODE/weightinguniversal_overlap_sampling_nobeta_WFI2033rethought.py WFI2033 /Volumes/perseus_1/CFHTLens_galphotmstar/W3p1m2_24galphotmstar.cat  /Users/perseus/Desktop/CFHTLenSmasks/W3p1m2_izrgu_finalmask_mosaic.fits 45 IRAC detir meds
python /Users/perseus/Dropbox/Davis_work/code/GOODCODE/weightinguniversal_overlap_sampling_nobeta_WFI2033rethought.py WFI2033 /Volumes/perseus_1/CFHTLens_galphotmstar/W3p1m3_24galphotmstar.cat  /Users/perseus/Desktop/CFHTLenSmasks/W3p1m3_izrgu_finalmask_mosaic.fits 45 IRAC detir meds
python /Users/perseus/Dropbox/Davis_work/code/GOODCODE/weightinguniversal_overlap_sampling_nobeta_WFI2033rethought.py WFI2033 /Volumes/perseus_1/CFHTLens_galphotmstar/W3p1p1_24galphotmstar.cat  /Users/perseus/Desktop/CFHTLenSmasks/W3p1p1_izrgu_finalmask_mosaic.fits 45 IRAC detir meds
python /Users/perseus/Dropbox/Davis_work/code/GOODCODE/weightinguniversal_overlap_sampling_nobeta_WFI2033rethought.py WFI2033 /Volumes/perseus_1/CFHTLens_galphotmstar/W3p1p2_24galphotmstar.cat  /Users/perseus/Desktop/CFHTLenSmasks/W3p1p2_izrgu_finalmask_mosaic.fits 45 IRAC detir meds
python /Users/perseus/Dropbox/Davis_work/code/GOODCODE/weightinguniversal_overlap_sampling_nobeta_WFI2033rethought.py WFI2033 /Volumes/perseus_1/CFHTLens_galphotmstar/W3p1p3_24galphotmstar.cat  /Users/perseus/Desktop/CFHTLenSmasks/W3p1p3_izrgu_finalmask_mosaic.fits 45 IRAC detir meds
python /Users/perseus/Dropbox/Davis_work/code/GOODCODE/weightinguniversal_overlap_sampling_nobeta_WFI2033rethought.py WFI2033 /Volumes/perseus_1/CFHTLens_galphotmstar/W3p2m0_24galphotmstar.cat  /Users/perseus/Desktop/CFHTLenSmasks/W3p2m0_izrgu_finalmask_mosaic.fits 45 IRAC detir meds
python /Users/perseus/Dropbox/Davis_work/code/GOODCODE/weightinguniversal_overlap_sampling_nobeta_WFI2033rethought.py WFI2033 /Volumes/perseus_1/CFHTLens_galphotmstar/W3p2m1_24galphotmstar.cat  /Users/perseus/Desktop/CFHTLenSmasks/W3p2m1_izrgu_finalmask_mosaic.fits 45 IRAC detir meds
python /Users/perseus/Dropbox/Davis_work/code/GOODCODE/weightinguniversal_overlap_sampling_nobeta_WFI2033rethought.py WFI2033 /Volumes/perseus_1/CFHTLens_galphotmstar/W3p2m2_24galphotmstar.cat  /Users/perseus/Desktop/CFHTLenSmasks/W3p2m2_izrgu_finalmask_mosaic.fits 45 IRAC detir meds
python /Users/perseus/Dropbox/Davis_work/code/GOODCODE/weightinguniversal_overlap_sampling_nobeta_WFI2033rethought.py WFI2033 /Volumes/perseus_1/CFHTLens_galphotmstar/W3p2m3_24galphotmstar.cat  /Users/perseus/Desktop/CFHTLenSmasks/W3p2m3_yzrgu_finalmask_mosaic.fits 45 IRAC detir meds
python /Users/perseus/Dropbox/Davis_work/code/GOODCODE/weightinguniversal_overlap_sampling_nobeta_WFI2033rethought.py WFI2033 /Volumes/perseus_1/CFHTLens_galphotmstar/W3p2p1_24galphotmstar.cat  /Users/perseus/Desktop/CFHTLenSmasks/W3p2p1_izrgu_finalmask_mosaic.fits 45 IRAC detir meds
python /Users/perseus/Dropbox/Davis_work/code/GOODCODE/weightinguniversal_overlap_sampling_nobeta_WFI2033rethought.py WFI2033 /Volumes/perseus_1/CFHTLens_galphotmstar/W3p2p2_24galphotmstar.cat  /Users/perseus/Desktop/CFHTLenSmasks/W3p2p2_izrgu_finalmask_mosaic.fits 45 IRAC detir meds
python /Users/perseus/Dropbox/Davis_work/code/GOODCODE/weightinguniversal_overlap_sampling_nobeta_WFI2033rethought.py WFI2033 /Volumes/perseus_1/CFHTLens_galphotmstar/W3p2p3_24galphotmstar.cat  /Users/perseus/Desktop/CFHTLenSmasks/W3p2p3_izrgu_finalmask_mosaic.fits 45 IRAC detir meds
python /Users/perseus/Dropbox/Davis_work/code/GOODCODE/weightinguniversal_overlap_sampling_nobeta_WFI2033rethought.py WFI2033 /Volumes/perseus_1/CFHTLens_galphotmstar/W3p3m0_24galphotmstar.cat  /Users/perseus/Desktop/CFHTLenSmasks/W3p3m0_izrgu_finalmask_mosaic.fits 45 IRAC detir meds

python /Users/perseus/Dropbox/Davis_work/code/GOODCODE/weightinguniversal_overlap_sampling_nobeta_WFI2033rethought.py WFI2033 /Volumes/perseus_1/CFHTLens_galphotmstar/W3m2m1_24galphotmstar.cat  /Users/perseus/Desktop/CFHTLenSmasks/W3m2m1_yzrgu_finalmask_mosaic.fits 45 noIRAC detir meds
python /Users/perseus/Dropbox/Davis_work/code/GOODCODE/weightinguniversal_overlap_sampling_nobeta_WFI2033rethought.py WFI2033 /Volumes/perseus_1/CFHTLens_galphotmstar/W3m2m2_24galphotmstar.cat  /Users/perseus/Desktop/CFHTLenSmasks/W3m2m2_izrgu_finalmask_mosaic.fits 45 noIRAC detir meds
python /Users/perseus/Dropbox/Davis_work/code/GOODCODE/weightinguniversal_overlap_sampling_nobeta_WFI2033rethought.py WFI2033 /Volumes/perseus_1/CFHTLens_galphotmstar/W3m2m3_24galphotmstar.cat  /Users/perseus/Desktop/CFHTLenSmasks/W3m2m3_izrgu_finalmask_mosaic.fits 45 noIRAC detir meds
python /Users/perseus/Dropbox/Davis_work/code/GOODCODE/weightinguniversal_overlap_sampling_nobeta_WFI2033rethought.py WFI2033 /Volumes/perseus_1/CFHTLens_galphotmstar/W3m2p1_24galphotmstar.cat  /Users/perseus/Desktop/CFHTLenSmasks/W3m2p1_yzrgu_finalmask_mosaic.fits 45 noIRAC detir meds
python /Users/perseus/Dropbox/Davis_work/code/GOODCODE/weightinguniversal_overlap_sampling_nobeta_WFI2033rethought.py WFI2033 /Volumes/perseus_1/CFHTLens_galphotmstar/W3m2p2_24galphotmstar.cat  /Users/perseus/Desktop/CFHTLenSmasks/W3m2p2_izrgu_finalmask_mosaic.fits 45 noIRAC detir meds
python /Users/perseus/Dropbox/Davis_work/code/GOODCODE/weightinguniversal_overlap_sampling_nobeta_WFI2033rethought.py WFI2033 /Volumes/perseus_1/CFHTLens_galphotmstar/W3m2p3_24galphotmstar.cat  /Users/perseus/Desktop/CFHTLenSmasks/W3m2p3_izrgu_finalmask_mosaic.fits 45 noIRAC detir meds
python /Users/perseus/Dropbox/Davis_work/code/GOODCODE/weightinguniversal_overlap_sampling_nobeta_WFI2033rethought.py WFI2033 /Volumes/perseus_1/CFHTLens_galphotmstar/W3m3m0_24galphotmstar.cat  /Users/perseus/Desktop/CFHTLenSmasks/W3m3m0_izrgu_finalmask_mosaic.fits 45 noIRAC detir meds
python /Users/perseus/Dropbox/Davis_work/code/GOODCODE/weightinguniversal_overlap_sampling_nobeta_WFI2033rethought.py WFI2033 /Volumes/perseus_1/CFHTLens_galphotmstar/W3m3m1_24galphotmstar.cat  /Users/perseus/Desktop/CFHTLenSmasks/W3m3m1_izrgu_finalmask_mosaic.fits 45 noIRAC detir meds
python /Users/perseus/Dropbox/Davis_work/code/GOODCODE/weightinguniversal_overlap_sampling_nobeta_WFI2033rethought.py WFI2033 /Volumes/perseus_1/CFHTLens_galphotmstar/W3m3m2_24galphotmstar.cat  /Users/perseus/Desktop/CFHTLenSmasks/W3m3m2_izrgu_finalmask_mosaic.fits 45 noIRAC detir meds
python /Users/perseus/Dropbox/Davis_work/code/GOODCODE/weightinguniversal_overlap_sampling_nobeta_WFI2033rethought.py WFI2033 /Volumes/perseus_1/CFHTLens_galphotmstar/W3m3m3_24galphotmstar.cat  /Users/perseus/Desktop/CFHTLenSmasks/W3m3m3_izrgu_finalmask_mosaic.fits 45 noIRAC detir meds
python /Users/perseus/Dropbox/Davis_work/code/GOODCODE/weightinguniversal_overlap_sampling_nobeta_WFI2033rethought.py WFI2033 /Volumes/perseus_1/CFHTLens_galphotmstar/W3m3p1_24galphotmstar.cat  /Users/perseus/Desktop/CFHTLenSmasks/W3m3p1_izrgu_finalmask_mosaic.fits 45 noIRAC detir meds
python /Users/perseus/Dropbox/Davis_work/code/GOODCODE/weightinguniversal_overlap_sampling_nobeta_WFI2033rethought.py WFI2033 /Volumes/perseus_1/CFHTLens_galphotmstar/W3m3p2_24galphotmstar.cat  /Users/perseus/Desktop/CFHTLenSmasks/W3m3p2_izrgu_finalmask_mosaic.fits 45 noIRAC detir meds
python /Users/perseus/Dropbox/Davis_work/code/GOODCODE/weightinguniversal_overlap_sampling_nobeta_WFI2033rethought.py WFI2033 /Volumes/perseus_1/CFHTLens_galphotmstar/W3m3p3_24galphotmstar.cat  /Users/perseus/Desktop/CFHTLenSmasks/W3m3p3_izrgu_finalmask_mosaic.fits 45 noIRAC detir meds
python /Users/perseus/Dropbox/Davis_work/code/GOODCODE/weightinguniversal_overlap_sampling_nobeta_WFI2033rethought.py WFI2033 /Volumes/perseus_1/CFHTLens_galphotmstar/W3p1m0_24galphotmstar.cat  /Users/perseus/Desktop/CFHTLenSmasks/W3p1m0_izrgu_finalmask_mosaic.fits 45 noIRAC detir meds
python /Users/perseus/Dropbox/Davis_work/code/GOODCODE/weightinguniversal_overlap_sampling_nobeta_WFI2033rethought.py WFI2033 /Volumes/perseus_1/CFHTLens_galphotmstar/W3p1m1_24galphotmstar.cat  /Users/perseus/Desktop/CFHTLenSmasks/W3p1m1_izrgu_finalmask_mosaic.fits 45 noIRAC detir meds
python /Users/perseus/Dropbox/Davis_work/code/GOODCODE/weightinguniversal_overlap_sampling_nobeta_WFI2033rethought.py WFI2033 /Volumes/perseus_1/CFHTLens_galphotmstar/W3p1m2_24galphotmstar.cat  /Users/perseus/Desktop/CFHTLenSmasks/W3p1m2_izrgu_finalmask_mosaic.fits 45 noIRAC detir meds
python /Users/perseus/Dropbox/Davis_work/code/GOODCODE/weightinguniversal_overlap_sampling_nobeta_WFI2033rethought.py WFI2033 /Volumes/perseus_1/CFHTLens_galphotmstar/W3p1m3_24galphotmstar.cat  /Users/perseus/Desktop/CFHTLenSmasks/W3p1m3_izrgu_finalmask_mosaic.fits 45 noIRAC detir meds
python /Users/perseus/Dropbox/Davis_work/code/GOODCODE/weightinguniversal_overlap_sampling_nobeta_WFI2033rethought.py WFI2033 /Volumes/perseus_1/CFHTLens_galphotmstar/W3p1p1_24galphotmstar.cat  /Users/perseus/Desktop/CFHTLenSmasks/W3p1p1_izrgu_finalmask_mosaic.fits 45 noIRAC detir meds
python /Users/perseus/Dropbox/Davis_work/code/GOODCODE/weightinguniversal_overlap_sampling_nobeta_WFI2033rethought.py WFI2033 /Volumes/perseus_1/CFHTLens_galphotmstar/W3p1p2_24galphotmstar.cat  /Users/perseus/Desktop/CFHTLenSmasks/W3p1p2_izrgu_finalmask_mosaic.fits 45 noIRAC detir meds
python /Users/perseus/Dropbox/Davis_work/code/GOODCODE/weightinguniversal_overlap_sampling_nobeta_WFI2033rethought.py WFI2033 /Volumes/perseus_1/CFHTLens_galphotmstar/W3p1p3_24galphotmstar.cat  /Users/perseus/Desktop/CFHTLenSmasks/W3p1p3_izrgu_finalmask_mosaic.fits 45 noIRAC detir meds
python /Users/perseus/Dropbox/Davis_work/code/GOODCODE/weightinguniversal_overlap_sampling_nobeta_WFI2033rethought.py WFI2033 /Volumes/perseus_1/CFHTLens_galphotmstar/W3p2m0_24galphotmstar.cat  /Users/perseus/Desktop/CFHTLenSmasks/W3p2m0_izrgu_finalmask_mosaic.fits 45 noIRAC detir meds
python /Users/perseus/Dropbox/Davis_work/code/GOODCODE/weightinguniversal_overlap_sampling_nobeta_WFI2033rethought.py WFI2033 /Volumes/perseus_1/CFHTLens_galphotmstar/W3p2m1_24galphotmstar.cat  /Users/perseus/Desktop/CFHTLenSmasks/W3p2m1_izrgu_finalmask_mosaic.fits 45 noIRAC detir meds
python /Users/perseus/Dropbox/Davis_work/code/GOODCODE/weightinguniversal_overlap_sampling_nobeta_WFI2033rethought.py WFI2033 /Volumes/perseus_1/CFHTLens_galphotmstar/W3p2m2_24galphotmstar.cat  /Users/perseus/Desktop/CFHTLenSmasks/W3p2m2_izrgu_finalmask_mosaic.fits 45 noIRAC detir meds
python /Users/perseus/Dropbox/Davis_work/code/GOODCODE/weightinguniversal_overlap_sampling_nobeta_WFI2033rethought.py WFI2033 /Volumes/perseus_1/CFHTLens_galphotmstar/W3p2m3_24galphotmstar.cat  /Users/perseus/Desktop/CFHTLenSmasks/W3p2m3_yzrgu_finalmask_mosaic.fits 45 noIRAC detir meds
python /Users/perseus/Dropbox/Davis_work/code/GOODCODE/weightinguniversal_overlap_sampling_nobeta_WFI2033rethought.py WFI2033 /Volumes/perseus_1/CFHTLens_galphotmstar/W3p2p1_24galphotmstar.cat  /Users/perseus/Desktop/CFHTLenSmasks/W3p2p1_izrgu_finalmask_mosaic.fits 45 noIRAC detir meds
python /Users/perseus/Dropbox/Davis_work/code/GOODCODE/weightinguniversal_overlap_sampling_nobeta_WFI2033rethought.py WFI2033 /Volumes/perseus_1/CFHTLens_galphotmstar/W3p2p2_24galphotmstar.cat  /Users/perseus/Desktop/CFHTLenSmasks/W3p2p2_izrgu_finalmask_mosaic.fits 45 noIRAC detir meds
python /Users/perseus/Dropbox/Davis_work/code/GOODCODE/weightinguniversal_overlap_sampling_nobeta_WFI2033rethought.py WFI2033 /Volumes/perseus_1/CFHTLens_galphotmstar/W3p2p3_24galphotmstar.cat  /Users/perseus/Desktop/CFHTLenSmasks/W3p2p3_izrgu_finalmask_mosaic.fits 45 noIRAC detir meds
python /Users/perseus/Dropbox/Davis_work/code/GOODCODE/weightinguniversal_overlap_sampling_nobeta_WFI2033rethought.py WFI2033 /Volumes/perseus_1/CFHTLens_galphotmstar/W3p3m0_24galphotmstar.cat  /Users/perseus/Desktop/CFHTLenSmasks/W3p3m0_izrgu_finalmask_mosaic.fits 45 noIRAC detir meds

