       python /Users/perseus/Dropbox/Davis_work/code/GOODCODE/weightinguniversal_overlap_sampling_nobeta_WFI2033nochanges.py WFI2033 /Volumes/perseus_1/CFHTLens_galphotmstar/W1p3m0_24galphotmstar.cat  /Users/perseus/Desktop/CFHTLenSmasks/W1p3m0_izrgu_finalmask_mosaic.fits 45 IRAC deti meds
       python /Users/perseus/Dropbox/Davis_work/code/GOODCODE/weightinguniversal_overlap_sampling_nobeta_WFI2033nochanges.py WFI2033 /Volumes/perseus_1/CFHTLens_galphotmstar/W1p3m1_24galphotmstar.cat  /Users/perseus/Desktop/CFHTLenSmasks/W1p3m1_izrgu_finalmask_mosaic.fits 45 IRAC deti meds
       python /Users/perseus/Dropbox/Davis_work/code/GOODCODE/weightinguniversal_overlap_sampling_nobeta_WFI2033nochanges.py WFI2033 /Volumes/perseus_1/CFHTLens_galphotmstar/W1p3m2_24galphotmstar.cat  /Users/perseus/Desktop/CFHTLenSmasks/W1p3m2_izrgu_finalmask_mosaic.fits 45 IRAC deti meds
       python /Users/perseus/Dropbox/Davis_work/code/GOODCODE/weightinguniversal_overlap_sampling_nobeta_WFI2033nochanges.py WFI2033 /Volumes/perseus_1/CFHTLens_galphotmstar/W1p3m3_24galphotmstar.cat  /Users/perseus/Desktop/CFHTLenSmasks/W1p3m3_izrgu_finalmask_mosaic.fits 45 IRAC deti meds
       python /Users/perseus/Dropbox/Davis_work/code/GOODCODE/weightinguniversal_overlap_sampling_nobeta_WFI2033nochanges.py WFI2033 /Volumes/perseus_1/CFHTLens_galphotmstar/W1p3m4_24galphotmstar.cat  /Users/perseus/Desktop/CFHTLenSmasks/W1p3m4_yzrgu_finalmask_mosaic.fits 45 IRAC deti meds
       python /Users/perseus/Dropbox/Davis_work/code/GOODCODE/weightinguniversal_overlap_sampling_nobeta_WFI2033nochanges.py WFI2033 /Volumes/perseus_1/CFHTLens_galphotmstar/W1p3p1_24galphotmstar.cat  /Users/perseus/Desktop/CFHTLenSmasks/W1p3p1_yzrgu_finalmask_mosaic.fits 45 IRAC deti meds
       python /Users/perseus/Dropbox/Davis_work/code/GOODCODE/weightinguniversal_overlap_sampling_nobeta_WFI2033nochanges.py WFI2033 /Volumes/perseus_1/CFHTLens_galphotmstar/W1p3p2_24galphotmstar.cat  /Users/perseus/Desktop/CFHTLenSmasks/W1p3p2_izrgu_finalmask_mosaic.fits 45 IRAC deti meds
       python /Users/perseus/Dropbox/Davis_work/code/GOODCODE/weightinguniversal_overlap_sampling_nobeta_WFI2033nochanges.py WFI2033 /Volumes/perseus_1/CFHTLens_galphotmstar/W1p3p3_24galphotmstar.cat  /Users/perseus/Desktop/CFHTLenSmasks/W1p3p3_izrgu_finalmask_mosaic.fits 45 IRAC deti meds
       python /Users/perseus/Dropbox/Davis_work/code/GOODCODE/weightinguniversal_overlap_sampling_nobeta_WFI2033nochanges.py WFI2033 /Volumes/perseus_1/CFHTLens_galphotmstar/W1p4m0_24galphotmstar.cat  /Users/perseus/Desktop/CFHTLenSmasks/W1p4m0_izrgu_finalmask_mosaic.fits 45 IRAC deti meds
       python /Users/perseus/Dropbox/Davis_work/code/GOODCODE/weightinguniversal_overlap_sampling_nobeta_WFI2033nochanges.py WFI2033 /Volumes/perseus_1/CFHTLens_galphotmstar/W1p4m1_24galphotmstar.cat  /Users/perseus/Desktop/CFHTLenSmasks/W1p4m1_izrgu_finalmask_mosaic.fits 45 IRAC deti meds
       python /Users/perseus/Dropbox/Davis_work/code/GOODCODE/weightinguniversal_overlap_sampling_nobeta_WFI2033nochanges.py WFI2033 /Volumes/perseus_1/CFHTLens_galphotmstar/W1p4m2_24galphotmstar.cat  /Users/perseus/Desktop/CFHTLenSmasks/W1p4m2_izrgu_finalmask_mosaic.fits 45 IRAC deti meds
       python /Users/perseus/Dropbox/Davis_work/code/GOODCODE/weightinguniversal_overlap_sampling_nobeta_WFI2033nochanges.py WFI2033 /Volumes/perseus_1/CFHTLens_galphotmstar/W1p4m3_24galphotmstar.cat  /Users/perseus/Desktop/CFHTLenSmasks/W1p4m3_izrgu_finalmask_mosaic.fits 45 IRAC deti meds
       python /Users/perseus/Dropbox/Davis_work/code/GOODCODE/weightinguniversal_overlap_sampling_nobeta_WFI2033nochanges.py WFI2033 /Volumes/perseus_1/CFHTLens_galphotmstar/W1p4m4_24galphotmstar.cat  /Users/perseus/Desktop/CFHTLenSmasks/W1p4m4_yzrgu_finalmask_mosaic.fits 45 IRAC deti meds
       python /Users/perseus/Dropbox/Davis_work/code/GOODCODE/weightinguniversal_overlap_sampling_nobeta_WFI2033nochanges.py WFI2033 /Volumes/perseus_1/CFHTLens_galphotmstar/W1p4p1_24galphotmstar.cat  /Users/perseus/Desktop/CFHTLenSmasks/W1p4p1_izrgu_finalmask_mosaic.fits 45 IRAC deti meds
       python /Users/perseus/Dropbox/Davis_work/code/GOODCODE/weightinguniversal_overlap_sampling_nobeta_WFI2033nochanges.py WFI2033 /Volumes/perseus_1/CFHTLens_galphotmstar/W1p4p2_24galphotmstar.cat  /Users/perseus/Desktop/CFHTLenSmasks/W1p4p2_izrgu_finalmask_mosaic.fits 45 IRAC deti meds
       python /Users/perseus/Dropbox/Davis_work/code/GOODCODE/weightinguniversal_overlap_sampling_nobeta_WFI2033nochanges.py WFI2033 /Volumes/perseus_1/CFHTLens_galphotmstar/W1p4p3_24galphotmstar.cat  /Users/perseus/Desktop/CFHTLenSmasks/W1p4p3_izrgu_finalmask_mosaic.fits 45 IRAC deti meds
       python /Users/perseus/Dropbox/Davis_work/code/GOODCODE/weightinguniversal_overlap_sampling_nobeta_WFI2033nochanges.py WFI2033 /Volumes/perseus_1/CFHTLens_galphotmstar/W2m0m0_24galphotmstar.cat  /Users/perseus/Desktop/CFHTLenSmasks/W2m0m0_izrgu_finalmask_mosaic.fits 45 IRAC deti meds
       python /Users/perseus/Dropbox/Davis_work/code/GOODCODE/weightinguniversal_overlap_sampling_nobeta_WFI2033nochanges.py WFI2033 /Volumes/perseus_1/CFHTLens_galphotmstar/W2m0m1_24galphotmstar.cat  /Users/perseus/Desktop/CFHTLenSmasks/W2m0m1_izrgu_finalmask_mosaic.fits 45 IRAC deti meds
       python /Users/perseus/Dropbox/Davis_work/code/GOODCODE/weightinguniversal_overlap_sampling_nobeta_WFI2033nochanges.py WFI2033 /Volumes/perseus_1/CFHTLens_galphotmstar/W2m0p1_24galphotmstar.cat  /Users/perseus/Desktop/CFHTLenSmasks/W2m0p1_izrgu_finalmask_mosaic.fits 45 IRAC deti meds
       python /Users/perseus/Dropbox/Davis_work/code/GOODCODE/weightinguniversal_overlap_sampling_nobeta_WFI2033nochanges.py WFI2033 /Volumes/perseus_1/CFHTLens_galphotmstar/W2m0p2_24galphotmstar.cat  /Users/perseus/Desktop/CFHTLenSmasks/W2m0p2_izrgu_finalmask_mosaic.fits 45 IRAC deti meds
       python /Users/perseus/Dropbox/Davis_work/code/GOODCODE/weightinguniversal_overlap_sampling_nobeta_WFI2033nochanges.py WFI2033 /Volumes/perseus_1/CFHTLens_galphotmstar/W2m0p3_24galphotmstar.cat  /Users/perseus/Desktop/CFHTLenSmasks/W2m0p3_izrgu_finalmask_mosaic.fits 45 IRAC deti meds
       python /Users/perseus/Dropbox/Davis_work/code/GOODCODE/weightinguniversal_overlap_sampling_nobeta_WFI2033nochanges.py WFI2033 /Volumes/perseus_1/CFHTLens_galphotmstar/W2m1m0_24galphotmstar.cat  /Users/perseus/Desktop/CFHTLenSmasks/W2m1m0_izrgu_finalmask_mosaic.fits 45 IRAC deti meds
       python /Users/perseus/Dropbox/Davis_work/code/GOODCODE/weightinguniversal_overlap_sampling_nobeta_WFI2033nochanges.py WFI2033 /Volumes/perseus_1/CFHTLens_galphotmstar/W2m1m1_24galphotmstar.cat  /Users/perseus/Desktop/CFHTLenSmasks/W2m1m1_izrgu_finalmask_mosaic.fits 45 IRAC deti meds
       python /Users/perseus/Dropbox/Davis_work/code/GOODCODE/weightinguniversal_overlap_sampling_nobeta_WFI2033nochanges.py WFI2033 /Volumes/perseus_1/CFHTLens_galphotmstar/W2m1p1_24galphotmstar.cat  /Users/perseus/Desktop/CFHTLenSmasks/W2m1p1_izrgu_finalmask_mosaic.fits 45 IRAC deti meds
       python /Users/perseus/Dropbox/Davis_work/code/GOODCODE/weightinguniversal_overlap_sampling_nobeta_WFI2033nochanges.py WFI2033 /Volumes/perseus_1/CFHTLens_galphotmstar/W2m1p2_24galphotmstar.cat  /Users/perseus/Desktop/CFHTLenSmasks/W2m1p2_izrgu_finalmask_mosaic.fits 45 IRAC deti meds
       python /Users/perseus/Dropbox/Davis_work/code/GOODCODE/weightinguniversal_overlap_sampling_nobeta_WFI2033nochanges.py WFI2033 /Volumes/perseus_1/CFHTLens_galphotmstar/W2m1p3_24galphotmstar.cat  /Users/perseus/Desktop/CFHTLenSmasks/W2m1p3_izrgu_finalmask_mosaic.fits 45 IRAC deti meds
       python /Users/perseus/Dropbox/Davis_work/code/GOODCODE/weightinguniversal_overlap_sampling_nobeta_WFI2033nochanges.py WFI2033 /Volumes/perseus_1/CFHTLens_galphotmstar/W2p1m0_24galphotmstar.cat  /Users/perseus/Desktop/CFHTLenSmasks/W2p1m0_izrgu_finalmask_mosaic.fits 45 IRAC deti meds
       python /Users/perseus/Dropbox/Davis_work/code/GOODCODE/weightinguniversal_overlap_sampling_nobeta_WFI2033nochanges.py WFI2033 /Volumes/perseus_1/CFHTLens_galphotmstar/W2p1m1_24galphotmstar.cat  /Users/perseus/Desktop/CFHTLenSmasks/W2p1m1_izrgu_finalmask_mosaic.fits 45 IRAC deti meds

python /Users/perseus/Dropbox/Davis_work/code/GOODCODE/weightinguniversal_overlap_sampling_nobeta_WFI2033rethought.py WFI2033 /Volumes/perseus_1/CFHTLens_galphotmstar/W1p3m0_24galphotmstar.cat  /Users/perseus/Desktop/CFHTLenSmasks/W1p3m0_izrgu_finalmask_mosaic.fits 45 IRAC deti meds
python /Users/perseus/Dropbox/Davis_work/code/GOODCODE/weightinguniversal_overlap_sampling_nobeta_WFI2033rethought.py WFI2033 /Volumes/perseus_1/CFHTLens_galphotmstar/W1p3m1_24galphotmstar.cat  /Users/perseus/Desktop/CFHTLenSmasks/W1p3m1_izrgu_finalmask_mosaic.fits 45 IRAC deti meds
python /Users/perseus/Dropbox/Davis_work/code/GOODCODE/weightinguniversal_overlap_sampling_nobeta_WFI2033rethought.py WFI2033 /Volumes/perseus_1/CFHTLens_galphotmstar/W1p3m2_24galphotmstar.cat  /Users/perseus/Desktop/CFHTLenSmasks/W1p3m2_izrgu_finalmask_mosaic.fits 45 IRAC deti meds
python /Users/perseus/Dropbox/Davis_work/code/GOODCODE/weightinguniversal_overlap_sampling_nobeta_WFI2033rethought.py WFI2033 /Volumes/perseus_1/CFHTLens_galphotmstar/W1p3m3_24galphotmstar.cat  /Users/perseus/Desktop/CFHTLenSmasks/W1p3m3_izrgu_finalmask_mosaic.fits 45 IRAC deti meds
python /Users/perseus/Dropbox/Davis_work/code/GOODCODE/weightinguniversal_overlap_sampling_nobeta_WFI2033rethought.py WFI2033 /Volumes/perseus_1/CFHTLens_galphotmstar/W1p3m4_24galphotmstar.cat  /Users/perseus/Desktop/CFHTLenSmasks/W1p3m4_yzrgu_finalmask_mosaic.fits 45 IRAC deti meds
python /Users/perseus/Dropbox/Davis_work/code/GOODCODE/weightinguniversal_overlap_sampling_nobeta_WFI2033rethought.py WFI2033 /Volumes/perseus_1/CFHTLens_galphotmstar/W1p3p1_24galphotmstar.cat  /Users/perseus/Desktop/CFHTLenSmasks/W1p3p1_yzrgu_finalmask_mosaic.fits 45 IRAC deti meds
python /Users/perseus/Dropbox/Davis_work/code/GOODCODE/weightinguniversal_overlap_sampling_nobeta_WFI2033rethought.py WFI2033 /Volumes/perseus_1/CFHTLens_galphotmstar/W1p3p2_24galphotmstar.cat  /Users/perseus/Desktop/CFHTLenSmasks/W1p3p2_izrgu_finalmask_mosaic.fits 45 IRAC deti meds
python /Users/perseus/Dropbox/Davis_work/code/GOODCODE/weightinguniversal_overlap_sampling_nobeta_WFI2033rethought.py WFI2033 /Volumes/perseus_1/CFHTLens_galphotmstar/W1p3p3_24galphotmstar.cat  /Users/perseus/Desktop/CFHTLenSmasks/W1p3p3_izrgu_finalmask_mosaic.fits 45 IRAC deti meds
python /Users/perseus/Dropbox/Davis_work/code/GOODCODE/weightinguniversal_overlap_sampling_nobeta_WFI2033rethought.py WFI2033 /Volumes/perseus_1/CFHTLens_galphotmstar/W1p4m0_24galphotmstar.cat  /Users/perseus/Desktop/CFHTLenSmasks/W1p4m0_izrgu_finalmask_mosaic.fits 45 IRAC deti meds
python /Users/perseus/Dropbox/Davis_work/code/GOODCODE/weightinguniversal_overlap_sampling_nobeta_WFI2033rethought.py WFI2033 /Volumes/perseus_1/CFHTLens_galphotmstar/W1p4m1_24galphotmstar.cat  /Users/perseus/Desktop/CFHTLenSmasks/W1p4m1_izrgu_finalmask_mosaic.fits 45 IRAC deti meds
python /Users/perseus/Dropbox/Davis_work/code/GOODCODE/weightinguniversal_overlap_sampling_nobeta_WFI2033rethought.py WFI2033 /Volumes/perseus_1/CFHTLens_galphotmstar/W1p4m2_24galphotmstar.cat  /Users/perseus/Desktop/CFHTLenSmasks/W1p4m2_izrgu_finalmask_mosaic.fits 45 IRAC deti meds
python /Users/perseus/Dropbox/Davis_work/code/GOODCODE/weightinguniversal_overlap_sampling_nobeta_WFI2033rethought.py WFI2033 /Volumes/perseus_1/CFHTLens_galphotmstar/W1p4m3_24galphotmstar.cat  /Users/perseus/Desktop/CFHTLenSmasks/W1p4m3_izrgu_finalmask_mosaic.fits 45 IRAC deti meds
python /Users/perseus/Dropbox/Davis_work/code/GOODCODE/weightinguniversal_overlap_sampling_nobeta_WFI2033rethought.py WFI2033 /Volumes/perseus_1/CFHTLens_galphotmstar/W1p4m4_24galphotmstar.cat  /Users/perseus/Desktop/CFHTLenSmasks/W1p4m4_yzrgu_finalmask_mosaic.fits 45 IRAC deti meds
python /Users/perseus/Dropbox/Davis_work/code/GOODCODE/weightinguniversal_overlap_sampling_nobeta_WFI2033rethought.py WFI2033 /Volumes/perseus_1/CFHTLens_galphotmstar/W1p4p1_24galphotmstar.cat  /Users/perseus/Desktop/CFHTLenSmasks/W1p4p1_izrgu_finalmask_mosaic.fits 45 IRAC deti meds
python /Users/perseus/Dropbox/Davis_work/code/GOODCODE/weightinguniversal_overlap_sampling_nobeta_WFI2033rethought.py WFI2033 /Volumes/perseus_1/CFHTLens_galphotmstar/W1p4p2_24galphotmstar.cat  /Users/perseus/Desktop/CFHTLenSmasks/W1p4p2_izrgu_finalmask_mosaic.fits 45 IRAC deti meds
python /Users/perseus/Dropbox/Davis_work/code/GOODCODE/weightinguniversal_overlap_sampling_nobeta_WFI2033rethought.py WFI2033 /Volumes/perseus_1/CFHTLens_galphotmstar/W1p4p3_24galphotmstar.cat  /Users/perseus/Desktop/CFHTLenSmasks/W1p4p3_izrgu_finalmask_mosaic.fits 45 IRAC deti meds
python /Users/perseus/Dropbox/Davis_work/code/GOODCODE/weightinguniversal_overlap_sampling_nobeta_WFI2033rethought.py WFI2033 /Volumes/perseus_1/CFHTLens_galphotmstar/W2m0m0_24galphotmstar.cat  /Users/perseus/Desktop/CFHTLenSmasks/W2m0m0_izrgu_finalmask_mosaic.fits 45 IRAC deti meds
python /Users/perseus/Dropbox/Davis_work/code/GOODCODE/weightinguniversal_overlap_sampling_nobeta_WFI2033rethought.py WFI2033 /Volumes/perseus_1/CFHTLens_galphotmstar/W2m0m1_24galphotmstar.cat  /Users/perseus/Desktop/CFHTLenSmasks/W2m0m1_izrgu_finalmask_mosaic.fits 45 IRAC deti meds
python /Users/perseus/Dropbox/Davis_work/code/GOODCODE/weightinguniversal_overlap_sampling_nobeta_WFI2033rethought.py WFI2033 /Volumes/perseus_1/CFHTLens_galphotmstar/W2m0p1_24galphotmstar.cat  /Users/perseus/Desktop/CFHTLenSmasks/W2m0p1_izrgu_finalmask_mosaic.fits 45 IRAC deti meds
python /Users/perseus/Dropbox/Davis_work/code/GOODCODE/weightinguniversal_overlap_sampling_nobeta_WFI2033rethought.py WFI2033 /Volumes/perseus_1/CFHTLens_galphotmstar/W2m0p2_24galphotmstar.cat  /Users/perseus/Desktop/CFHTLenSmasks/W2m0p2_izrgu_finalmask_mosaic.fits 45 IRAC deti meds
python /Users/perseus/Dropbox/Davis_work/code/GOODCODE/weightinguniversal_overlap_sampling_nobeta_WFI2033rethought.py WFI2033 /Volumes/perseus_1/CFHTLens_galphotmstar/W2m0p3_24galphotmstar.cat  /Users/perseus/Desktop/CFHTLenSmasks/W2m0p3_izrgu_finalmask_mosaic.fits 45 IRAC deti meds
python /Users/perseus/Dropbox/Davis_work/code/GOODCODE/weightinguniversal_overlap_sampling_nobeta_WFI2033rethought.py WFI2033 /Volumes/perseus_1/CFHTLens_galphotmstar/W2m1m0_24galphotmstar.cat  /Users/perseus/Desktop/CFHTLenSmasks/W2m1m0_izrgu_finalmask_mosaic.fits 45 IRAC deti meds
python /Users/perseus/Dropbox/Davis_work/code/GOODCODE/weightinguniversal_overlap_sampling_nobeta_WFI2033rethought.py WFI2033 /Volumes/perseus_1/CFHTLens_galphotmstar/W2m1m1_24galphotmstar.cat  /Users/perseus/Desktop/CFHTLenSmasks/W2m1m1_izrgu_finalmask_mosaic.fits 45 IRAC deti meds
python /Users/perseus/Dropbox/Davis_work/code/GOODCODE/weightinguniversal_overlap_sampling_nobeta_WFI2033rethought.py WFI2033 /Volumes/perseus_1/CFHTLens_galphotmstar/W2m1p1_24galphotmstar.cat  /Users/perseus/Desktop/CFHTLenSmasks/W2m1p1_izrgu_finalmask_mosaic.fits 45 IRAC deti meds
python /Users/perseus/Dropbox/Davis_work/code/GOODCODE/weightinguniversal_overlap_sampling_nobeta_WFI2033rethought.py WFI2033 /Volumes/perseus_1/CFHTLens_galphotmstar/W2m1p2_24galphotmstar.cat  /Users/perseus/Desktop/CFHTLenSmasks/W2m1p2_izrgu_finalmask_mosaic.fits 45 IRAC deti meds
python /Users/perseus/Dropbox/Davis_work/code/GOODCODE/weightinguniversal_overlap_sampling_nobeta_WFI2033rethought.py WFI2033 /Volumes/perseus_1/CFHTLens_galphotmstar/W2m1p3_24galphotmstar.cat  /Users/perseus/Desktop/CFHTLenSmasks/W2m1p3_izrgu_finalmask_mosaic.fits 45 IRAC deti meds
python /Users/perseus/Dropbox/Davis_work/code/GOODCODE/weightinguniversal_overlap_sampling_nobeta_WFI2033rethought.py WFI2033 /Volumes/perseus_1/CFHTLens_galphotmstar/W2p1m0_24galphotmstar.cat  /Users/perseus/Desktop/CFHTLenSmasks/W2p1m0_izrgu_finalmask_mosaic.fits 45 IRAC deti meds
python /Users/perseus/Dropbox/Davis_work/code/GOODCODE/weightinguniversal_overlap_sampling_nobeta_WFI2033rethought.py WFI2033 /Volumes/perseus_1/CFHTLens_galphotmstar/W2p1m1_24galphotmstar.cat  /Users/perseus/Desktop/CFHTLenSmasks/W2p1m1_izrgu_finalmask_mosaic.fits 45 IRAC deti meds

python /Users/perseus/Dropbox/Davis_work/code/GOODCODE/weightinguniversal_overlap_sampling_nobeta_WFI2033rethought.py WFI2033 /Volumes/perseus_1/CFHTLens_galphotmstar/W1p3m0_24galphotmstar.cat  /Users/perseus/Desktop/CFHTLenSmasks/W1p3m0_izrgu_finalmask_mosaic.fits 45 noIRAC deti meds
python /Users/perseus/Dropbox/Davis_work/code/GOODCODE/weightinguniversal_overlap_sampling_nobeta_WFI2033rethought.py WFI2033 /Volumes/perseus_1/CFHTLens_galphotmstar/W1p3m1_24galphotmstar.cat  /Users/perseus/Desktop/CFHTLenSmasks/W1p3m1_izrgu_finalmask_mosaic.fits 45 noIRAC deti meds
python /Users/perseus/Dropbox/Davis_work/code/GOODCODE/weightinguniversal_overlap_sampling_nobeta_WFI2033rethought.py WFI2033 /Volumes/perseus_1/CFHTLens_galphotmstar/W1p3m2_24galphotmstar.cat  /Users/perseus/Desktop/CFHTLenSmasks/W1p3m2_izrgu_finalmask_mosaic.fits 45 noIRAC deti meds
python /Users/perseus/Dropbox/Davis_work/code/GOODCODE/weightinguniversal_overlap_sampling_nobeta_WFI2033rethought.py WFI2033 /Volumes/perseus_1/CFHTLens_galphotmstar/W1p3m3_24galphotmstar.cat  /Users/perseus/Desktop/CFHTLenSmasks/W1p3m3_izrgu_finalmask_mosaic.fits 45 noIRAC deti meds
python /Users/perseus/Dropbox/Davis_work/code/GOODCODE/weightinguniversal_overlap_sampling_nobeta_WFI2033rethought.py WFI2033 /Volumes/perseus_1/CFHTLens_galphotmstar/W1p3m4_24galphotmstar.cat  /Users/perseus/Desktop/CFHTLenSmasks/W1p3m4_yzrgu_finalmask_mosaic.fits 45 noIRAC deti meds
python /Users/perseus/Dropbox/Davis_work/code/GOODCODE/weightinguniversal_overlap_sampling_nobeta_WFI2033rethought.py WFI2033 /Volumes/perseus_1/CFHTLens_galphotmstar/W1p3p1_24galphotmstar.cat  /Users/perseus/Desktop/CFHTLenSmasks/W1p3p1_yzrgu_finalmask_mosaic.fits 45 noIRAC deti meds
python /Users/perseus/Dropbox/Davis_work/code/GOODCODE/weightinguniversal_overlap_sampling_nobeta_WFI2033rethought.py WFI2033 /Volumes/perseus_1/CFHTLens_galphotmstar/W1p3p2_24galphotmstar.cat  /Users/perseus/Desktop/CFHTLenSmasks/W1p3p2_izrgu_finalmask_mosaic.fits 45 noIRAC deti meds
python /Users/perseus/Dropbox/Davis_work/code/GOODCODE/weightinguniversal_overlap_sampling_nobeta_WFI2033rethought.py WFI2033 /Volumes/perseus_1/CFHTLens_galphotmstar/W1p3p3_24galphotmstar.cat  /Users/perseus/Desktop/CFHTLenSmasks/W1p3p3_izrgu_finalmask_mosaic.fits 45 noIRAC deti meds
python /Users/perseus/Dropbox/Davis_work/code/GOODCODE/weightinguniversal_overlap_sampling_nobeta_WFI2033rethought.py WFI2033 /Volumes/perseus_1/CFHTLens_galphotmstar/W1p4m0_24galphotmstar.cat  /Users/perseus/Desktop/CFHTLenSmasks/W1p4m0_izrgu_finalmask_mosaic.fits 45 noIRAC deti meds
python /Users/perseus/Dropbox/Davis_work/code/GOODCODE/weightinguniversal_overlap_sampling_nobeta_WFI2033rethought.py WFI2033 /Volumes/perseus_1/CFHTLens_galphotmstar/W1p4m1_24galphotmstar.cat  /Users/perseus/Desktop/CFHTLenSmasks/W1p4m1_izrgu_finalmask_mosaic.fits 45 noIRAC deti meds
python /Users/perseus/Dropbox/Davis_work/code/GOODCODE/weightinguniversal_overlap_sampling_nobeta_WFI2033rethought.py WFI2033 /Volumes/perseus_1/CFHTLens_galphotmstar/W1p4m2_24galphotmstar.cat  /Users/perseus/Desktop/CFHTLenSmasks/W1p4m2_izrgu_finalmask_mosaic.fits 45 noIRAC deti meds
python /Users/perseus/Dropbox/Davis_work/code/GOODCODE/weightinguniversal_overlap_sampling_nobeta_WFI2033rethought.py WFI2033 /Volumes/perseus_1/CFHTLens_galphotmstar/W1p4m3_24galphotmstar.cat  /Users/perseus/Desktop/CFHTLenSmasks/W1p4m3_izrgu_finalmask_mosaic.fits 45 noIRAC deti meds
python /Users/perseus/Dropbox/Davis_work/code/GOODCODE/weightinguniversal_overlap_sampling_nobeta_WFI2033rethought.py WFI2033 /Volumes/perseus_1/CFHTLens_galphotmstar/W1p4m4_24galphotmstar.cat  /Users/perseus/Desktop/CFHTLenSmasks/W1p4m4_yzrgu_finalmask_mosaic.fits 45 noIRAC deti meds
python /Users/perseus/Dropbox/Davis_work/code/GOODCODE/weightinguniversal_overlap_sampling_nobeta_WFI2033rethought.py WFI2033 /Volumes/perseus_1/CFHTLens_galphotmstar/W1p4p1_24galphotmstar.cat  /Users/perseus/Desktop/CFHTLenSmasks/W1p4p1_izrgu_finalmask_mosaic.fits 45 noIRAC deti meds
python /Users/perseus/Dropbox/Davis_work/code/GOODCODE/weightinguniversal_overlap_sampling_nobeta_WFI2033rethought.py WFI2033 /Volumes/perseus_1/CFHTLens_galphotmstar/W1p4p2_24galphotmstar.cat  /Users/perseus/Desktop/CFHTLenSmasks/W1p4p2_izrgu_finalmask_mosaic.fits 45 noIRAC deti meds
python /Users/perseus/Dropbox/Davis_work/code/GOODCODE/weightinguniversal_overlap_sampling_nobeta_WFI2033rethought.py WFI2033 /Volumes/perseus_1/CFHTLens_galphotmstar/W1p4p3_24galphotmstar.cat  /Users/perseus/Desktop/CFHTLenSmasks/W1p4p3_izrgu_finalmask_mosaic.fits 45 noIRAC deti meds
python /Users/perseus/Dropbox/Davis_work/code/GOODCODE/weightinguniversal_overlap_sampling_nobeta_WFI2033rethought.py WFI2033 /Volumes/perseus_1/CFHTLens_galphotmstar/W2m0m0_24galphotmstar.cat  /Users/perseus/Desktop/CFHTLenSmasks/W2m0m0_izrgu_finalmask_mosaic.fits 45 noIRAC deti meds
python /Users/perseus/Dropbox/Davis_work/code/GOODCODE/weightinguniversal_overlap_sampling_nobeta_WFI2033rethought.py WFI2033 /Volumes/perseus_1/CFHTLens_galphotmstar/W2m0m1_24galphotmstar.cat  /Users/perseus/Desktop/CFHTLenSmasks/W2m0m1_izrgu_finalmask_mosaic.fits 45 noIRAC deti meds
python /Users/perseus/Dropbox/Davis_work/code/GOODCODE/weightinguniversal_overlap_sampling_nobeta_WFI2033rethought.py WFI2033 /Volumes/perseus_1/CFHTLens_galphotmstar/W2m0p1_24galphotmstar.cat  /Users/perseus/Desktop/CFHTLenSmasks/W2m0p1_izrgu_finalmask_mosaic.fits 45 noIRAC deti meds
python /Users/perseus/Dropbox/Davis_work/code/GOODCODE/weightinguniversal_overlap_sampling_nobeta_WFI2033rethought.py WFI2033 /Volumes/perseus_1/CFHTLens_galphotmstar/W2m0p2_24galphotmstar.cat  /Users/perseus/Desktop/CFHTLenSmasks/W2m0p2_izrgu_finalmask_mosaic.fits 45 noIRAC deti meds
python /Users/perseus/Dropbox/Davis_work/code/GOODCODE/weightinguniversal_overlap_sampling_nobeta_WFI2033rethought.py WFI2033 /Volumes/perseus_1/CFHTLens_galphotmstar/W2m0p3_24galphotmstar.cat  /Users/perseus/Desktop/CFHTLenSmasks/W2m0p3_izrgu_finalmask_mosaic.fits 45 noIRAC deti meds
python /Users/perseus/Dropbox/Davis_work/code/GOODCODE/weightinguniversal_overlap_sampling_nobeta_WFI2033rethought.py WFI2033 /Volumes/perseus_1/CFHTLens_galphotmstar/W2m1m0_24galphotmstar.cat  /Users/perseus/Desktop/CFHTLenSmasks/W2m1m0_izrgu_finalmask_mosaic.fits 45 noIRAC deti meds
python /Users/perseus/Dropbox/Davis_work/code/GOODCODE/weightinguniversal_overlap_sampling_nobeta_WFI2033rethought.py WFI2033 /Volumes/perseus_1/CFHTLens_galphotmstar/W2m1m1_24galphotmstar.cat  /Users/perseus/Desktop/CFHTLenSmasks/W2m1m1_izrgu_finalmask_mosaic.fits 45 noIRAC deti meds
python /Users/perseus/Dropbox/Davis_work/code/GOODCODE/weightinguniversal_overlap_sampling_nobeta_WFI2033rethought.py WFI2033 /Volumes/perseus_1/CFHTLens_galphotmstar/W2m1p1_24galphotmstar.cat  /Users/perseus/Desktop/CFHTLenSmasks/W2m1p1_izrgu_finalmask_mosaic.fits 45 noIRAC deti meds
python /Users/perseus/Dropbox/Davis_work/code/GOODCODE/weightinguniversal_overlap_sampling_nobeta_WFI2033rethought.py WFI2033 /Volumes/perseus_1/CFHTLens_galphotmstar/W2m1p2_24galphotmstar.cat  /Users/perseus/Desktop/CFHTLenSmasks/W2m1p2_izrgu_finalmask_mosaic.fits 45 noIRAC deti meds
python /Users/perseus/Dropbox/Davis_work/code/GOODCODE/weightinguniversal_overlap_sampling_nobeta_WFI2033rethought.py WFI2033 /Volumes/perseus_1/CFHTLens_galphotmstar/W2m1p3_24galphotmstar.cat  /Users/perseus/Desktop/CFHTLenSmasks/W2m1p3_izrgu_finalmask_mosaic.fits 45 noIRAC deti meds
python /Users/perseus/Dropbox/Davis_work/code/GOODCODE/weightinguniversal_overlap_sampling_nobeta_WFI2033rethought.py WFI2033 /Volumes/perseus_1/CFHTLens_galphotmstar/W2p1m0_24galphotmstar.cat  /Users/perseus/Desktop/CFHTLenSmasks/W2p1m0_izrgu_finalmask_mosaic.fits 45 noIRAC deti meds
python /Users/perseus/Dropbox/Davis_work/code/GOODCODE/weightinguniversal_overlap_sampling_nobeta_WFI2033rethought.py WFI2033 /Volumes/perseus_1/CFHTLens_galphotmstar/W2p1m1_24galphotmstar.cat  /Users/perseus/Desktop/CFHTLenSmasks/W2p1m1_izrgu_finalmask_mosaic.fits 45 noIRAC deti meds

python /Users/perseus/Dropbox/Davis_work/code/GOODCODE/weightinguniversal_overlap_sampling_nobeta_WFI2033rethought.py WFI2033 /Volumes/perseus_1/CFHTLens_galphotmstar/W1p3m0_24galphotmstar.cat  /Users/perseus/Desktop/CFHTLenSmasks/W1p3m0_izrgu_finalmask_mosaic.fits 45 IRAC detir meds
python /Users/perseus/Dropbox/Davis_work/code/GOODCODE/weightinguniversal_overlap_sampling_nobeta_WFI2033rethought.py WFI2033 /Volumes/perseus_1/CFHTLens_galphotmstar/W1p3m1_24galphotmstar.cat  /Users/perseus/Desktop/CFHTLenSmasks/W1p3m1_izrgu_finalmask_mosaic.fits 45 IRAC detir meds
python /Users/perseus/Dropbox/Davis_work/code/GOODCODE/weightinguniversal_overlap_sampling_nobeta_WFI2033rethought.py WFI2033 /Volumes/perseus_1/CFHTLens_galphotmstar/W1p3m2_24galphotmstar.cat  /Users/perseus/Desktop/CFHTLenSmasks/W1p3m2_izrgu_finalmask_mosaic.fits 45 IRAC detir meds
python /Users/perseus/Dropbox/Davis_work/code/GOODCODE/weightinguniversal_overlap_sampling_nobeta_WFI2033rethought.py WFI2033 /Volumes/perseus_1/CFHTLens_galphotmstar/W1p3m3_24galphotmstar.cat  /Users/perseus/Desktop/CFHTLenSmasks/W1p3m3_izrgu_finalmask_mosaic.fits 45 IRAC detir meds
python /Users/perseus/Dropbox/Davis_work/code/GOODCODE/weightinguniversal_overlap_sampling_nobeta_WFI2033rethought.py WFI2033 /Volumes/perseus_1/CFHTLens_galphotmstar/W1p3m4_24galphotmstar.cat  /Users/perseus/Desktop/CFHTLenSmasks/W1p3m4_yzrgu_finalmask_mosaic.fits 45 IRAC detir meds
python /Users/perseus/Dropbox/Davis_work/code/GOODCODE/weightinguniversal_overlap_sampling_nobeta_WFI2033rethought.py WFI2033 /Volumes/perseus_1/CFHTLens_galphotmstar/W1p3p1_24galphotmstar.cat  /Users/perseus/Desktop/CFHTLenSmasks/W1p3p1_yzrgu_finalmask_mosaic.fits 45 IRAC detir meds
python /Users/perseus/Dropbox/Davis_work/code/GOODCODE/weightinguniversal_overlap_sampling_nobeta_WFI2033rethought.py WFI2033 /Volumes/perseus_1/CFHTLens_galphotmstar/W1p3p2_24galphotmstar.cat  /Users/perseus/Desktop/CFHTLenSmasks/W1p3p2_izrgu_finalmask_mosaic.fits 45 IRAC detir meds
python /Users/perseus/Dropbox/Davis_work/code/GOODCODE/weightinguniversal_overlap_sampling_nobeta_WFI2033rethought.py WFI2033 /Volumes/perseus_1/CFHTLens_galphotmstar/W1p3p3_24galphotmstar.cat  /Users/perseus/Desktop/CFHTLenSmasks/W1p3p3_izrgu_finalmask_mosaic.fits 45 IRAC detir meds
python /Users/perseus/Dropbox/Davis_work/code/GOODCODE/weightinguniversal_overlap_sampling_nobeta_WFI2033rethought.py WFI2033 /Volumes/perseus_1/CFHTLens_galphotmstar/W1p4m0_24galphotmstar.cat  /Users/perseus/Desktop/CFHTLenSmasks/W1p4m0_izrgu_finalmask_mosaic.fits 45 IRAC detir meds
python /Users/perseus/Dropbox/Davis_work/code/GOODCODE/weightinguniversal_overlap_sampling_nobeta_WFI2033rethought.py WFI2033 /Volumes/perseus_1/CFHTLens_galphotmstar/W1p4m1_24galphotmstar.cat  /Users/perseus/Desktop/CFHTLenSmasks/W1p4m1_izrgu_finalmask_mosaic.fits 45 IRAC detir meds
python /Users/perseus/Dropbox/Davis_work/code/GOODCODE/weightinguniversal_overlap_sampling_nobeta_WFI2033rethought.py WFI2033 /Volumes/perseus_1/CFHTLens_galphotmstar/W1p4m2_24galphotmstar.cat  /Users/perseus/Desktop/CFHTLenSmasks/W1p4m2_izrgu_finalmask_mosaic.fits 45 IRAC detir meds
python /Users/perseus/Dropbox/Davis_work/code/GOODCODE/weightinguniversal_overlap_sampling_nobeta_WFI2033rethought.py WFI2033 /Volumes/perseus_1/CFHTLens_galphotmstar/W1p4m3_24galphotmstar.cat  /Users/perseus/Desktop/CFHTLenSmasks/W1p4m3_izrgu_finalmask_mosaic.fits 45 IRAC detir meds
python /Users/perseus/Dropbox/Davis_work/code/GOODCODE/weightinguniversal_overlap_sampling_nobeta_WFI2033rethought.py WFI2033 /Volumes/perseus_1/CFHTLens_galphotmstar/W1p4m4_24galphotmstar.cat  /Users/perseus/Desktop/CFHTLenSmasks/W1p4m4_yzrgu_finalmask_mosaic.fits 45 IRAC detir meds
python /Users/perseus/Dropbox/Davis_work/code/GOODCODE/weightinguniversal_overlap_sampling_nobeta_WFI2033rethought.py WFI2033 /Volumes/perseus_1/CFHTLens_galphotmstar/W1p4p1_24galphotmstar.cat  /Users/perseus/Desktop/CFHTLenSmasks/W1p4p1_izrgu_finalmask_mosaic.fits 45 IRAC detir meds
python /Users/perseus/Dropbox/Davis_work/code/GOODCODE/weightinguniversal_overlap_sampling_nobeta_WFI2033rethought.py WFI2033 /Volumes/perseus_1/CFHTLens_galphotmstar/W1p4p2_24galphotmstar.cat  /Users/perseus/Desktop/CFHTLenSmasks/W1p4p2_izrgu_finalmask_mosaic.fits 45 IRAC detir meds
python /Users/perseus/Dropbox/Davis_work/code/GOODCODE/weightinguniversal_overlap_sampling_nobeta_WFI2033rethought.py WFI2033 /Volumes/perseus_1/CFHTLens_galphotmstar/W1p4p3_24galphotmstar.cat  /Users/perseus/Desktop/CFHTLenSmasks/W1p4p3_izrgu_finalmask_mosaic.fits 45 IRAC detir meds
python /Users/perseus/Dropbox/Davis_work/code/GOODCODE/weightinguniversal_overlap_sampling_nobeta_WFI2033rethought.py WFI2033 /Volumes/perseus_1/CFHTLens_galphotmstar/W2m0m0_24galphotmstar.cat  /Users/perseus/Desktop/CFHTLenSmasks/W2m0m0_izrgu_finalmask_mosaic.fits 45 IRAC detir meds
python /Users/perseus/Dropbox/Davis_work/code/GOODCODE/weightinguniversal_overlap_sampling_nobeta_WFI2033rethought.py WFI2033 /Volumes/perseus_1/CFHTLens_galphotmstar/W2m0m1_24galphotmstar.cat  /Users/perseus/Desktop/CFHTLenSmasks/W2m0m1_izrgu_finalmask_mosaic.fits 45 IRAC detir meds
python /Users/perseus/Dropbox/Davis_work/code/GOODCODE/weightinguniversal_overlap_sampling_nobeta_WFI2033rethought.py WFI2033 /Volumes/perseus_1/CFHTLens_galphotmstar/W2m0p1_24galphotmstar.cat  /Users/perseus/Desktop/CFHTLenSmasks/W2m0p1_izrgu_finalmask_mosaic.fits 45 IRAC detir meds
python /Users/perseus/Dropbox/Davis_work/code/GOODCODE/weightinguniversal_overlap_sampling_nobeta_WFI2033rethought.py WFI2033 /Volumes/perseus_1/CFHTLens_galphotmstar/W2m0p2_24galphotmstar.cat  /Users/perseus/Desktop/CFHTLenSmasks/W2m0p2_izrgu_finalmask_mosaic.fits 45 IRAC detir meds
python /Users/perseus/Dropbox/Davis_work/code/GOODCODE/weightinguniversal_overlap_sampling_nobeta_WFI2033rethought.py WFI2033 /Volumes/perseus_1/CFHTLens_galphotmstar/W2m0p3_24galphotmstar.cat  /Users/perseus/Desktop/CFHTLenSmasks/W2m0p3_izrgu_finalmask_mosaic.fits 45 IRAC detir meds
python /Users/perseus/Dropbox/Davis_work/code/GOODCODE/weightinguniversal_overlap_sampling_nobeta_WFI2033rethought.py WFI2033 /Volumes/perseus_1/CFHTLens_galphotmstar/W2m1m0_24galphotmstar.cat  /Users/perseus/Desktop/CFHTLenSmasks/W2m1m0_izrgu_finalmask_mosaic.fits 45 IRAC detir meds
python /Users/perseus/Dropbox/Davis_work/code/GOODCODE/weightinguniversal_overlap_sampling_nobeta_WFI2033rethought.py WFI2033 /Volumes/perseus_1/CFHTLens_galphotmstar/W2m1m1_24galphotmstar.cat  /Users/perseus/Desktop/CFHTLenSmasks/W2m1m1_izrgu_finalmask_mosaic.fits 45 IRAC detir meds
python /Users/perseus/Dropbox/Davis_work/code/GOODCODE/weightinguniversal_overlap_sampling_nobeta_WFI2033rethought.py WFI2033 /Volumes/perseus_1/CFHTLens_galphotmstar/W2m1p1_24galphotmstar.cat  /Users/perseus/Desktop/CFHTLenSmasks/W2m1p1_izrgu_finalmask_mosaic.fits 45 IRAC detir meds
python /Users/perseus/Dropbox/Davis_work/code/GOODCODE/weightinguniversal_overlap_sampling_nobeta_WFI2033rethought.py WFI2033 /Volumes/perseus_1/CFHTLens_galphotmstar/W2m1p2_24galphotmstar.cat  /Users/perseus/Desktop/CFHTLenSmasks/W2m1p2_izrgu_finalmask_mosaic.fits 45 IRAC detir meds
python /Users/perseus/Dropbox/Davis_work/code/GOODCODE/weightinguniversal_overlap_sampling_nobeta_WFI2033rethought.py WFI2033 /Volumes/perseus_1/CFHTLens_galphotmstar/W2m1p3_24galphotmstar.cat  /Users/perseus/Desktop/CFHTLenSmasks/W2m1p3_izrgu_finalmask_mosaic.fits 45 IRAC detir meds
python /Users/perseus/Dropbox/Davis_work/code/GOODCODE/weightinguniversal_overlap_sampling_nobeta_WFI2033rethought.py WFI2033 /Volumes/perseus_1/CFHTLens_galphotmstar/W2p1m0_24galphotmstar.cat  /Users/perseus/Desktop/CFHTLenSmasks/W2p1m0_izrgu_finalmask_mosaic.fits 45 IRAC detir meds
python /Users/perseus/Dropbox/Davis_work/code/GOODCODE/weightinguniversal_overlap_sampling_nobeta_WFI2033rethought.py WFI2033 /Volumes/perseus_1/CFHTLens_galphotmstar/W2p1m1_24galphotmstar.cat  /Users/perseus/Desktop/CFHTLenSmasks/W2p1m1_izrgu_finalmask_mosaic.fits 45 IRAC detir meds

python /Users/perseus/Dropbox/Davis_work/code/GOODCODE/weightinguniversal_overlap_sampling_nobeta_WFI2033rethought.py WFI2033 /Volumes/perseus_1/CFHTLens_galphotmstar/W1p3m0_24galphotmstar.cat  /Users/perseus/Desktop/CFHTLenSmasks/W1p3m0_izrgu_finalmask_mosaic.fits 45 noIRAC detir meds
python /Users/perseus/Dropbox/Davis_work/code/GOODCODE/weightinguniversal_overlap_sampling_nobeta_WFI2033rethought.py WFI2033 /Volumes/perseus_1/CFHTLens_galphotmstar/W1p3m1_24galphotmstar.cat  /Users/perseus/Desktop/CFHTLenSmasks/W1p3m1_izrgu_finalmask_mosaic.fits 45 noIRAC detir meds
python /Users/perseus/Dropbox/Davis_work/code/GOODCODE/weightinguniversal_overlap_sampling_nobeta_WFI2033rethought.py WFI2033 /Volumes/perseus_1/CFHTLens_galphotmstar/W1p3m2_24galphotmstar.cat  /Users/perseus/Desktop/CFHTLenSmasks/W1p3m2_izrgu_finalmask_mosaic.fits 45 noIRAC detir meds
python /Users/perseus/Dropbox/Davis_work/code/GOODCODE/weightinguniversal_overlap_sampling_nobeta_WFI2033rethought.py WFI2033 /Volumes/perseus_1/CFHTLens_galphotmstar/W1p3m3_24galphotmstar.cat  /Users/perseus/Desktop/CFHTLenSmasks/W1p3m3_izrgu_finalmask_mosaic.fits 45 noIRAC detir meds
python /Users/perseus/Dropbox/Davis_work/code/GOODCODE/weightinguniversal_overlap_sampling_nobeta_WFI2033rethought.py WFI2033 /Volumes/perseus_1/CFHTLens_galphotmstar/W1p3m4_24galphotmstar.cat  /Users/perseus/Desktop/CFHTLenSmasks/W1p3m4_yzrgu_finalmask_mosaic.fits 45 noIRAC detir meds
python /Users/perseus/Dropbox/Davis_work/code/GOODCODE/weightinguniversal_overlap_sampling_nobeta_WFI2033rethought.py WFI2033 /Volumes/perseus_1/CFHTLens_galphotmstar/W1p3p1_24galphotmstar.cat  /Users/perseus/Desktop/CFHTLenSmasks/W1p3p1_yzrgu_finalmask_mosaic.fits 45 noIRAC detir meds
python /Users/perseus/Dropbox/Davis_work/code/GOODCODE/weightinguniversal_overlap_sampling_nobeta_WFI2033rethought.py WFI2033 /Volumes/perseus_1/CFHTLens_galphotmstar/W1p3p2_24galphotmstar.cat  /Users/perseus/Desktop/CFHTLenSmasks/W1p3p2_izrgu_finalmask_mosaic.fits 45 noIRAC detir meds
python /Users/perseus/Dropbox/Davis_work/code/GOODCODE/weightinguniversal_overlap_sampling_nobeta_WFI2033rethought.py WFI2033 /Volumes/perseus_1/CFHTLens_galphotmstar/W1p3p3_24galphotmstar.cat  /Users/perseus/Desktop/CFHTLenSmasks/W1p3p3_izrgu_finalmask_mosaic.fits 45 noIRAC detir meds
python /Users/perseus/Dropbox/Davis_work/code/GOODCODE/weightinguniversal_overlap_sampling_nobeta_WFI2033rethought.py WFI2033 /Volumes/perseus_1/CFHTLens_galphotmstar/W1p4m0_24galphotmstar.cat  /Users/perseus/Desktop/CFHTLenSmasks/W1p4m0_izrgu_finalmask_mosaic.fits 45 noIRAC detir meds
python /Users/perseus/Dropbox/Davis_work/code/GOODCODE/weightinguniversal_overlap_sampling_nobeta_WFI2033rethought.py WFI2033 /Volumes/perseus_1/CFHTLens_galphotmstar/W1p4m1_24galphotmstar.cat  /Users/perseus/Desktop/CFHTLenSmasks/W1p4m1_izrgu_finalmask_mosaic.fits 45 noIRAC detir meds
python /Users/perseus/Dropbox/Davis_work/code/GOODCODE/weightinguniversal_overlap_sampling_nobeta_WFI2033rethought.py WFI2033 /Volumes/perseus_1/CFHTLens_galphotmstar/W1p4m2_24galphotmstar.cat  /Users/perseus/Desktop/CFHTLenSmasks/W1p4m2_izrgu_finalmask_mosaic.fits 45 noIRAC detir meds
python /Users/perseus/Dropbox/Davis_work/code/GOODCODE/weightinguniversal_overlap_sampling_nobeta_WFI2033rethought.py WFI2033 /Volumes/perseus_1/CFHTLens_galphotmstar/W1p4m3_24galphotmstar.cat  /Users/perseus/Desktop/CFHTLenSmasks/W1p4m3_izrgu_finalmask_mosaic.fits 45 noIRAC detir meds
python /Users/perseus/Dropbox/Davis_work/code/GOODCODE/weightinguniversal_overlap_sampling_nobeta_WFI2033rethought.py WFI2033 /Volumes/perseus_1/CFHTLens_galphotmstar/W1p4m4_24galphotmstar.cat  /Users/perseus/Desktop/CFHTLenSmasks/W1p4m4_yzrgu_finalmask_mosaic.fits 45 noIRAC detir meds
python /Users/perseus/Dropbox/Davis_work/code/GOODCODE/weightinguniversal_overlap_sampling_nobeta_WFI2033rethought.py WFI2033 /Volumes/perseus_1/CFHTLens_galphotmstar/W1p4p1_24galphotmstar.cat  /Users/perseus/Desktop/CFHTLenSmasks/W1p4p1_izrgu_finalmask_mosaic.fits 45 noIRAC detir meds
python /Users/perseus/Dropbox/Davis_work/code/GOODCODE/weightinguniversal_overlap_sampling_nobeta_WFI2033rethought.py WFI2033 /Volumes/perseus_1/CFHTLens_galphotmstar/W1p4p2_24galphotmstar.cat  /Users/perseus/Desktop/CFHTLenSmasks/W1p4p2_izrgu_finalmask_mosaic.fits 45 noIRAC detir meds
python /Users/perseus/Dropbox/Davis_work/code/GOODCODE/weightinguniversal_overlap_sampling_nobeta_WFI2033rethought.py WFI2033 /Volumes/perseus_1/CFHTLens_galphotmstar/W1p4p3_24galphotmstar.cat  /Users/perseus/Desktop/CFHTLenSmasks/W1p4p3_izrgu_finalmask_mosaic.fits 45 noIRAC detir meds
python /Users/perseus/Dropbox/Davis_work/code/GOODCODE/weightinguniversal_overlap_sampling_nobeta_WFI2033rethought.py WFI2033 /Volumes/perseus_1/CFHTLens_galphotmstar/W2m0m0_24galphotmstar.cat  /Users/perseus/Desktop/CFHTLenSmasks/W2m0m0_izrgu_finalmask_mosaic.fits 45 noIRAC detir meds
python /Users/perseus/Dropbox/Davis_work/code/GOODCODE/weightinguniversal_overlap_sampling_nobeta_WFI2033rethought.py WFI2033 /Volumes/perseus_1/CFHTLens_galphotmstar/W2m0m1_24galphotmstar.cat  /Users/perseus/Desktop/CFHTLenSmasks/W2m0m1_izrgu_finalmask_mosaic.fits 45 noIRAC detir meds
python /Users/perseus/Dropbox/Davis_work/code/GOODCODE/weightinguniversal_overlap_sampling_nobeta_WFI2033rethought.py WFI2033 /Volumes/perseus_1/CFHTLens_galphotmstar/W2m0p1_24galphotmstar.cat  /Users/perseus/Desktop/CFHTLenSmasks/W2m0p1_izrgu_finalmask_mosaic.fits 45 noIRAC detir meds
python /Users/perseus/Dropbox/Davis_work/code/GOODCODE/weightinguniversal_overlap_sampling_nobeta_WFI2033rethought.py WFI2033 /Volumes/perseus_1/CFHTLens_galphotmstar/W2m0p2_24galphotmstar.cat  /Users/perseus/Desktop/CFHTLenSmasks/W2m0p2_izrgu_finalmask_mosaic.fits 45 noIRAC detir meds
python /Users/perseus/Dropbox/Davis_work/code/GOODCODE/weightinguniversal_overlap_sampling_nobeta_WFI2033rethought.py WFI2033 /Volumes/perseus_1/CFHTLens_galphotmstar/W2m0p3_24galphotmstar.cat  /Users/perseus/Desktop/CFHTLenSmasks/W2m0p3_izrgu_finalmask_mosaic.fits 45 noIRAC detir meds
python /Users/perseus/Dropbox/Davis_work/code/GOODCODE/weightinguniversal_overlap_sampling_nobeta_WFI2033rethought.py WFI2033 /Volumes/perseus_1/CFHTLens_galphotmstar/W2m1m0_24galphotmstar.cat  /Users/perseus/Desktop/CFHTLenSmasks/W2m1m0_izrgu_finalmask_mosaic.fits 45 noIRAC detir meds
python /Users/perseus/Dropbox/Davis_work/code/GOODCODE/weightinguniversal_overlap_sampling_nobeta_WFI2033rethought.py WFI2033 /Volumes/perseus_1/CFHTLens_galphotmstar/W2m1m1_24galphotmstar.cat  /Users/perseus/Desktop/CFHTLenSmasks/W2m1m1_izrgu_finalmask_mosaic.fits 45 noIRAC detir meds
python /Users/perseus/Dropbox/Davis_work/code/GOODCODE/weightinguniversal_overlap_sampling_nobeta_WFI2033rethought.py WFI2033 /Volumes/perseus_1/CFHTLens_galphotmstar/W2m1p1_24galphotmstar.cat  /Users/perseus/Desktop/CFHTLenSmasks/W2m1p1_izrgu_finalmask_mosaic.fits 45 noIRAC detir meds
python /Users/perseus/Dropbox/Davis_work/code/GOODCODE/weightinguniversal_overlap_sampling_nobeta_WFI2033rethought.py WFI2033 /Volumes/perseus_1/CFHTLens_galphotmstar/W2m1p2_24galphotmstar.cat  /Users/perseus/Desktop/CFHTLenSmasks/W2m1p2_izrgu_finalmask_mosaic.fits 45 noIRAC detir meds
python /Users/perseus/Dropbox/Davis_work/code/GOODCODE/weightinguniversal_overlap_sampling_nobeta_WFI2033rethought.py WFI2033 /Volumes/perseus_1/CFHTLens_galphotmstar/W2m1p3_24galphotmstar.cat  /Users/perseus/Desktop/CFHTLenSmasks/W2m1p3_izrgu_finalmask_mosaic.fits 45 noIRAC detir meds
python /Users/perseus/Dropbox/Davis_work/code/GOODCODE/weightinguniversal_overlap_sampling_nobeta_WFI2033rethought.py WFI2033 /Volumes/perseus_1/CFHTLens_galphotmstar/W2p1m0_24galphotmstar.cat  /Users/perseus/Desktop/CFHTLenSmasks/W2p1m0_izrgu_finalmask_mosaic.fits 45 noIRAC detir meds
python /Users/perseus/Dropbox/Davis_work/code/GOODCODE/weightinguniversal_overlap_sampling_nobeta_WFI2033rethought.py WFI2033 /Volumes/perseus_1/CFHTLens_galphotmstar/W2p1m1_24galphotmstar.cat  /Users/perseus/Desktop/CFHTLenSmasks/W2p1m1_izrgu_finalmask_mosaic.fits 45 noIRAC detir meds

