/Volumes/G-RAIDStudio/CFHTlens/W1m0m0_izrgu_finalmask_mosaic.fits
/Volumes/G-RAIDStudio/CFHTlens/W1m0m1_izrgu_finalmask_mosaic.fits
/Volumes/G-RAIDStudio/CFHTlens/W1m0m2_izrgu_finalmask_mosaic.fits
/Volumes/G-RAIDStudio/CFHTlens/W1m0m3_izrgu_finalmask_mosaic.fits
/Volumes/G-RAIDStudio/CFHTlens/W1m0m4_yzrgu_finalmask_mosaic.fits
/Volumes/G-RAIDStudio/CFHTlens/W1m0p1_izrgu_finalmask_mosaic.fits
/Volumes/G-RAIDStudio/CFHTlens/W1m0p2_izrgu_finalmask_mosaic.fits
/Volumes/G-RAIDStudio/CFHTlens/W1m0p3_izrgu_finalmask_mosaic.fits
/Volumes/G-RAIDStudio/CFHTlens/W1m1m0_izrgu_finalmask_mosaic.fits
/Volumes/G-RAIDStudio/CFHTlens/W1m1m1_izrgu_finalmask_mosaic.fits
/Volumes/G-RAIDStudio/CFHTlens/W1m1m2_izrgu_finalmask_mosaic.fits
/Volumes/G-RAIDStudio/CFHTlens/W1m1m3_izrgu_finalmask_mosaic.fits
/Volumes/G-RAIDStudio/CFHTlens/W1m1m4_yzrgu_finalmask_mosaic.fits
/Volumes/G-RAIDStudio/CFHTlens/W1m1p1_izrgu_finalmask_mosaic.fits
/Volumes/G-RAIDStudio/CFHTlens/W1m1p2_izrgu_finalmask_mosaic.fits
/Volumes/G-RAIDStudio/CFHTlens/W1m1p3_izrgu_finalmask_mosaic.fits
/Volumes/G-RAIDStudio/CFHTlens/W1m2m0_izrgu_finalmask_mosaic.fits
/Volumes/G-RAIDStudio/CFHTlens/W1m2m1_izrgu_finalmask_mosaic.fits
/Volumes/G-RAIDStudio/CFHTlens/W1m2m2_izrgu_finalmask_mosaic.fits
/Volumes/G-RAIDStudio/CFHTlens/W1m2m3_izrgu_finalmask_mosaic.fits
/Volumes/G-RAIDStudio/CFHTlens/W1m2m4_yzrgu_finalmask_mosaic.fits
/Volumes/G-RAIDStudio/CFHTlens/W1m2p1_izrgu_finalmask_mosaic.fits
/Volumes/G-RAIDStudio/CFHTlens/W1m2p2_izrgu_finalmask_mosaic.fits
/Volumes/G-RAIDStudio/CFHTlens/W1m2p3_izrgu_finalmask_mosaic.fits
/Volumes/G-RAIDStudio/CFHTlens/W1m3m0_izrgu_finalmask_mosaic.fits
/Volumes/G-RAIDStudio/CFHTlens/W1m3m1_izrgu_finalmask_mosaic.fits
/Volumes/G-RAIDStudio/CFHTlens/W1m3m2_izrgu_finalmask_mosaic.fits
/Volumes/G-RAIDStudio/CFHTlens/W1m3m3_izrgu_finalmask_mosaic.fits
/Volumes/G-RAIDStudio/CFHTlens/W1m3m4_yzrgu_finalmask_mosaic.fits
/Volumes/G-RAIDStudio/CFHTlens/W1m3p1_izrgu_finalmask_mosaic.fits
/Volumes/G-RAIDStudio/CFHTlens/W1m3p2_izrgu_finalmask_mosaic.fits
/Volumes/G-RAIDStudio/CFHTlens/W1m3p3_izrgu_finalmask_mosaic.fits
/Volumes/G-RAIDStudio/CFHTlens/W1m4m0_izrgu_finalmask_mosaic.fits
/Volumes/G-RAIDStudio/CFHTlens/W1m4m1_izrgu_finalmask_mosaic.fits
/Volumes/G-RAIDStudio/CFHTlens/W1m4m2_izrgu_finalmask_mosaic.fits
/Volumes/G-RAIDStudio/CFHTlens/W1m4m3_izrgu_finalmask_mosaic.fits
/Volumes/G-RAIDStudio/CFHTlens/W1m4m4_yzrgu_finalmask_mosaic.fits
/Volumes/G-RAIDStudio/CFHTlens/W1m4p1_izrgu_finalmask_mosaic.fits
/Volumes/G-RAIDStudio/CFHTlens/W1m4p2_izrgu_finalmask_mosaic.fits
/Volumes/G-RAIDStudio/CFHTlens/W1m4p3_izrgu_finalmask_mosaic.fits
/Volumes/G-RAIDStudio/CFHTlens/W1p1m0_izrgu_finalmask_mosaic.fits
/Volumes/G-RAIDStudio/CFHTlens/W1p1m1_izrgu_finalmask_mosaic.fits
/Volumes/G-RAIDStudio/CFHTlens/W1p1m2_izrgu_finalmask_mosaic.fits
/Volumes/G-RAIDStudio/CFHTlens/W1p1m3_izrgu_finalmask_mosaic.fits
/Volumes/G-RAIDStudio/CFHTlens/W1p1m4_yzrgu_finalmask_mosaic.fits
/Volumes/G-RAIDStudio/CFHTlens/W1p1p1_yzrgu_finalmask_mosaic.fits
/Volumes/G-RAIDStudio/CFHTlens/W1p1p2_izrgu_finalmask_mosaic.fits
/Volumes/G-RAIDStudio/CFHTlens/W1p1p3_izrgu_finalmask_mosaic.fits
/Volumes/G-RAIDStudio/CFHTlens/W1p2m0_izrgu_finalmask_mosaic.fits
/Volumes/G-RAIDStudio/CFHTlens/W1p2m1_izrgu_finalmask_mosaic.fits
/Volumes/G-RAIDStudio/CFHTlens/W1p2m2_izrgu_finalmask_mosaic.fits
/Volumes/G-RAIDStudio/CFHTlens/W1p2m3_izrgu_finalmask_mosaic.fits
/Volumes/G-RAIDStudio/CFHTlens/W1p2m4_yzrgu_finalmask_mosaic.fits
/Volumes/G-RAIDStudio/CFHTlens/W1p2p1_izrgu_finalmask_mosaic.fits
/Volumes/G-RAIDStudio/CFHTlens/W1p2p2_izrgu_finalmask_mosaic.fits
/Volumes/G-RAIDStudio/CFHTlens/W1p2p3_izrgu_finalmask_mosaic.fits
/Volumes/G-RAIDStudio/CFHTlens/W1p3m0_izrgu_finalmask_mosaic.fits
/Volumes/G-RAIDStudio/CFHTlens/W1p3m1_izrgu_finalmask_mosaic.fits
/Volumes/G-RAIDStudio/CFHTlens/W1p3m2_izrgu_finalmask_mosaic.fits
/Volumes/G-RAIDStudio/CFHTlens/W1p3m3_izrgu_finalmask_mosaic.fits
/Volumes/G-RAIDStudio/CFHTlens/W1p3m4_yzrgu_finalmask_mosaic.fits
/Volumes/G-RAIDStudio/CFHTlens/W1p3p1_yzrgu_finalmask_mosaic.fits
/Volumes/G-RAIDStudio/CFHTlens/W1p3p2_izrgu_finalmask_mosaic.fits
/Volumes/G-RAIDStudio/CFHTlens/W1p3p3_izrgu_finalmask_mosaic.fits
/Volumes/G-RAIDStudio/CFHTlens/W1p4m0_izrgu_finalmask_mosaic.fits
/Volumes/G-RAIDStudio/CFHTlens/W1p4m1_izrgu_finalmask_mosaic.fits
/Volumes/G-RAIDStudio/CFHTlens/W1p4m2_izrgu_finalmask_mosaic.fits
/Volumes/G-RAIDStudio/CFHTlens/W1p4m3_izrgu_finalmask_mosaic.fits
/Volumes/G-RAIDStudio/CFHTlens/W1p4m4_yzrgu_finalmask_mosaic.fits
/Volumes/G-RAIDStudio/CFHTlens/W1p4p1_izrgu_finalmask_mosaic.fits
/Volumes/G-RAIDStudio/CFHTlens/W1p4p2_izrgu_finalmask_mosaic.fits
/Volumes/G-RAIDStudio/CFHTlens/W1p4p3_izrgu_finalmask_mosaic.fits
/Volumes/G-RAIDStudio/CFHTlens/W2m0m0_izrgu_finalmask_mosaic.fits
/Volumes/G-RAIDStudio/CFHTlens/W2m0m1_izrgu_finalmask_mosaic.fits
/Volumes/G-RAIDStudio/CFHTlens/W2m0p1_izrgu_finalmask_mosaic.fits
/Volumes/G-RAIDStudio/CFHTlens/W2m0p2_izrgu_finalmask_mosaic.fits
/Volumes/G-RAIDStudio/CFHTlens/W2m0p3_izrgu_finalmask_mosaic.fits
/Volumes/G-RAIDStudio/CFHTlens/W2m1m0_izrgu_finalmask_mosaic.fits
/Volumes/G-RAIDStudio/CFHTlens/W2m1m1_izrgu_finalmask_mosaic.fits
/Volumes/G-RAIDStudio/CFHTlens/W2m1p1_izrgu_finalmask_mosaic.fits
/Volumes/G-RAIDStudio/CFHTlens/W2m1p2_izrgu_finalmask_mosaic.fits
/Volumes/G-RAIDStudio/CFHTlens/W2m1p3_izrgu_finalmask_mosaic.fits
/Volumes/G-RAIDStudio/CFHTlens/W2p1m0_izrgu_finalmask_mosaic.fits
/Volumes/G-RAIDStudio/CFHTlens/W2p1m1_izrgu_finalmask_mosaic.fits
/Volumes/G-RAIDStudio/CFHTlens/W2p1p1_izrgu_finalmask_mosaic.fits
/Volumes/G-RAIDStudio/CFHTlens/W2p1p2_izrgu_finalmask_mosaic.fits
/Volumes/G-RAIDStudio/CFHTlens/W2p1p3_izrgu_finalmask_mosaic.fits
/Volumes/G-RAIDStudio/CFHTlens/W2p2m0_izrgu_finalmask_mosaic.fits
/Volumes/G-RAIDStudio/CFHTlens/W2p2m1_izrgu_finalmask_mosaic.fits
/Volumes/G-RAIDStudio/CFHTlens/W2p2p1_izrgu_finalmask_mosaic.fits
/Volumes/G-RAIDStudio/CFHTlens/W2p2p2_izrgu_finalmask_mosaic.fits
/Volumes/G-RAIDStudio/CFHTlens/W2p2p3_izrgu_finalmask_mosaic.fits
/Volumes/G-RAIDStudio/CFHTlens/W2p3m0_izrgu_finalmask_mosaic.fits
/Volumes/G-RAIDStudio/CFHTlens/W2p3m1_izrgu_finalmask_mosaic.fits
/Volumes/G-RAIDStudio/CFHTlens/W2p3p1_izrgu_finalmask_mosaic.fits
/Volumes/G-RAIDStudio/CFHTlens/W2p3p2_izrgu_finalmask_mosaic.fits
/Volumes/G-RAIDStudio/CFHTlens/W2p3p3_izrgu_finalmask_mosaic.fits
/Volumes/G-RAIDStudio/CFHTlens/W3m0m0_izrgu_finalmask_mosaic.fits
/Volumes/G-RAIDStudio/CFHTlens/W3m0m1_yzrgu_finalmask_mosaic.fits
/Volumes/G-RAIDStudio/CFHTlens/W3m0m2_izrgu_finalmask_mosaic.fits
/Volumes/G-RAIDStudio/CFHTlens/W3m0m3_izrgu_finalmask_mosaic.fits
/Volumes/G-RAIDStudio/CFHTlens/W3m0p1_izrgu_finalmask_mosaic.fits
/Volumes/G-RAIDStudio/CFHTlens/W3m0p2_izrgu_finalmask_mosaic.fits
/Volumes/G-RAIDStudio/CFHTlens/W3m0p3_izrgu_finalmask_mosaic.fits
/Volumes/G-RAIDStudio/CFHTlens/W3m1m0_izrgu_finalmask_mosaic.fits
/Volumes/G-RAIDStudio/CFHTlens/W3m1m1_izrgu_finalmask_mosaic.fits
/Volumes/G-RAIDStudio/CFHTlens/W3m1m2_izrgu_finalmask_mosaic.fits
/Volumes/G-RAIDStudio/CFHTlens/W3m1m3_izrgu_finalmask_mosaic.fits
/Volumes/G-RAIDStudio/CFHTlens/W3m1p1_izrgu_finalmask_mosaic.fits
/Volumes/G-RAIDStudio/CFHTlens/W3m1p2_izrgu_finalmask_mosaic.fits
/Volumes/G-RAIDStudio/CFHTlens/W3m1p3_izrgu_finalmask_mosaic.fits
/Volumes/G-RAIDStudio/CFHTlens/W3m2m0_izrgu_finalmask_mosaic.fits
/Volumes/G-RAIDStudio/CFHTlens/W3m2m1_yzrgu_finalmask_mosaic.fits
/Volumes/G-RAIDStudio/CFHTlens/W3m2m2_izrgu_finalmask_mosaic.fits
/Volumes/G-RAIDStudio/CFHTlens/W3m2m3_izrgu_finalmask_mosaic.fits
/Volumes/G-RAIDStudio/CFHTlens/W3m2p1_yzrgu_finalmask_mosaic.fits
/Volumes/G-RAIDStudio/CFHTlens/W3m2p2_izrgu_finalmask_mosaic.fits
/Volumes/G-RAIDStudio/CFHTlens/W3m2p3_izrgu_finalmask_mosaic.fits
/Volumes/G-RAIDStudio/CFHTlens/W3m3m0_izrgu_finalmask_mosaic.fits
/Volumes/G-RAIDStudio/CFHTlens/W3m3m1_izrgu_finalmask_mosaic.fits
/Volumes/G-RAIDStudio/CFHTlens/W3m3m2_izrgu_finalmask_mosaic.fits
/Volumes/G-RAIDStudio/CFHTlens/W3m3m3_izrgu_finalmask_mosaic.fits
/Volumes/G-RAIDStudio/CFHTlens/W3m3p1_izrgu_finalmask_mosaic.fits
/Volumes/G-RAIDStudio/CFHTlens/W3m3p2_izrgu_finalmask_mosaic.fits
/Volumes/G-RAIDStudio/CFHTlens/W3m3p3_izrgu_finalmask_mosaic.fits
/Volumes/G-RAIDStudio/CFHTlens/W3p1m0_izrgu_finalmask_mosaic.fits
/Volumes/G-RAIDStudio/CFHTlens/W3p1m1_izrgu_finalmask_mosaic.fits
/Volumes/G-RAIDStudio/CFHTlens/W3p1m2_izrgu_finalmask_mosaic.fits
/Volumes/G-RAIDStudio/CFHTlens/W3p1m3_izrgu_finalmask_mosaic.fits
/Volumes/G-RAIDStudio/CFHTlens/W3p1p1_izrgu_finalmask_mosaic.fits
/Volumes/G-RAIDStudio/CFHTlens/W3p1p2_izrgu_finalmask_mosaic.fits
/Volumes/G-RAIDStudio/CFHTlens/W3p1p3_izrgu_finalmask_mosaic.fits
/Volumes/G-RAIDStudio/CFHTlens/W3p2m0_izrgu_finalmask_mosaic.fits
/Volumes/G-RAIDStudio/CFHTlens/W3p2m1_izrgu_finalmask_mosaic.fits
/Volumes/G-RAIDStudio/CFHTlens/W3p2m2_izrgu_finalmask_mosaic.fits
/Volumes/G-RAIDStudio/CFHTlens/W3p2m3_yzrgu_finalmask_mosaic.fits
/Volumes/G-RAIDStudio/CFHTlens/W3p2p1_izrgu_finalmask_mosaic.fits
/Volumes/G-RAIDStudio/CFHTlens/W3p2p2_izrgu_finalmask_mosaic.fits
/Volumes/G-RAIDStudio/CFHTlens/W3p2p3_izrgu_finalmask_mosaic.fits
/Volumes/G-RAIDStudio/CFHTlens/W3p3m0_izrgu_finalmask_mosaic.fits
/Volumes/G-RAIDStudio/CFHTlens/W3p3m1_izrgu_finalmask_mosaic.fits
/Volumes/G-RAIDStudio/CFHTlens/W3p3m2_izrgu_finalmask_mosaic.fits
/Volumes/G-RAIDStudio/CFHTlens/W3p3m3_izrgu_finalmask_mosaic.fits
/Volumes/G-RAIDStudio/CFHTlens/W3p3p1_izrgu_finalmask_mosaic.fits
/Volumes/G-RAIDStudio/CFHTlens/W3p3p2_izrgu_finalmask_mosaic.fits
/Volumes/G-RAIDStudio/CFHTlens/W3p3p3_izrgu_finalmask_mosaic.fits
/Volumes/G-RAIDStudio/CFHTlens/W4m0m0_izrgu_finalmask_mosaic.fits
/Volumes/G-RAIDStudio/CFHTlens/W4m0m1_izrgu_finalmask_mosaic.fits
/Volumes/G-RAIDStudio/CFHTlens/W4m0m2_izrgu_finalmask_mosaic.fits
/Volumes/G-RAIDStudio/CFHTlens/W4m0p1_izrgu_finalmask_mosaic.fits
/Volumes/G-RAIDStudio/CFHTlens/W4m1m0_izrgu_finalmask_mosaic.fits
/Volumes/G-RAIDStudio/CFHTlens/W4m1m1_izrgu_finalmask_mosaic.fits
/Volumes/G-RAIDStudio/CFHTlens/W4m1m2_izrgu_finalmask_mosaic.fits
/Volumes/G-RAIDStudio/CFHTlens/W4m1p1_yzrgu_finalmask_mosaic.fits
/Volumes/G-RAIDStudio/CFHTlens/W4m1p2_yzrgu_finalmask_mosaic.fits
/Volumes/G-RAIDStudio/CFHTlens/W4m1p3_yzrgu_finalmask_mosaic.fits
/Volumes/G-RAIDStudio/CFHTlens/W4m2m0_izrgu_finalmask_mosaic.fits
/Volumes/G-RAIDStudio/CFHTlens/W4m2p1_izrgu_finalmask_mosaic.fits
/Volumes/G-RAIDStudio/CFHTlens/W4m2p2_yzrgu_finalmask_mosaic.fits
/Volumes/G-RAIDStudio/CFHTlens/W4m2p3_yzrgu_finalmask_mosaic.fits
/Volumes/G-RAIDStudio/CFHTlens/W4m3m0_izrgu_finalmask_mosaic.fits
/Volumes/G-RAIDStudio/CFHTlens/W4m3p1_izrgu_finalmask_mosaic.fits
/Volumes/G-RAIDStudio/CFHTlens/W4m3p2_izrgu_finalmask_mosaic.fits
/Volumes/G-RAIDStudio/CFHTlens/W4m3p3_yzrgu_finalmask_mosaic.fits
/Volumes/G-RAIDStudio/CFHTlens/W4p1m0_izrgu_finalmask_mosaic.fits
/Volumes/G-RAIDStudio/CFHTlens/W4p1m1_izrgu_finalmask_mosaic.fits
/Volumes/G-RAIDStudio/CFHTlens/W4p1m2_izrgu_finalmask_mosaic.fits
/Volumes/G-RAIDStudio/CFHTlens/W4p1p1_izrgu_finalmask_mosaic.fits
/Volumes/G-RAIDStudio/CFHTlens/W4p2m0_izrgu_finalmask_mosaic.fits
/Volumes/G-RAIDStudio/CFHTlens/W4p2m1_izrgu_finalmask_mosaic.fits
/Volumes/G-RAIDStudio/CFHTlens/W4p2m2_izrgu_finalmask_mosaic.fits
